[2026-05-21 02:35:06,444] INFO stage3.gemma3-12b.metamathqa-10k.relora_baseline - START stage3 model=/mnt/cpfs/junlongke/onlinelora/models/gemma-3-12b-it dataset=metamathqa-10k method=relora_baseline out=/mnt/cpfs/junlongke/onlinelora/lora_obd/results/stage3_v2/gemma3-12b/metamathqa-10k/relora_baseline/seed42
[2026-05-21 02:35:08,393] INFO stage3.gemma3-12b.metamathqa-10k.relora_baseline - tokenizer loaded in 1.1s, vocab=262144
[2026-05-21 02:35:08,393] INFO stage3.gemma3-12b.metamathqa-10k.relora_baseline - loading MetaMathQA from /mnt/cpfs/junlongke/onlinelora/datasets/MetaMathQA
[2026-05-21 02:35:09,741] INFO stage3.gemma3-12b.metamathqa-10k.relora_baseline - metamathqa train=10000 val=500
[2026-05-21 02:35:13,725] INFO stage3.gemma3-12b.metamathqa-10k.relora_baseline - metamathqa tokenized: train 10000 val 500
[2026-05-21 02:35:14,015] INFO stage3.gemma3-12b.metamathqa-10k.relora_baseline - data prepared in 5.6s
[2026-05-21 02:35:22,169] INFO stage3.gemma3-12b.metamathqa-10k.relora_baseline - model loaded in 8.2s
[2026-05-21 02:35:30,208] INFO stage3.gemma3-12b.metamathqa-10k.relora_baseline - #LoRA layers=417 #components=6672
[2026-05-21 02:35:30,216] INFO stage3.gemma3-12b.metamathqa-10k.relora_baseline - #trainable params=68.46M
[2026-05-21 02:35:45,209] INFO stage3.gemma3-12b.metamathqa-10k.relora_baseline - [step 0] mean_ER=1515.00 mean_CN=1.01e+06 (sampled 8 layers)
[2026-05-21 02:35:45,210] INFO stage3.gemma3-12b.metamathqa-10k.relora_baseline - merge events scheduled at: [500, 1000, 1500, 2000, 2500, 3000]
[2026-05-21 02:39:38,331] INFO stage3.gemma3-12b.metamathqa-10k.relora_baseline - step=25/3000 train_loss=0.9509 lr=5.00e-05 elapsed=233s
[2026-05-21 02:43:34,035] INFO stage3.gemma3-12b.metamathqa-10k.relora_baseline - step=50/3000 train_loss=0.2984 lr=1.00e-04 elapsed=469s
[2026-05-21 02:43:34,868] INFO stage3.gemma3-12b.metamathqa-10k.relora_baseline - periodic ckpt saved: /mnt/cpfs/junlongke/onlinelora/lora_obd/results/stage3_v2/gemma3-12b/metamathqa-10k/relora_baseline/seed42/checkpoints/step_000050
[2026-05-21 02:47:32,689] INFO stage3.gemma3-12b.metamathqa-10k.relora_baseline - step=75/3000 train_loss=0.2217 lr=1.50e-04 elapsed=707s
[2026-05-21 02:51:24,723] INFO stage3.gemma3-12b.metamathqa-10k.relora_baseline - step=100/3000 train_loss=0.2076 lr=2.00e-04 elapsed=939s
[2026-05-21 02:51:25,511] INFO stage3.gemma3-12b.metamathqa-10k.relora_baseline - periodic ckpt saved: /mnt/cpfs/junlongke/onlinelora/lora_obd/results/stage3_v2/gemma3-12b/metamathqa-10k/relora_baseline/seed42/checkpoints/step_000100
[2026-05-21 02:55:26,285] INFO stage3.gemma3-12b.metamathqa-10k.relora_baseline - step=125/3000 train_loss=0.1856 lr=2.00e-04 elapsed=1181s
[2026-05-21 02:59:25,138] INFO stage3.gemma3-12b.metamathqa-10k.relora_baseline - step=150/3000 train_loss=0.1860 lr=2.00e-04 elapsed=1420s
[2026-05-21 02:59:25,945] INFO stage3.gemma3-12b.metamathqa-10k.relora_baseline - periodic ckpt saved: /mnt/cpfs/junlongke/onlinelora/lora_obd/results/stage3_v2/gemma3-12b/metamathqa-10k/relora_baseline/seed42/checkpoints/step_000150
[2026-05-21 03:03:26,337] INFO stage3.gemma3-12b.metamathqa-10k.relora_baseline - step=175/3000 train_loss=0.1825 lr=2.00e-04 elapsed=1661s
[2026-05-21 03:07:27,593] INFO stage3.gemma3-12b.metamathqa-10k.relora_baseline - step=200/3000 train_loss=0.1777 lr=1.99e-04 elapsed=1902s
[2026-05-21 03:07:28,446] INFO stage3.gemma3-12b.metamathqa-10k.relora_baseline - periodic ckpt saved: /mnt/cpfs/junlongke/onlinelora/lora_obd/results/stage3_v2/gemma3-12b/metamathqa-10k/relora_baseline/seed42/checkpoints/step_000200
[2026-05-21 03:11:35,489] INFO stage3.gemma3-12b.metamathqa-10k.relora_baseline - step=225/3000 train_loss=0.1778 lr=1.99e-04 elapsed=2150s
[2026-05-21 03:15:29,223] INFO stage3.gemma3-12b.metamathqa-10k.relora_baseline - step=250/3000 train_loss=0.1698 lr=1.99e-04 elapsed=2384s
[2026-05-21 03:15:30,006] INFO stage3.gemma3-12b.metamathqa-10k.relora_baseline - periodic ckpt saved: /mnt/cpfs/junlongke/onlinelora/lora_obd/results/stage3_v2/gemma3-12b/metamathqa-10k/relora_baseline/seed42/checkpoints/step_000250
[2026-05-21 03:16:25,579] INFO stage3.gemma3-12b.metamathqa-10k.relora_baseline - step=250 VAL_LOSS=0.1717
[2026-05-21 03:16:26,332] INFO stage3.gemma3-12b.metamathqa-10k.relora_baseline - best ckpt updated: step=250 val_loss=0.1717
[2026-05-21 03:20:20,139] INFO stage3.gemma3-12b.metamathqa-10k.relora_baseline - step=275/3000 train_loss=0.1673 lr=1.98e-04 elapsed=2675s
[2026-05-21 03:24:18,454] INFO stage3.gemma3-12b.metamathqa-10k.relora_baseline - step=300/3000 train_loss=0.1751 lr=1.98e-04 elapsed=2913s
[2026-05-21 03:24:19,477] INFO stage3.gemma3-12b.metamathqa-10k.relora_baseline - periodic ckpt saved: /mnt/cpfs/junlongke/onlinelora/lora_obd/results/stage3_v2/gemma3-12b/metamathqa-10k/relora_baseline/seed42/checkpoints/step_000300
[2026-05-21 03:28:22,913] INFO stage3.gemma3-12b.metamathqa-10k.relora_baseline - step=325/3000 train_loss=0.1511 lr=1.97e-04 elapsed=3158s
[2026-05-21 03:32:25,230] INFO stage3.gemma3-12b.metamathqa-10k.relora_baseline - step=350/3000 train_loss=0.1407 lr=1.96e-04 elapsed=3400s
[2026-05-21 03:32:26,011] INFO stage3.gemma3-12b.metamathqa-10k.relora_baseline - periodic ckpt saved: /mnt/cpfs/junlongke/onlinelora/lora_obd/results/stage3_v2/gemma3-12b/metamathqa-10k/relora_baseline/seed42/checkpoints/step_000350
[2026-05-21 03:36:22,384] INFO stage3.gemma3-12b.metamathqa-10k.relora_baseline - step=375/3000 train_loss=0.1383 lr=1.96e-04 elapsed=3637s
[2026-05-21 03:40:22,749] INFO stage3.gemma3-12b.metamathqa-10k.relora_baseline - step=400/3000 train_loss=0.1411 lr=1.95e-04 elapsed=3878s
[2026-05-21 03:40:23,490] INFO stage3.gemma3-12b.metamathqa-10k.relora_baseline - periodic ckpt saved: /mnt/cpfs/junlongke/onlinelora/lora_obd/results/stage3_v2/gemma3-12b/metamathqa-10k/relora_baseline/seed42/checkpoints/step_000400
[2026-05-21 03:44:27,804] INFO stage3.gemma3-12b.metamathqa-10k.relora_baseline - step=425/3000 train_loss=0.1407 lr=1.94e-04 elapsed=4123s
[2026-05-21 03:48:16,011] INFO stage3.gemma3-12b.metamathqa-10k.relora_baseline - step=450/3000 train_loss=0.1448 lr=1.93e-04 elapsed=4351s
[2026-05-21 03:48:17,037] INFO stage3.gemma3-12b.metamathqa-10k.relora_baseline - periodic ckpt saved: /mnt/cpfs/junlongke/onlinelora/lora_obd/results/stage3_v2/gemma3-12b/metamathqa-10k/relora_baseline/seed42/checkpoints/step_000450
[2026-05-21 03:52:05,212] INFO stage3.gemma3-12b.metamathqa-10k.relora_baseline - step=475/3000 train_loss=0.1373 lr=1.92e-04 elapsed=4580s
[2026-05-21 03:56:00,432] INFO stage3.gemma3-12b.metamathqa-10k.relora_baseline - step=500/3000 train_loss=0.1416 lr=1.91e-04 elapsed=4815s
[2026-05-21 03:56:01,230] INFO stage3.gemma3-12b.metamathqa-10k.relora_baseline - periodic ckpt saved: /mnt/cpfs/junlongke/onlinelora/lora_obd/results/stage3_v2/gemma3-12b/metamathqa-10k/relora_baseline/seed42/checkpoints/step_000500
[2026-05-21 03:56:56,872] INFO stage3.gemma3-12b.metamathqa-10k.relora_baseline - step=500 VAL_LOSS=0.1711
[2026-05-21 03:56:57,637] INFO stage3.gemma3-12b.metamathqa-10k.relora_baseline - best ckpt updated: step=500 val_loss=0.1711
[2026-05-21 03:57:08,720] INFO stage3.gemma3-12b.metamathqa-10k.relora_baseline - step=500 mean_ER=1515.11 mean_CN=1.01e+06
[2026-05-21 03:57:08,721] INFO stage3.gemma3-12b.metamathqa-10k.relora_baseline - === MERGE EVENT 1 at step 500 (method=relora_baseline) ===
[2026-05-21 03:57:09,216] INFO stage3.gemma3-12b.metamathqa-10k.relora_baseline - merge: total=6672 kept=6672 drop_rate=0.000
[2026-05-21 03:58:15,732] INFO stage3.gemma3-12b.metamathqa-10k.relora_baseline - step=500 POST-MERGE VAL_LOSS=0.1710 (first_eval=0.17174239188432694)
[2026-05-21 04:02:08,476] INFO stage3.gemma3-12b.metamathqa-10k.relora_baseline - step=525/3000 train_loss=0.1406 lr=5.00e-05 elapsed=5183s
[2026-05-21 04:06:04,244] INFO stage3.gemma3-12b.metamathqa-10k.relora_baseline - step=550/3000 train_loss=0.1330 lr=1.00e-04 elapsed=5419s
[2026-05-21 04:06:05,013] INFO stage3.gemma3-12b.metamathqa-10k.relora_baseline - periodic ckpt saved: /mnt/cpfs/junlongke/onlinelora/lora_obd/results/stage3_v2/gemma3-12b/metamathqa-10k/relora_baseline/seed42/checkpoints/step_000550
[2026-05-21 04:10:10,420] INFO stage3.gemma3-12b.metamathqa-10k.relora_baseline - step=575/3000 train_loss=0.1403 lr=1.50e-04 elapsed=5665s
[2026-05-21 04:14:09,023] INFO stage3.gemma3-12b.metamathqa-10k.relora_baseline - step=600/3000 train_loss=0.1405 lr=2.00e-04 elapsed=5904s
[2026-05-21 04:14:09,833] INFO stage3.gemma3-12b.metamathqa-10k.relora_baseline - periodic ckpt saved: /mnt/cpfs/junlongke/onlinelora/lora_obd/results/stage3_v2/gemma3-12b/metamathqa-10k/relora_baseline/seed42/checkpoints/step_000600
[2026-05-21 04:18:11,918] INFO stage3.gemma3-12b.metamathqa-10k.relora_baseline - step=625/3000 train_loss=0.1322 lr=2.00e-04 elapsed=6147s
[2026-05-21 04:22:10,920] INFO stage3.gemma3-12b.metamathqa-10k.relora_baseline - step=650/3000 train_loss=0.1003 lr=2.00e-04 elapsed=6386s
[2026-05-21 04:22:11,728] INFO stage3.gemma3-12b.metamathqa-10k.relora_baseline - periodic ckpt saved: /mnt/cpfs/junlongke/onlinelora/lora_obd/results/stage3_v2/gemma3-12b/metamathqa-10k/relora_baseline/seed42/checkpoints/step_000650
[2026-05-21 04:26:06,065] INFO stage3.gemma3-12b.metamathqa-10k.relora_baseline - step=675/3000 train_loss=0.0960 lr=2.00e-04 elapsed=6621s
[2026-05-21 04:30:04,039] INFO stage3.gemma3-12b.metamathqa-10k.relora_baseline - step=700/3000 train_loss=0.0975 lr=1.99e-04 elapsed=6859s
[2026-05-21 04:30:04,950] INFO stage3.gemma3-12b.metamathqa-10k.relora_baseline - periodic ckpt saved: /mnt/cpfs/junlongke/onlinelora/lora_obd/results/stage3_v2/gemma3-12b/metamathqa-10k/relora_baseline/seed42/checkpoints/step_000700
[2026-05-21 04:34:11,603] INFO stage3.gemma3-12b.metamathqa-10k.relora_baseline - step=725/3000 train_loss=0.0953 lr=1.99e-04 elapsed=7106s
[2026-05-21 04:38:13,412] INFO stage3.gemma3-12b.metamathqa-10k.relora_baseline - step=750/3000 train_loss=0.0966 lr=1.98e-04 elapsed=7348s
[2026-05-21 04:38:14,213] INFO stage3.gemma3-12b.metamathqa-10k.relora_baseline - periodic ckpt saved: /mnt/cpfs/junlongke/onlinelora/lora_obd/results/stage3_v2/gemma3-12b/metamathqa-10k/relora_baseline/seed42/checkpoints/step_000750
[2026-05-21 04:39:10,958] INFO stage3.gemma3-12b.metamathqa-10k.relora_baseline - step=750 VAL_LOSS=0.1779
[2026-05-21 04:43:09,102] INFO stage3.gemma3-12b.metamathqa-10k.relora_baseline - step=775/3000 train_loss=0.1016 lr=1.97e-04 elapsed=7644s
[2026-05-21 04:47:11,833] INFO stage3.gemma3-12b.metamathqa-10k.relora_baseline - step=800/3000 train_loss=0.1007 lr=1.97e-04 elapsed=7887s
[2026-05-21 04:47:12,741] INFO stage3.gemma3-12b.metamathqa-10k.relora_baseline - periodic ckpt saved: /mnt/cpfs/junlongke/onlinelora/lora_obd/results/stage3_v2/gemma3-12b/metamathqa-10k/relora_baseline/seed42/checkpoints/step_000800
[2026-05-21 04:50:58,009] INFO stage3.gemma3-12b.metamathqa-10k.relora_baseline - step=825/3000 train_loss=0.0940 lr=1.96e-04 elapsed=8113s
[2026-05-21 04:55:01,270] INFO stage3.gemma3-12b.metamathqa-10k.relora_baseline - step=850/3000 train_loss=0.0968 lr=1.95e-04 elapsed=8356s
[2026-05-21 04:55:02,164] INFO stage3.gemma3-12b.metamathqa-10k.relora_baseline - periodic ckpt saved: /mnt/cpfs/junlongke/onlinelora/lora_obd/results/stage3_v2/gemma3-12b/metamathqa-10k/relora_baseline/seed42/checkpoints/step_000850
[2026-05-21 04:58:58,105] INFO stage3.gemma3-12b.metamathqa-10k.relora_baseline - step=875/3000 train_loss=0.0988 lr=1.94e-04 elapsed=8593s
[2026-05-21 05:02:58,534] INFO stage3.gemma3-12b.metamathqa-10k.relora_baseline - step=900/3000 train_loss=0.0984 lr=1.92e-04 elapsed=8833s
[2026-05-21 05:02:59,399] INFO stage3.gemma3-12b.metamathqa-10k.relora_baseline - periodic ckpt saved: /mnt/cpfs/junlongke/onlinelora/lora_obd/results/stage3_v2/gemma3-12b/metamathqa-10k/relora_baseline/seed42/checkpoints/step_000900
[2026-05-21 05:06:48,506] INFO stage3.gemma3-12b.metamathqa-10k.relora_baseline - step=925/3000 train_loss=0.1025 lr=1.91e-04 elapsed=9063s
[2026-05-21 05:10:43,977] INFO stage3.gemma3-12b.metamathqa-10k.relora_baseline - step=950/3000 train_loss=0.0806 lr=1.90e-04 elapsed=9299s
[2026-05-21 05:10:44,833] INFO stage3.gemma3-12b.metamathqa-10k.relora_baseline - periodic ckpt saved: /mnt/cpfs/junlongke/onlinelora/lora_obd/results/stage3_v2/gemma3-12b/metamathqa-10k/relora_baseline/seed42/checkpoints/step_000950
[2026-05-21 05:14:44,606] INFO stage3.gemma3-12b.metamathqa-10k.relora_baseline - step=975/3000 train_loss=0.0617 lr=1.88e-04 elapsed=9539s
[2026-05-21 05:18:38,798] INFO stage3.gemma3-12b.metamathqa-10k.relora_baseline - step=1000/3000 train_loss=0.0602 lr=1.87e-04 elapsed=9774s
[2026-05-21 05:18:39,693] INFO stage3.gemma3-12b.metamathqa-10k.relora_baseline - periodic ckpt saved: /mnt/cpfs/junlongke/onlinelora/lora_obd/results/stage3_v2/gemma3-12b/metamathqa-10k/relora_baseline/seed42/checkpoints/step_001000
[2026-05-21 05:19:36,829] INFO stage3.gemma3-12b.metamathqa-10k.relora_baseline - step=1000 VAL_LOSS=0.2248
[2026-05-21 05:19:47,873] INFO stage3.gemma3-12b.metamathqa-10k.relora_baseline - step=1000 mean_ER=1515.25 mean_CN=1.01e+06
[2026-05-21 05:19:47,873] INFO stage3.gemma3-12b.metamathqa-10k.relora_baseline - === MERGE EVENT 2 at step 1000 (method=relora_baseline) ===
[2026-05-21 05:19:48,136] INFO stage3.gemma3-12b.metamathqa-10k.relora_baseline - merge: total=6672 kept=6672 drop_rate=0.000
[2026-05-21 05:20:56,098] INFO stage3.gemma3-12b.metamathqa-10k.relora_baseline - step=1000 POST-MERGE VAL_LOSS=0.2248 (first_eval=0.17174239188432694)
[2026-05-21 05:24:53,388] INFO stage3.gemma3-12b.metamathqa-10k.relora_baseline - step=1025/3000 train_loss=0.0600 lr=5.00e-05 elapsed=10148s
[2026-05-21 05:28:49,848] INFO stage3.gemma3-12b.metamathqa-10k.relora_baseline - step=1050/3000 train_loss=0.0588 lr=1.00e-04 elapsed=10385s
[2026-05-21 05:28:50,711] INFO stage3.gemma3-12b.metamathqa-10k.relora_baseline - periodic ckpt saved: /mnt/cpfs/junlongke/onlinelora/lora_obd/results/stage3_v2/gemma3-12b/metamathqa-10k/relora_baseline/seed42/checkpoints/step_001050
[2026-05-21 05:32:47,522] INFO stage3.gemma3-12b.metamathqa-10k.relora_baseline - step=1075/3000 train_loss=0.0596 lr=1.50e-04 elapsed=10622s
[2026-05-21 05:36:57,297] INFO stage3.gemma3-12b.metamathqa-10k.relora_baseline - step=1100/3000 train_loss=0.0626 lr=2.00e-04 elapsed=10872s
[2026-05-21 05:36:58,126] INFO stage3.gemma3-12b.metamathqa-10k.relora_baseline - periodic ckpt saved: /mnt/cpfs/junlongke/onlinelora/lora_obd/results/stage3_v2/gemma3-12b/metamathqa-10k/relora_baseline/seed42/checkpoints/step_001100
[2026-05-21 05:41:04,012] INFO stage3.gemma3-12b.metamathqa-10k.relora_baseline - step=1125/3000 train_loss=0.0604 lr=2.00e-04 elapsed=11119s
[2026-05-21 05:44:54,695] INFO stage3.gemma3-12b.metamathqa-10k.relora_baseline - step=1150/3000 train_loss=0.0611 lr=2.00e-04 elapsed=11349s
[2026-05-21 05:44:55,500] INFO stage3.gemma3-12b.metamathqa-10k.relora_baseline - periodic ckpt saved: /mnt/cpfs/junlongke/onlinelora/lora_obd/results/stage3_v2/gemma3-12b/metamathqa-10k/relora_baseline/seed42/checkpoints/step_001150
[2026-05-21 05:48:51,707] INFO stage3.gemma3-12b.metamathqa-10k.relora_baseline - step=1175/3000 train_loss=0.0596 lr=1.99e-04 elapsed=11586s
[2026-05-21 05:52:43,707] INFO stage3.gemma3-12b.metamathqa-10k.relora_baseline - step=1200/3000 train_loss=0.0621 lr=1.99e-04 elapsed=11818s
[2026-05-21 05:52:44,541] INFO stage3.gemma3-12b.metamathqa-10k.relora_baseline - periodic ckpt saved: /mnt/cpfs/junlongke/onlinelora/lora_obd/results/stage3_v2/gemma3-12b/metamathqa-10k/relora_baseline/seed42/checkpoints/step_001200
[2026-05-21 05:56:46,533] INFO stage3.gemma3-12b.metamathqa-10k.relora_baseline - step=1225/3000 train_loss=0.0638 lr=1.98e-04 elapsed=12061s
[2026-05-21 06:00:41,486] INFO stage3.gemma3-12b.metamathqa-10k.relora_baseline - step=1250/3000 train_loss=0.0628 lr=1.97e-04 elapsed=12296s
[2026-05-21 06:00:42,306] INFO stage3.gemma3-12b.metamathqa-10k.relora_baseline - periodic ckpt saved: /mnt/cpfs/junlongke/onlinelora/lora_obd/results/stage3_v2/gemma3-12b/metamathqa-10k/relora_baseline/seed42/checkpoints/step_001250
[2026-05-21 06:01:39,146] INFO stage3.gemma3-12b.metamathqa-10k.relora_baseline - step=1250 VAL_LOSS=0.2162
[2026-05-21 06:05:35,953] INFO stage3.gemma3-12b.metamathqa-10k.relora_baseline - step=1275/3000 train_loss=0.0374 lr=1.96e-04 elapsed=12591s
[2026-05-21 06:09:29,829] INFO stage3.gemma3-12b.metamathqa-10k.relora_baseline - step=1300/3000 train_loss=0.0371 lr=1.95e-04 elapsed=12825s
[2026-05-21 06:09:30,630] INFO stage3.gemma3-12b.metamathqa-10k.relora_baseline - periodic ckpt saved: /mnt/cpfs/junlongke/onlinelora/lora_obd/results/stage3_v2/gemma3-12b/metamathqa-10k/relora_baseline/seed42/checkpoints/step_001300
[2026-05-21 06:13:35,444] INFO stage3.gemma3-12b.metamathqa-10k.relora_baseline - step=1325/3000 train_loss=0.0411 lr=1.93e-04 elapsed=13070s
[2026-05-21 06:17:43,266] INFO stage3.gemma3-12b.metamathqa-10k.relora_baseline - step=1350/3000 train_loss=0.0393 lr=1.92e-04 elapsed=13318s
[2026-05-21 06:17:44,114] INFO stage3.gemma3-12b.metamathqa-10k.relora_baseline - periodic ckpt saved: /mnt/cpfs/junlongke/onlinelora/lora_obd/results/stage3_v2/gemma3-12b/metamathqa-10k/relora_baseline/seed42/checkpoints/step_001350
[2026-05-21 06:21:48,794] INFO stage3.gemma3-12b.metamathqa-10k.relora_baseline - step=1375/3000 train_loss=0.0411 lr=1.90e-04 elapsed=13564s
[2026-05-21 06:25:51,056] INFO stage3.gemma3-12b.metamathqa-10k.relora_baseline - step=1400/3000 train_loss=0.0393 lr=1.88e-04 elapsed=13806s
[2026-05-21 06:25:51,864] INFO stage3.gemma3-12b.metamathqa-10k.relora_baseline - periodic ckpt saved: /mnt/cpfs/junlongke/onlinelora/lora_obd/results/stage3_v2/gemma3-12b/metamathqa-10k/relora_baseline/seed42/checkpoints/step_001400
[2026-05-21 06:29:40,767] INFO stage3.gemma3-12b.metamathqa-10k.relora_baseline - step=1425/3000 train_loss=0.0401 lr=1.86e-04 elapsed=14036s
[2026-05-21 06:33:29,598] INFO stage3.gemma3-12b.metamathqa-10k.relora_baseline - step=1450/3000 train_loss=0.0416 lr=1.84e-04 elapsed=14264s
[2026-05-21 06:33:30,411] INFO stage3.gemma3-12b.metamathqa-10k.relora_baseline - periodic ckpt saved: /mnt/cpfs/junlongke/onlinelora/lora_obd/results/stage3_v2/gemma3-12b/metamathqa-10k/relora_baseline/seed42/checkpoints/step_001450
[2026-05-21 06:37:26,101] INFO stage3.gemma3-12b.metamathqa-10k.relora_baseline - step=1475/3000 train_loss=0.0454 lr=1.81e-04 elapsed=14501s
[2026-05-21 06:41:20,926] INFO stage3.gemma3-12b.metamathqa-10k.relora_baseline - step=1500/3000 train_loss=0.0416 lr=1.79e-04 elapsed=14736s
[2026-05-21 06:41:21,806] INFO stage3.gemma3-12b.metamathqa-10k.relora_baseline - periodic ckpt saved: /mnt/cpfs/junlongke/onlinelora/lora_obd/results/stage3_v2/gemma3-12b/metamathqa-10k/relora_baseline/seed42/checkpoints/step_001500
[2026-05-21 06:42:18,728] INFO stage3.gemma3-12b.metamathqa-10k.relora_baseline - step=1500 VAL_LOSS=0.2687
[2026-05-21 06:42:30,310] INFO stage3.gemma3-12b.metamathqa-10k.relora_baseline - step=1500 mean_ER=1515.47 mean_CN=1.01e+06
[2026-05-21 06:42:30,310] INFO stage3.gemma3-12b.metamathqa-10k.relora_baseline - === MERGE EVENT 3 at step 1500 (method=relora_baseline) ===
[2026-05-21 06:42:30,571] INFO stage3.gemma3-12b.metamathqa-10k.relora_baseline - merge: total=6672 kept=6672 drop_rate=0.000
[2026-05-21 06:43:38,249] INFO stage3.gemma3-12b.metamathqa-10k.relora_baseline - step=1500 POST-MERGE VAL_LOSS=0.2691 (first_eval=0.17174239188432694)
[2026-05-21 06:43:38,250] WARNING stage3.gemma3-12b.metamathqa-10k.relora_baseline - ABORT: post-merge val_loss=0.2691 > first_eval=0.1717 * 1.5
[2026-05-21 06:43:38,263] INFO stage3.gemma3-12b.metamathqa-10k.relora_baseline - training ABORTED in 14873.0s
[2026-05-21 06:44:34,472] INFO stage3.gemma3-12b.metamathqa-10k.relora_baseline - FINAL VAL_LOSS=0.2691
[2026-05-21 06:44:45,665] INFO stage3.gemma3-12b.metamathqa-10k.relora_baseline - summary.json written
