[2026-05-21 05:31:36,453] INFO stage3.gemma3-12b.metamathqa-10k.cola - START stage3 model=/mnt/cpfs/junlongke/onlinelora/models/gemma-3-12b-it dataset=metamathqa-10k method=cola out=/mnt/cpfs/junlongke/onlinelora/lora_obd/results/stage3_v2/gemma3-12b/metamathqa-10k/cola/seed42
[2026-05-21 05:31:38,369] INFO stage3.gemma3-12b.metamathqa-10k.cola - tokenizer loaded in 1.1s, vocab=262144
[2026-05-21 05:31:38,369] INFO stage3.gemma3-12b.metamathqa-10k.cola - loading MetaMathQA from /mnt/cpfs/junlongke/onlinelora/datasets/MetaMathQA
[2026-05-21 05:31:39,762] INFO stage3.gemma3-12b.metamathqa-10k.cola - metamathqa train=10000 val=500
[2026-05-21 05:31:43,976] INFO stage3.gemma3-12b.metamathqa-10k.cola - metamathqa tokenized: train 10000 val 500
[2026-05-21 05:31:44,305] INFO stage3.gemma3-12b.metamathqa-10k.cola - data prepared in 5.9s
[2026-05-21 05:31:51,411] INFO stage3.gemma3-12b.metamathqa-10k.cola - model loaded in 7.1s
[2026-05-21 05:32:00,259] INFO stage3.gemma3-12b.metamathqa-10k.cola - #LoRA layers=417 #components=6672
[2026-05-21 05:32:00,269] INFO stage3.gemma3-12b.metamathqa-10k.cola - #trainable params=68.46M
[2026-05-21 05:32:11,400] INFO stage3.gemma3-12b.metamathqa-10k.cola - [step 0] mean_ER=1515.00 mean_CN=1.01e+06 (sampled 8 layers)
[2026-05-21 05:32:11,400] INFO stage3.gemma3-12b.metamathqa-10k.cola - merge events scheduled at: [500, 1000, 1500, 2000, 2500, 3000]
[2026-05-21 05:36:02,605] INFO stage3.gemma3-12b.metamathqa-10k.cola - step=25/3000 train_loss=0.9509 lr=5.00e-05 elapsed=231s
[2026-05-21 05:39:57,760] INFO stage3.gemma3-12b.metamathqa-10k.cola - step=50/3000 train_loss=0.2984 lr=1.00e-04 elapsed=466s
[2026-05-21 05:39:58,557] INFO stage3.gemma3-12b.metamathqa-10k.cola - periodic ckpt saved: /mnt/cpfs/junlongke/onlinelora/lora_obd/results/stage3_v2/gemma3-12b/metamathqa-10k/cola/seed42/checkpoints/step_000050
[2026-05-21 05:43:55,637] INFO stage3.gemma3-12b.metamathqa-10k.cola - step=75/3000 train_loss=0.2217 lr=1.50e-04 elapsed=704s
[2026-05-21 05:47:46,954] INFO stage3.gemma3-12b.metamathqa-10k.cola - step=100/3000 train_loss=0.2076 lr=2.00e-04 elapsed=936s
[2026-05-21 05:47:47,757] INFO stage3.gemma3-12b.metamathqa-10k.cola - periodic ckpt saved: /mnt/cpfs/junlongke/onlinelora/lora_obd/results/stage3_v2/gemma3-12b/metamathqa-10k/cola/seed42/checkpoints/step_000100
[2026-05-21 05:51:47,823] INFO stage3.gemma3-12b.metamathqa-10k.cola - step=125/3000 train_loss=0.1856 lr=2.00e-04 elapsed=1176s
[2026-05-21 05:55:46,272] INFO stage3.gemma3-12b.metamathqa-10k.cola - step=150/3000 train_loss=0.1860 lr=2.00e-04 elapsed=1415s
[2026-05-21 05:55:47,069] INFO stage3.gemma3-12b.metamathqa-10k.cola - periodic ckpt saved: /mnt/cpfs/junlongke/onlinelora/lora_obd/results/stage3_v2/gemma3-12b/metamathqa-10k/cola/seed42/checkpoints/step_000150
[2026-05-21 05:59:46,847] INFO stage3.gemma3-12b.metamathqa-10k.cola - step=175/3000 train_loss=0.1825 lr=2.00e-04 elapsed=1655s
[2026-05-21 06:03:47,468] INFO stage3.gemma3-12b.metamathqa-10k.cola - step=200/3000 train_loss=0.1777 lr=1.99e-04 elapsed=1896s
[2026-05-21 06:03:48,277] INFO stage3.gemma3-12b.metamathqa-10k.cola - periodic ckpt saved: /mnt/cpfs/junlongke/onlinelora/lora_obd/results/stage3_v2/gemma3-12b/metamathqa-10k/cola/seed42/checkpoints/step_000200
[2026-05-21 06:07:54,767] INFO stage3.gemma3-12b.metamathqa-10k.cola - step=225/3000 train_loss=0.1778 lr=1.99e-04 elapsed=2143s
[2026-05-21 06:11:47,996] INFO stage3.gemma3-12b.metamathqa-10k.cola - step=250/3000 train_loss=0.1698 lr=1.99e-04 elapsed=2377s
[2026-05-21 06:11:48,782] INFO stage3.gemma3-12b.metamathqa-10k.cola - periodic ckpt saved: /mnt/cpfs/junlongke/onlinelora/lora_obd/results/stage3_v2/gemma3-12b/metamathqa-10k/cola/seed42/checkpoints/step_000250
[2026-05-21 06:12:45,196] INFO stage3.gemma3-12b.metamathqa-10k.cola - step=250 VAL_LOSS=0.1717
[2026-05-21 06:12:45,932] INFO stage3.gemma3-12b.metamathqa-10k.cola - best ckpt updated: step=250 val_loss=0.1717
[2026-05-21 06:16:39,375] INFO stage3.gemma3-12b.metamathqa-10k.cola - step=275/3000 train_loss=0.1673 lr=1.98e-04 elapsed=2668s
[2026-05-21 06:20:37,039] INFO stage3.gemma3-12b.metamathqa-10k.cola - step=300/3000 train_loss=0.1751 lr=1.98e-04 elapsed=2906s
[2026-05-21 06:20:38,061] INFO stage3.gemma3-12b.metamathqa-10k.cola - periodic ckpt saved: /mnt/cpfs/junlongke/onlinelora/lora_obd/results/stage3_v2/gemma3-12b/metamathqa-10k/cola/seed42/checkpoints/step_000300
[2026-05-21 06:24:41,107] INFO stage3.gemma3-12b.metamathqa-10k.cola - step=325/3000 train_loss=0.1511 lr=1.97e-04 elapsed=3150s
[2026-05-21 06:28:43,020] INFO stage3.gemma3-12b.metamathqa-10k.cola - step=350/3000 train_loss=0.1407 lr=1.96e-04 elapsed=3392s
[2026-05-21 06:28:43,813] INFO stage3.gemma3-12b.metamathqa-10k.cola - periodic ckpt saved: /mnt/cpfs/junlongke/onlinelora/lora_obd/results/stage3_v2/gemma3-12b/metamathqa-10k/cola/seed42/checkpoints/step_000350
[2026-05-21 06:32:39,683] INFO stage3.gemma3-12b.metamathqa-10k.cola - step=375/3000 train_loss=0.1383 lr=1.96e-04 elapsed=3628s
[2026-05-21 06:36:39,711] INFO stage3.gemma3-12b.metamathqa-10k.cola - step=400/3000 train_loss=0.1411 lr=1.95e-04 elapsed=3868s
[2026-05-21 06:36:40,488] INFO stage3.gemma3-12b.metamathqa-10k.cola - periodic ckpt saved: /mnt/cpfs/junlongke/onlinelora/lora_obd/results/stage3_v2/gemma3-12b/metamathqa-10k/cola/seed42/checkpoints/step_000400
[2026-05-21 06:40:44,157] INFO stage3.gemma3-12b.metamathqa-10k.cola - step=425/3000 train_loss=0.1407 lr=1.94e-04 elapsed=4113s
[2026-05-21 06:44:32,289] INFO stage3.gemma3-12b.metamathqa-10k.cola - step=450/3000 train_loss=0.1448 lr=1.93e-04 elapsed=4341s
[2026-05-21 06:44:33,677] INFO stage3.gemma3-12b.metamathqa-10k.cola - periodic ckpt saved: /mnt/cpfs/junlongke/onlinelora/lora_obd/results/stage3_v2/gemma3-12b/metamathqa-10k/cola/seed42/checkpoints/step_000450
[2026-05-21 06:48:21,016] INFO stage3.gemma3-12b.metamathqa-10k.cola - step=475/3000 train_loss=0.1373 lr=1.92e-04 elapsed=4570s
[2026-05-21 06:52:15,586] INFO stage3.gemma3-12b.metamathqa-10k.cola - step=500/3000 train_loss=0.1416 lr=1.91e-04 elapsed=4804s
[2026-05-21 06:52:16,421] INFO stage3.gemma3-12b.metamathqa-10k.cola - periodic ckpt saved: /mnt/cpfs/junlongke/onlinelora/lora_obd/results/stage3_v2/gemma3-12b/metamathqa-10k/cola/seed42/checkpoints/step_000500
[2026-05-21 06:53:12,902] INFO stage3.gemma3-12b.metamathqa-10k.cola - step=500 VAL_LOSS=0.1711
[2026-05-21 06:53:13,698] INFO stage3.gemma3-12b.metamathqa-10k.cola - best ckpt updated: step=500 val_loss=0.1711
[2026-05-21 06:53:24,686] INFO stage3.gemma3-12b.metamathqa-10k.cola - step=500 mean_ER=1515.11 mean_CN=1.01e+06
[2026-05-21 06:53:24,686] INFO stage3.gemma3-12b.metamathqa-10k.cola - === MERGE EVENT 1 at step 500 (method=cola) ===
[2026-05-21 06:53:24,952] INFO stage3.gemma3-12b.metamathqa-10k.cola - merge: total=6672 kept=6672 drop_rate=0.000
[2026-05-21 06:54:33,205] INFO stage3.gemma3-12b.metamathqa-10k.cola - step=500 POST-MERGE VAL_LOSS=0.1710 (first_eval=0.17174239188432694)
[2026-05-21 06:58:25,509] INFO stage3.gemma3-12b.metamathqa-10k.cola - step=525/3000 train_loss=0.1406 lr=5.00e-05 elapsed=5174s
[2026-05-21 07:02:20,392] INFO stage3.gemma3-12b.metamathqa-10k.cola - step=550/3000 train_loss=0.1330 lr=1.00e-04 elapsed=5409s
[2026-05-21 07:02:21,176] INFO stage3.gemma3-12b.metamathqa-10k.cola - periodic ckpt saved: /mnt/cpfs/junlongke/onlinelora/lora_obd/results/stage3_v2/gemma3-12b/metamathqa-10k/cola/seed42/checkpoints/step_000550
[2026-05-21 07:06:25,830] INFO stage3.gemma3-12b.metamathqa-10k.cola - step=575/3000 train_loss=0.1403 lr=1.50e-04 elapsed=5654s
[2026-05-21 07:10:23,341] INFO stage3.gemma3-12b.metamathqa-10k.cola - step=600/3000 train_loss=0.1405 lr=2.00e-04 elapsed=5892s
[2026-05-21 07:10:24,101] INFO stage3.gemma3-12b.metamathqa-10k.cola - periodic ckpt saved: /mnt/cpfs/junlongke/onlinelora/lora_obd/results/stage3_v2/gemma3-12b/metamathqa-10k/cola/seed42/checkpoints/step_000600
[2026-05-21 07:14:25,473] INFO stage3.gemma3-12b.metamathqa-10k.cola - step=625/3000 train_loss=0.1322 lr=2.00e-04 elapsed=6134s
[2026-05-21 07:18:23,664] INFO stage3.gemma3-12b.metamathqa-10k.cola - step=650/3000 train_loss=0.1003 lr=2.00e-04 elapsed=6372s
[2026-05-21 07:18:24,451] INFO stage3.gemma3-12b.metamathqa-10k.cola - periodic ckpt saved: /mnt/cpfs/junlongke/onlinelora/lora_obd/results/stage3_v2/gemma3-12b/metamathqa-10k/cola/seed42/checkpoints/step_000650
[2026-05-21 07:22:17,892] INFO stage3.gemma3-12b.metamathqa-10k.cola - step=675/3000 train_loss=0.0960 lr=2.00e-04 elapsed=6606s
[2026-05-21 07:26:15,002] INFO stage3.gemma3-12b.metamathqa-10k.cola - step=700/3000 train_loss=0.0975 lr=1.99e-04 elapsed=6844s
[2026-05-21 07:26:15,763] INFO stage3.gemma3-12b.metamathqa-10k.cola - periodic ckpt saved: /mnt/cpfs/junlongke/onlinelora/lora_obd/results/stage3_v2/gemma3-12b/metamathqa-10k/cola/seed42/checkpoints/step_000700
[2026-05-21 07:30:21,457] INFO stage3.gemma3-12b.metamathqa-10k.cola - step=725/3000 train_loss=0.0953 lr=1.99e-04 elapsed=7090s
[2026-05-21 07:34:22,461] INFO stage3.gemma3-12b.metamathqa-10k.cola - step=750/3000 train_loss=0.0966 lr=1.98e-04 elapsed=7331s
[2026-05-21 07:34:23,263] INFO stage3.gemma3-12b.metamathqa-10k.cola - periodic ckpt saved: /mnt/cpfs/junlongke/onlinelora/lora_obd/results/stage3_v2/gemma3-12b/metamathqa-10k/cola/seed42/checkpoints/step_000750
[2026-05-21 07:35:20,141] INFO stage3.gemma3-12b.metamathqa-10k.cola - step=750 VAL_LOSS=0.1779
[2026-05-21 07:39:17,415] INFO stage3.gemma3-12b.metamathqa-10k.cola - step=775/3000 train_loss=0.1016 lr=1.97e-04 elapsed=7626s
[2026-05-21 07:43:19,216] INFO stage3.gemma3-12b.metamathqa-10k.cola - step=800/3000 train_loss=0.1007 lr=1.97e-04 elapsed=7868s
[2026-05-21 07:43:19,978] INFO stage3.gemma3-12b.metamathqa-10k.cola - periodic ckpt saved: /mnt/cpfs/junlongke/onlinelora/lora_obd/results/stage3_v2/gemma3-12b/metamathqa-10k/cola/seed42/checkpoints/step_000800
[2026-05-21 07:47:04,513] INFO stage3.gemma3-12b.metamathqa-10k.cola - step=825/3000 train_loss=0.0940 lr=1.96e-04 elapsed=8093s
[2026-05-21 07:51:06,794] INFO stage3.gemma3-12b.metamathqa-10k.cola - step=850/3000 train_loss=0.0968 lr=1.95e-04 elapsed=8335s
[2026-05-21 07:51:07,574] INFO stage3.gemma3-12b.metamathqa-10k.cola - periodic ckpt saved: /mnt/cpfs/junlongke/onlinelora/lora_obd/results/stage3_v2/gemma3-12b/metamathqa-10k/cola/seed42/checkpoints/step_000850
[2026-05-21 07:55:02,830] INFO stage3.gemma3-12b.metamathqa-10k.cola - step=875/3000 train_loss=0.0988 lr=1.94e-04 elapsed=8571s
[2026-05-21 07:59:02,260] INFO stage3.gemma3-12b.metamathqa-10k.cola - step=900/3000 train_loss=0.0984 lr=1.92e-04 elapsed=8811s
[2026-05-21 07:59:03,062] INFO stage3.gemma3-12b.metamathqa-10k.cola - periodic ckpt saved: /mnt/cpfs/junlongke/onlinelora/lora_obd/results/stage3_v2/gemma3-12b/metamathqa-10k/cola/seed42/checkpoints/step_000900
[2026-05-21 08:02:51,222] INFO stage3.gemma3-12b.metamathqa-10k.cola - step=925/3000 train_loss=0.1025 lr=1.91e-04 elapsed=9040s
[2026-05-21 08:06:45,706] INFO stage3.gemma3-12b.metamathqa-10k.cola - step=950/3000 train_loss=0.0806 lr=1.90e-04 elapsed=9274s
[2026-05-21 08:06:46,503] INFO stage3.gemma3-12b.metamathqa-10k.cola - periodic ckpt saved: /mnt/cpfs/junlongke/onlinelora/lora_obd/results/stage3_v2/gemma3-12b/metamathqa-10k/cola/seed42/checkpoints/step_000950
[2026-05-21 08:10:45,510] INFO stage3.gemma3-12b.metamathqa-10k.cola - step=975/3000 train_loss=0.0617 lr=1.88e-04 elapsed=9514s
[2026-05-21 08:14:39,000] INFO stage3.gemma3-12b.metamathqa-10k.cola - step=1000/3000 train_loss=0.0602 lr=1.87e-04 elapsed=9748s
[2026-05-21 08:14:39,789] INFO stage3.gemma3-12b.metamathqa-10k.cola - periodic ckpt saved: /mnt/cpfs/junlongke/onlinelora/lora_obd/results/stage3_v2/gemma3-12b/metamathqa-10k/cola/seed42/checkpoints/step_001000
[2026-05-21 08:15:35,997] INFO stage3.gemma3-12b.metamathqa-10k.cola - step=1000 VAL_LOSS=0.2248
[2026-05-21 08:15:47,010] INFO stage3.gemma3-12b.metamathqa-10k.cola - step=1000 mean_ER=1515.25 mean_CN=1.01e+06
[2026-05-21 08:15:47,011] INFO stage3.gemma3-12b.metamathqa-10k.cola - === MERGE EVENT 2 at step 1000 (method=cola) ===
[2026-05-21 08:15:47,270] INFO stage3.gemma3-12b.metamathqa-10k.cola - merge: total=6672 kept=6672 drop_rate=0.000
[2026-05-21 08:16:54,570] INFO stage3.gemma3-12b.metamathqa-10k.cola - step=1000 POST-MERGE VAL_LOSS=0.2248 (first_eval=0.17174239188432694)
[2026-05-21 08:20:50,158] INFO stage3.gemma3-12b.metamathqa-10k.cola - step=1025/3000 train_loss=0.0600 lr=5.00e-05 elapsed=10119s
[2026-05-21 08:24:45,850] INFO stage3.gemma3-12b.metamathqa-10k.cola - step=1050/3000 train_loss=0.0588 lr=1.00e-04 elapsed=10354s
[2026-05-21 08:24:46,662] INFO stage3.gemma3-12b.metamathqa-10k.cola - periodic ckpt saved: /mnt/cpfs/junlongke/onlinelora/lora_obd/results/stage3_v2/gemma3-12b/metamathqa-10k/cola/seed42/checkpoints/step_001050
[2026-05-21 08:28:42,535] INFO stage3.gemma3-12b.metamathqa-10k.cola - step=1075/3000 train_loss=0.0596 lr=1.50e-04 elapsed=10591s
[2026-05-21 08:32:51,413] INFO stage3.gemma3-12b.metamathqa-10k.cola - step=1100/3000 train_loss=0.0626 lr=2.00e-04 elapsed=10840s
[2026-05-21 08:32:52,182] INFO stage3.gemma3-12b.metamathqa-10k.cola - periodic ckpt saved: /mnt/cpfs/junlongke/onlinelora/lora_obd/results/stage3_v2/gemma3-12b/metamathqa-10k/cola/seed42/checkpoints/step_001100
[2026-05-21 08:36:57,380] INFO stage3.gemma3-12b.metamathqa-10k.cola - step=1125/3000 train_loss=0.0604 lr=2.00e-04 elapsed=11086s
[2026-05-21 08:40:47,340] INFO stage3.gemma3-12b.metamathqa-10k.cola - step=1150/3000 train_loss=0.0611 lr=2.00e-04 elapsed=11316s
[2026-05-21 08:40:48,165] INFO stage3.gemma3-12b.metamathqa-10k.cola - periodic ckpt saved: /mnt/cpfs/junlongke/onlinelora/lora_obd/results/stage3_v2/gemma3-12b/metamathqa-10k/cola/seed42/checkpoints/step_001150
[2026-05-21 08:44:43,894] INFO stage3.gemma3-12b.metamathqa-10k.cola - step=1175/3000 train_loss=0.0596 lr=1.99e-04 elapsed=11552s
[2026-05-21 08:48:35,177] INFO stage3.gemma3-12b.metamathqa-10k.cola - step=1200/3000 train_loss=0.0621 lr=1.99e-04 elapsed=11784s
[2026-05-21 08:48:35,981] INFO stage3.gemma3-12b.metamathqa-10k.cola - periodic ckpt saved: /mnt/cpfs/junlongke/onlinelora/lora_obd/results/stage3_v2/gemma3-12b/metamathqa-10k/cola/seed42/checkpoints/step_001200
[2026-05-21 08:52:37,193] INFO stage3.gemma3-12b.metamathqa-10k.cola - step=1225/3000 train_loss=0.0638 lr=1.98e-04 elapsed=12026s
[2026-05-21 08:56:31,321] INFO stage3.gemma3-12b.metamathqa-10k.cola - step=1250/3000 train_loss=0.0628 lr=1.97e-04 elapsed=12260s
[2026-05-21 08:56:32,103] INFO stage3.gemma3-12b.metamathqa-10k.cola - periodic ckpt saved: /mnt/cpfs/junlongke/onlinelora/lora_obd/results/stage3_v2/gemma3-12b/metamathqa-10k/cola/seed42/checkpoints/step_001250
[2026-05-21 08:57:28,158] INFO stage3.gemma3-12b.metamathqa-10k.cola - step=1250 VAL_LOSS=0.2162
[2026-05-21 09:01:24,061] INFO stage3.gemma3-12b.metamathqa-10k.cola - step=1275/3000 train_loss=0.0374 lr=1.96e-04 elapsed=12553s
[2026-05-21 09:05:16,951] INFO stage3.gemma3-12b.metamathqa-10k.cola - step=1300/3000 train_loss=0.0371 lr=1.95e-04 elapsed=12786s
[2026-05-21 09:05:17,817] INFO stage3.gemma3-12b.metamathqa-10k.cola - periodic ckpt saved: /mnt/cpfs/junlongke/onlinelora/lora_obd/results/stage3_v2/gemma3-12b/metamathqa-10k/cola/seed42/checkpoints/step_001300
[2026-05-21 09:09:21,700] INFO stage3.gemma3-12b.metamathqa-10k.cola - step=1325/3000 train_loss=0.0411 lr=1.93e-04 elapsed=13030s
[2026-05-21 09:13:28,736] INFO stage3.gemma3-12b.metamathqa-10k.cola - step=1350/3000 train_loss=0.0393 lr=1.92e-04 elapsed=13277s
[2026-05-21 09:13:29,513] INFO stage3.gemma3-12b.metamathqa-10k.cola - periodic ckpt saved: /mnt/cpfs/junlongke/onlinelora/lora_obd/results/stage3_v2/gemma3-12b/metamathqa-10k/cola/seed42/checkpoints/step_001350
[2026-05-21 09:17:33,807] INFO stage3.gemma3-12b.metamathqa-10k.cola - step=1375/3000 train_loss=0.0411 lr=1.90e-04 elapsed=13522s
[2026-05-21 09:21:35,281] INFO stage3.gemma3-12b.metamathqa-10k.cola - step=1400/3000 train_loss=0.0393 lr=1.88e-04 elapsed=13764s
[2026-05-21 09:21:36,083] INFO stage3.gemma3-12b.metamathqa-10k.cola - periodic ckpt saved: /mnt/cpfs/junlongke/onlinelora/lora_obd/results/stage3_v2/gemma3-12b/metamathqa-10k/cola/seed42/checkpoints/step_001400
[2026-05-21 09:25:24,107] INFO stage3.gemma3-12b.metamathqa-10k.cola - step=1425/3000 train_loss=0.0401 lr=1.86e-04 elapsed=13993s
[2026-05-21 09:29:12,214] INFO stage3.gemma3-12b.metamathqa-10k.cola - step=1450/3000 train_loss=0.0416 lr=1.84e-04 elapsed=14221s
[2026-05-21 09:29:13,119] INFO stage3.gemma3-12b.metamathqa-10k.cola - periodic ckpt saved: /mnt/cpfs/junlongke/onlinelora/lora_obd/results/stage3_v2/gemma3-12b/metamathqa-10k/cola/seed42/checkpoints/step_001450
[2026-05-21 09:33:08,265] INFO stage3.gemma3-12b.metamathqa-10k.cola - step=1475/3000 train_loss=0.0454 lr=1.81e-04 elapsed=14457s
[2026-05-21 09:37:02,449] INFO stage3.gemma3-12b.metamathqa-10k.cola - step=1500/3000 train_loss=0.0416 lr=1.79e-04 elapsed=14691s
[2026-05-21 09:37:03,254] INFO stage3.gemma3-12b.metamathqa-10k.cola - periodic ckpt saved: /mnt/cpfs/junlongke/onlinelora/lora_obd/results/stage3_v2/gemma3-12b/metamathqa-10k/cola/seed42/checkpoints/step_001500
[2026-05-21 09:37:59,403] INFO stage3.gemma3-12b.metamathqa-10k.cola - step=1500 VAL_LOSS=0.2687
[2026-05-21 09:38:10,394] INFO stage3.gemma3-12b.metamathqa-10k.cola - step=1500 mean_ER=1515.47 mean_CN=1.01e+06
[2026-05-21 09:38:10,394] INFO stage3.gemma3-12b.metamathqa-10k.cola - === MERGE EVENT 3 at step 1500 (method=cola) ===
[2026-05-21 09:38:10,653] INFO stage3.gemma3-12b.metamathqa-10k.cola - merge: total=6672 kept=6672 drop_rate=0.000
[2026-05-21 09:39:17,736] INFO stage3.gemma3-12b.metamathqa-10k.cola - step=1500 POST-MERGE VAL_LOSS=0.2691 (first_eval=0.17174239188432694)
[2026-05-21 09:39:17,738] WARNING stage3.gemma3-12b.metamathqa-10k.cola - ABORT: post-merge val_loss=0.2691 > first_eval=0.1717 * 1.5
[2026-05-21 09:39:17,751] INFO stage3.gemma3-12b.metamathqa-10k.cola - training ABORTED in 14826.3s
[2026-05-21 09:40:14,034] INFO stage3.gemma3-12b.metamathqa-10k.cola - FINAL VAL_LOSS=0.2691
[2026-05-21 09:40:24,929] INFO stage3.gemma3-12b.metamathqa-10k.cola - summary.json written
