[2026-05-12 10:13:30,807] INFO stage1.mrpc - task=mrpc device=cuda out=/mnt/cpfs/junlongke/onlinelora/lora_obd/results/stage1/mrpc
[2026-05-12 10:13:36,319] INFO stage1.mrpc - #LoRA layers=24, total rank-1 components=192
[2026-05-12 10:15:23,829] INFO stage1.mrpc - #train_main=2935, #diag=733, #test_holdout=408
[2026-05-12 10:15:23,844] INFO stage1.mrpc - Training 2000 steps; saving diagnostics at [400, 800, 1200, 1600, 2000]
[2026-05-12 10:15:26,738] INFO stage1.mrpc - step=50/2000 loss=0.6648 lr=1.50e-04
[2026-05-12 10:15:29,391] INFO stage1.mrpc - step=100/2000 loss=0.6354 lr=3.00e-04
[2026-05-12 10:15:32,042] INFO stage1.mrpc - step=150/2000 loss=0.5824 lr=2.92e-04
[2026-05-12 10:15:34,721] INFO stage1.mrpc - step=200/2000 loss=0.4927 lr=2.84e-04
[2026-05-12 10:15:37,370] INFO stage1.mrpc - step=250/2000 loss=0.5561 lr=2.76e-04
[2026-05-12 10:15:40,023] INFO stage1.mrpc - step=300/2000 loss=0.4336 lr=2.68e-04
[2026-05-12 10:15:42,674] INFO stage1.mrpc - step=350/2000 loss=0.4115 lr=2.61e-04
[2026-05-12 10:15:45,323] INFO stage1.mrpc - step=400/2000 loss=0.3812 lr=2.53e-04
[2026-05-12 10:15:45,949] INFO stage1.mrpc - [step 400] baseline test loss=0.3277 acc=0.8652
[2026-05-12 10:15:59,014] INFO stage1.mrpc - [step 400] starting oracle ablation over 192 components
[2026-05-12 10:17:52,945] INFO stage1.mrpc - [step 400] oracle ablation done in 113.9s
[2026-05-12 10:17:53,929] INFO stage1.mrpc - [step 400] rho(S5_fisher_val vs delta)= -0.249, rho(S4_fisher_tr)= -0.274, rho(S3_fo_val)= -0.466, rho(S2_fo_tr)= -0.360, AUC_signed(harmful)= 0.201, harmful%= 56.25%
[2026-05-12 10:17:56,593] INFO stage1.mrpc - step=450/2000 loss=0.3688 lr=2.45e-04
[2026-05-12 10:17:59,249] INFO stage1.mrpc - step=500/2000 loss=0.3961 lr=2.37e-04
[2026-05-12 10:18:01,904] INFO stage1.mrpc - step=550/2000 loss=0.3276 lr=2.29e-04
[2026-05-12 10:18:04,560] INFO stage1.mrpc - step=600/2000 loss=0.3012 lr=2.21e-04
[2026-05-12 10:18:07,213] INFO stage1.mrpc - step=650/2000 loss=0.3624 lr=2.13e-04
[2026-05-12 10:18:09,867] INFO stage1.mrpc - step=700/2000 loss=0.2727 lr=2.05e-04
[2026-05-12 10:18:12,522] INFO stage1.mrpc - step=750/2000 loss=0.3141 lr=1.97e-04
[2026-05-12 10:18:15,176] INFO stage1.mrpc - step=800/2000 loss=0.2861 lr=1.89e-04
[2026-05-12 10:18:15,798] INFO stage1.mrpc - [step 800] baseline test loss=0.3174 acc=0.8725
[2026-05-12 10:18:28,797] INFO stage1.mrpc - [step 800] starting oracle ablation over 192 components
[2026-05-12 10:20:22,798] INFO stage1.mrpc - [step 800] oracle ablation done in 114.0s
[2026-05-12 10:20:23,760] INFO stage1.mrpc - [step 800] rho(S5_fisher_val vs delta)= -0.150, rho(S4_fisher_tr)= -0.155, rho(S3_fo_val)= -0.409, rho(S2_fo_tr)= 0.068, AUC_signed(harmful)= 0.127, harmful%= 58.33%
[2026-05-12 10:20:26,418] INFO stage1.mrpc - step=850/2000 loss=0.2568 lr=1.82e-04
[2026-05-12 10:20:29,076] INFO stage1.mrpc - step=900/2000 loss=0.2530 lr=1.74e-04
[2026-05-12 10:20:31,733] INFO stage1.mrpc - step=950/2000 loss=0.2441 lr=1.66e-04
[2026-05-12 10:20:34,388] INFO stage1.mrpc - step=1000/2000 loss=0.2127 lr=1.58e-04
[2026-05-12 10:20:37,044] INFO stage1.mrpc - step=1050/2000 loss=0.2190 lr=1.50e-04
[2026-05-12 10:20:39,699] INFO stage1.mrpc - step=1100/2000 loss=0.2143 lr=1.42e-04
[2026-05-12 10:20:42,355] INFO stage1.mrpc - step=1150/2000 loss=0.1924 lr=1.34e-04
[2026-05-12 10:20:45,012] INFO stage1.mrpc - step=1200/2000 loss=0.1824 lr=1.26e-04
[2026-05-12 10:20:45,635] INFO stage1.mrpc - [step 1200] baseline test loss=0.3220 acc=0.8824
[2026-05-12 10:20:58,710] INFO stage1.mrpc - [step 1200] starting oracle ablation over 192 components
[2026-05-12 10:22:52,790] INFO stage1.mrpc - [step 1200] oracle ablation done in 114.1s
[2026-05-12 10:22:53,739] INFO stage1.mrpc - [step 1200] rho(S5_fisher_val vs delta)= -0.373, rho(S4_fisher_tr)= -0.213, rho(S3_fo_val)= -0.617, rho(S2_fo_tr)= -0.034, AUC_signed(harmful)= 0.156, harmful%= 70.83%
[2026-05-12 10:22:56,401] INFO stage1.mrpc - step=1250/2000 loss=0.2082 lr=1.18e-04
[2026-05-12 10:22:59,058] INFO stage1.mrpc - step=1300/2000 loss=0.1953 lr=1.11e-04
[2026-05-12 10:23:01,712] INFO stage1.mrpc - step=1350/2000 loss=0.1585 lr=1.03e-04
[2026-05-12 10:23:04,367] INFO stage1.mrpc - step=1400/2000 loss=0.1581 lr=9.47e-05
[2026-05-12 10:23:07,019] INFO stage1.mrpc - step=1450/2000 loss=0.1741 lr=8.68e-05
[2026-05-12 10:23:09,673] INFO stage1.mrpc - step=1500/2000 loss=0.1482 lr=7.89e-05
[2026-05-12 10:23:12,328] INFO stage1.mrpc - step=1550/2000 loss=0.1235 lr=7.11e-05
[2026-05-12 10:23:14,981] INFO stage1.mrpc - step=1600/2000 loss=0.1766 lr=6.32e-05
[2026-05-12 10:23:15,603] INFO stage1.mrpc - [step 1600] baseline test loss=0.3730 acc=0.8578
[2026-05-12 10:23:28,513] INFO stage1.mrpc - [step 1600] starting oracle ablation over 192 components
[2026-05-12 10:25:22,501] INFO stage1.mrpc - [step 1600] oracle ablation done in 114.0s
[2026-05-12 10:25:23,448] INFO stage1.mrpc - [step 1600] rho(S5_fisher_val vs delta)= -0.478, rho(S4_fisher_tr)= -0.342, rho(S3_fo_val)= -0.783, rho(S2_fo_tr)= -0.217, AUC_signed(harmful)= 0.168, harmful%= 75.52%
[2026-05-12 10:25:26,107] INFO stage1.mrpc - step=1650/2000 loss=0.1568 lr=5.53e-05
[2026-05-12 10:25:28,761] INFO stage1.mrpc - step=1700/2000 loss=0.1256 lr=4.74e-05
[2026-05-12 10:25:31,414] INFO stage1.mrpc - step=1750/2000 loss=0.1228 lr=3.95e-05
[2026-05-12 10:25:34,068] INFO stage1.mrpc - step=1800/2000 loss=0.1106 lr=3.16e-05
[2026-05-12 10:25:36,722] INFO stage1.mrpc - step=1850/2000 loss=0.1208 lr=2.37e-05
[2026-05-12 10:25:39,384] INFO stage1.mrpc - step=1900/2000 loss=0.1165 lr=1.58e-05
[2026-05-12 10:25:42,040] INFO stage1.mrpc - step=1950/2000 loss=0.1086 lr=7.89e-06
[2026-05-12 10:25:44,692] INFO stage1.mrpc - step=2000/2000 loss=0.1073 lr=0.00e+00
[2026-05-12 10:25:45,319] INFO stage1.mrpc - [step 2000] baseline test loss=0.4499 acc=0.8750
[2026-05-12 10:25:58,369] INFO stage1.mrpc - [step 2000] starting oracle ablation over 192 components
[2026-05-12 10:27:52,457] INFO stage1.mrpc - [step 2000] oracle ablation done in 114.1s
[2026-05-12 10:27:53,395] INFO stage1.mrpc - [step 2000] rho(S5_fisher_val vs delta)= -0.267, rho(S4_fisher_tr)= -0.222, rho(S3_fo_val)= -0.560, rho(S2_fo_tr)= 0.085, AUC_signed(harmful)= 0.224, harmful%= 72.40%
[2026-05-12 10:27:53,403] INFO stage1.mrpc - training+diagnostics done in 749.6s
[2026-05-12 10:27:53,412] INFO stage1.mrpc - summary.json -> /mnt/cpfs/junlongke/onlinelora/lora_obd/results/stage1/mrpc/summary.json
