[2026-05-21 02:41:13,263] INFO stage3.gemma3-12b.metamathqa-10k.relora_diag_gated_S3pos - START stage3 model=/mnt/cpfs/junlongke/onlinelora/models/gemma-3-12b-it dataset=metamathqa-10k method=relora_diag_gated_S3pos out=/mnt/cpfs/junlongke/onlinelora/lora_obd/results/stage3_v2/gemma3-12b/metamathqa-10k/relora_diag_gated_S3pos/seed42
[2026-05-21 02:41:15,354] INFO stage3.gemma3-12b.metamathqa-10k.relora_diag_gated_S3pos - tokenizer loaded in 1.1s, vocab=262144
[2026-05-21 02:41:15,354] INFO stage3.gemma3-12b.metamathqa-10k.relora_diag_gated_S3pos - loading MetaMathQA from /mnt/cpfs/junlongke/onlinelora/datasets/MetaMathQA
[2026-05-21 02:41:16,804] INFO stage3.gemma3-12b.metamathqa-10k.relora_diag_gated_S3pos - metamathqa train=10000 val=500
[2026-05-21 02:41:20,795] INFO stage3.gemma3-12b.metamathqa-10k.relora_diag_gated_S3pos - metamathqa tokenized: train 10000 val 500
[2026-05-21 02:41:21,086] INFO stage3.gemma3-12b.metamathqa-10k.relora_diag_gated_S3pos - data prepared in 5.7s
[2026-05-21 02:41:28,041] INFO stage3.gemma3-12b.metamathqa-10k.relora_diag_gated_S3pos - model loaded in 7.0s
[2026-05-21 02:41:36,810] INFO stage3.gemma3-12b.metamathqa-10k.relora_diag_gated_S3pos - #LoRA layers=417 #components=6672
[2026-05-21 02:41:36,820] INFO stage3.gemma3-12b.metamathqa-10k.relora_diag_gated_S3pos - #trainable params=68.46M
[2026-05-21 02:41:48,850] INFO stage3.gemma3-12b.metamathqa-10k.relora_diag_gated_S3pos - [step 0] mean_ER=1515.00 mean_CN=1.01e+06 (sampled 8 layers)
[2026-05-21 02:41:48,852] INFO stage3.gemma3-12b.metamathqa-10k.relora_diag_gated_S3pos - merge events scheduled at: [500, 1000, 1500, 2000, 2500, 3000]
[2026-05-21 02:45:41,321] INFO stage3.gemma3-12b.metamathqa-10k.relora_diag_gated_S3pos - step=25/3000 train_loss=0.9509 lr=5.00e-05 elapsed=232s
[2026-05-21 02:49:37,012] INFO stage3.gemma3-12b.metamathqa-10k.relora_diag_gated_S3pos - step=50/3000 train_loss=0.2984 lr=1.00e-04 elapsed=468s
[2026-05-21 02:49:37,842] INFO stage3.gemma3-12b.metamathqa-10k.relora_diag_gated_S3pos - periodic ckpt saved: /mnt/cpfs/junlongke/onlinelora/lora_obd/results/stage3_v2/gemma3-12b/metamathqa-10k/relora_diag_gated_S3pos/seed42/checkpoints/step_000050
[2026-05-21 02:53:35,545] INFO stage3.gemma3-12b.metamathqa-10k.relora_diag_gated_S3pos - step=75/3000 train_loss=0.2217 lr=1.50e-04 elapsed=707s
[2026-05-21 02:57:27,350] INFO stage3.gemma3-12b.metamathqa-10k.relora_diag_gated_S3pos - step=100/3000 train_loss=0.2076 lr=2.00e-04 elapsed=938s
[2026-05-21 02:57:28,125] INFO stage3.gemma3-12b.metamathqa-10k.relora_diag_gated_S3pos - periodic ckpt saved: /mnt/cpfs/junlongke/onlinelora/lora_obd/results/stage3_v2/gemma3-12b/metamathqa-10k/relora_diag_gated_S3pos/seed42/checkpoints/step_000100
[2026-05-21 03:01:28,860] INFO stage3.gemma3-12b.metamathqa-10k.relora_diag_gated_S3pos - step=125/3000 train_loss=0.1856 lr=2.00e-04 elapsed=1180s
[2026-05-21 03:05:27,538] INFO stage3.gemma3-12b.metamathqa-10k.relora_diag_gated_S3pos - step=150/3000 train_loss=0.1860 lr=2.00e-04 elapsed=1419s
[2026-05-21 03:05:28,318] INFO stage3.gemma3-12b.metamathqa-10k.relora_diag_gated_S3pos - periodic ckpt saved: /mnt/cpfs/junlongke/onlinelora/lora_obd/results/stage3_v2/gemma3-12b/metamathqa-10k/relora_diag_gated_S3pos/seed42/checkpoints/step_000150
[2026-05-21 03:09:28,614] INFO stage3.gemma3-12b.metamathqa-10k.relora_diag_gated_S3pos - step=175/3000 train_loss=0.1825 lr=2.00e-04 elapsed=1660s
[2026-05-21 03:13:29,863] INFO stage3.gemma3-12b.metamathqa-10k.relora_diag_gated_S3pos - step=200/3000 train_loss=0.1777 lr=1.99e-04 elapsed=1901s
[2026-05-21 03:13:30,628] INFO stage3.gemma3-12b.metamathqa-10k.relora_diag_gated_S3pos - periodic ckpt saved: /mnt/cpfs/junlongke/onlinelora/lora_obd/results/stage3_v2/gemma3-12b/metamathqa-10k/relora_diag_gated_S3pos/seed42/checkpoints/step_000200
[2026-05-21 03:17:37,635] INFO stage3.gemma3-12b.metamathqa-10k.relora_diag_gated_S3pos - step=225/3000 train_loss=0.1778 lr=1.99e-04 elapsed=2149s
[2026-05-21 03:21:31,354] INFO stage3.gemma3-12b.metamathqa-10k.relora_diag_gated_S3pos - step=250/3000 train_loss=0.1698 lr=1.99e-04 elapsed=2382s
[2026-05-21 03:21:32,140] INFO stage3.gemma3-12b.metamathqa-10k.relora_diag_gated_S3pos - periodic ckpt saved: /mnt/cpfs/junlongke/onlinelora/lora_obd/results/stage3_v2/gemma3-12b/metamathqa-10k/relora_diag_gated_S3pos/seed42/checkpoints/step_000250
[2026-05-21 03:22:27,715] INFO stage3.gemma3-12b.metamathqa-10k.relora_diag_gated_S3pos - step=250 VAL_LOSS=0.1717
[2026-05-21 03:22:28,470] INFO stage3.gemma3-12b.metamathqa-10k.relora_diag_gated_S3pos - best ckpt updated: step=250 val_loss=0.1717
[2026-05-21 03:26:22,284] INFO stage3.gemma3-12b.metamathqa-10k.relora_diag_gated_S3pos - step=275/3000 train_loss=0.1673 lr=1.98e-04 elapsed=2673s
[2026-05-21 03:30:20,341] INFO stage3.gemma3-12b.metamathqa-10k.relora_diag_gated_S3pos - step=300/3000 train_loss=0.1751 lr=1.98e-04 elapsed=2911s
[2026-05-21 03:30:21,355] INFO stage3.gemma3-12b.metamathqa-10k.relora_diag_gated_S3pos - periodic ckpt saved: /mnt/cpfs/junlongke/onlinelora/lora_obd/results/stage3_v2/gemma3-12b/metamathqa-10k/relora_diag_gated_S3pos/seed42/checkpoints/step_000300
[2026-05-21 03:34:24,796] INFO stage3.gemma3-12b.metamathqa-10k.relora_diag_gated_S3pos - step=325/3000 train_loss=0.1511 lr=1.97e-04 elapsed=3156s
[2026-05-21 03:38:27,049] INFO stage3.gemma3-12b.metamathqa-10k.relora_diag_gated_S3pos - step=350/3000 train_loss=0.1407 lr=1.96e-04 elapsed=3398s
[2026-05-21 03:38:27,823] INFO stage3.gemma3-12b.metamathqa-10k.relora_diag_gated_S3pos - periodic ckpt saved: /mnt/cpfs/junlongke/onlinelora/lora_obd/results/stage3_v2/gemma3-12b/metamathqa-10k/relora_diag_gated_S3pos/seed42/checkpoints/step_000350
[2026-05-21 03:42:24,218] INFO stage3.gemma3-12b.metamathqa-10k.relora_diag_gated_S3pos - step=375/3000 train_loss=0.1383 lr=1.96e-04 elapsed=3635s
[2026-05-21 03:46:24,564] INFO stage3.gemma3-12b.metamathqa-10k.relora_diag_gated_S3pos - step=400/3000 train_loss=0.1411 lr=1.95e-04 elapsed=3876s
[2026-05-21 03:46:25,334] INFO stage3.gemma3-12b.metamathqa-10k.relora_diag_gated_S3pos - periodic ckpt saved: /mnt/cpfs/junlongke/onlinelora/lora_obd/results/stage3_v2/gemma3-12b/metamathqa-10k/relora_diag_gated_S3pos/seed42/checkpoints/step_000400
[2026-05-21 03:50:29,514] INFO stage3.gemma3-12b.metamathqa-10k.relora_diag_gated_S3pos - step=425/3000 train_loss=0.1407 lr=1.94e-04 elapsed=4121s
[2026-05-21 03:54:17,654] INFO stage3.gemma3-12b.metamathqa-10k.relora_diag_gated_S3pos - step=450/3000 train_loss=0.1448 lr=1.93e-04 elapsed=4349s
[2026-05-21 03:54:18,676] INFO stage3.gemma3-12b.metamathqa-10k.relora_diag_gated_S3pos - periodic ckpt saved: /mnt/cpfs/junlongke/onlinelora/lora_obd/results/stage3_v2/gemma3-12b/metamathqa-10k/relora_diag_gated_S3pos/seed42/checkpoints/step_000450
[2026-05-21 03:58:06,754] INFO stage3.gemma3-12b.metamathqa-10k.relora_diag_gated_S3pos - step=475/3000 train_loss=0.1373 lr=1.92e-04 elapsed=4578s
[2026-05-21 04:02:01,975] INFO stage3.gemma3-12b.metamathqa-10k.relora_diag_gated_S3pos - step=500/3000 train_loss=0.1416 lr=1.91e-04 elapsed=4813s
[2026-05-21 04:02:02,773] INFO stage3.gemma3-12b.metamathqa-10k.relora_diag_gated_S3pos - periodic ckpt saved: /mnt/cpfs/junlongke/onlinelora/lora_obd/results/stage3_v2/gemma3-12b/metamathqa-10k/relora_diag_gated_S3pos/seed42/checkpoints/step_000500
[2026-05-21 04:02:58,204] INFO stage3.gemma3-12b.metamathqa-10k.relora_diag_gated_S3pos - step=500 VAL_LOSS=0.1711
[2026-05-21 04:02:58,981] INFO stage3.gemma3-12b.metamathqa-10k.relora_diag_gated_S3pos - best ckpt updated: step=500 val_loss=0.1711
[2026-05-21 04:03:10,059] INFO stage3.gemma3-12b.metamathqa-10k.relora_diag_gated_S3pos - step=500 mean_ER=1515.11 mean_CN=1.01e+06
[2026-05-21 04:03:10,059] INFO stage3.gemma3-12b.metamathqa-10k.relora_diag_gated_S3pos - === MERGE EVENT 1 at step 500 (method=relora_diag_gated_S3pos) ===
[2026-05-21 04:04:15,038] INFO stage3.gemma3-12b.metamathqa-10k.relora_diag_gated_S3pos - START stage3 model=/mnt/cpfs/junlongke/onlinelora/models/gemma-3-12b-it dataset=metamathqa-10k method=relora_diag_gated_S3pos out=/mnt/cpfs/junlongke/onlinelora/lora_obd/results/stage3_v2/gemma3-12b/metamathqa-10k/relora_diag_gated_S3pos/seed42
[2026-05-21 04:04:17,436] INFO stage3.gemma3-12b.metamathqa-10k.relora_diag_gated_S3pos - tokenizer loaded in 1.1s, vocab=262144
[2026-05-21 04:04:17,436] INFO stage3.gemma3-12b.metamathqa-10k.relora_diag_gated_S3pos - loading MetaMathQA from /mnt/cpfs/junlongke/onlinelora/datasets/MetaMathQA
[2026-05-21 04:04:18,793] INFO stage3.gemma3-12b.metamathqa-10k.relora_diag_gated_S3pos - metamathqa train=10000 val=500
[2026-05-21 04:04:22,808] INFO stage3.gemma3-12b.metamathqa-10k.relora_diag_gated_S3pos - metamathqa tokenized: train 10000 val 500
[2026-05-21 04:04:23,092] INFO stage3.gemma3-12b.metamathqa-10k.relora_diag_gated_S3pos - data prepared in 5.7s
[2026-05-21 04:04:31,399] INFO stage3.gemma3-12b.metamathqa-10k.relora_diag_gated_S3pos - model loaded in 8.3s
[2026-05-21 04:04:40,101] INFO stage3.gemma3-12b.metamathqa-10k.relora_diag_gated_S3pos - #LoRA layers=417 #components=6672
[2026-05-21 04:04:40,111] INFO stage3.gemma3-12b.metamathqa-10k.relora_diag_gated_S3pos - #trainable params=68.46M
[2026-05-21 04:04:52,547] INFO stage3.gemma3-12b.metamathqa-10k.relora_diag_gated_S3pos - [step 0] mean_ER=1515.00 mean_CN=1.01e+06 (sampled 8 layers)
[2026-05-21 04:04:52,548] INFO stage3.gemma3-12b.metamathqa-10k.relora_diag_gated_S3pos - merge events scheduled at: [500, 1000, 1500, 2000, 2500, 3000]
[2026-05-21 04:08:43,856] INFO stage3.gemma3-12b.metamathqa-10k.relora_diag_gated_S3pos - step=25/3000 train_loss=0.9509 lr=5.00e-05 elapsed=231s
[2026-05-21 04:12:39,243] INFO stage3.gemma3-12b.metamathqa-10k.relora_diag_gated_S3pos - step=50/3000 train_loss=0.2984 lr=1.00e-04 elapsed=467s
[2026-05-21 04:12:40,068] INFO stage3.gemma3-12b.metamathqa-10k.relora_diag_gated_S3pos - periodic ckpt saved: /mnt/cpfs/junlongke/onlinelora/lora_obd/results/stage3_v2/gemma3-12b/metamathqa-10k/relora_diag_gated_S3pos/seed42/checkpoints/step_000050
[2026-05-21 04:16:37,232] INFO stage3.gemma3-12b.metamathqa-10k.relora_diag_gated_S3pos - step=75/3000 train_loss=0.2217 lr=1.50e-04 elapsed=705s
[2026-05-21 04:20:28,562] INFO stage3.gemma3-12b.metamathqa-10k.relora_diag_gated_S3pos - step=100/3000 train_loss=0.2076 lr=2.00e-04 elapsed=936s
[2026-05-21 04:20:29,315] INFO stage3.gemma3-12b.metamathqa-10k.relora_diag_gated_S3pos - periodic ckpt saved: /mnt/cpfs/junlongke/onlinelora/lora_obd/results/stage3_v2/gemma3-12b/metamathqa-10k/relora_diag_gated_S3pos/seed42/checkpoints/step_000100
[2026-05-21 04:24:29,375] INFO stage3.gemma3-12b.metamathqa-10k.relora_diag_gated_S3pos - step=125/3000 train_loss=0.1856 lr=2.00e-04 elapsed=1177s
[2026-05-21 04:28:27,501] INFO stage3.gemma3-12b.metamathqa-10k.relora_diag_gated_S3pos - step=150/3000 train_loss=0.1860 lr=2.00e-04 elapsed=1415s
[2026-05-21 04:28:28,268] INFO stage3.gemma3-12b.metamathqa-10k.relora_diag_gated_S3pos - periodic ckpt saved: /mnt/cpfs/junlongke/onlinelora/lora_obd/results/stage3_v2/gemma3-12b/metamathqa-10k/relora_diag_gated_S3pos/seed42/checkpoints/step_000150
[2026-05-21 04:32:28,135] INFO stage3.gemma3-12b.metamathqa-10k.relora_diag_gated_S3pos - step=175/3000 train_loss=0.1825 lr=2.00e-04 elapsed=1656s
[2026-05-21 04:36:28,612] INFO stage3.gemma3-12b.metamathqa-10k.relora_diag_gated_S3pos - step=200/3000 train_loss=0.1777 lr=1.99e-04 elapsed=1896s
[2026-05-21 04:36:29,414] INFO stage3.gemma3-12b.metamathqa-10k.relora_diag_gated_S3pos - periodic ckpt saved: /mnt/cpfs/junlongke/onlinelora/lora_obd/results/stage3_v2/gemma3-12b/metamathqa-10k/relora_diag_gated_S3pos/seed42/checkpoints/step_000200
[2026-05-21 04:40:35,910] INFO stage3.gemma3-12b.metamathqa-10k.relora_diag_gated_S3pos - step=225/3000 train_loss=0.1778 lr=1.99e-04 elapsed=2143s
[2026-05-21 04:44:29,074] INFO stage3.gemma3-12b.metamathqa-10k.relora_diag_gated_S3pos - step=250/3000 train_loss=0.1698 lr=1.99e-04 elapsed=2377s
[2026-05-21 04:44:29,862] INFO stage3.gemma3-12b.metamathqa-10k.relora_diag_gated_S3pos - periodic ckpt saved: /mnt/cpfs/junlongke/onlinelora/lora_obd/results/stage3_v2/gemma3-12b/metamathqa-10k/relora_diag_gated_S3pos/seed42/checkpoints/step_000250
[2026-05-21 04:45:25,838] INFO stage3.gemma3-12b.metamathqa-10k.relora_diag_gated_S3pos - step=250 VAL_LOSS=0.1717
[2026-05-21 04:45:26,602] INFO stage3.gemma3-12b.metamathqa-10k.relora_diag_gated_S3pos - best ckpt updated: step=250 val_loss=0.1717
[2026-05-21 04:49:19,919] INFO stage3.gemma3-12b.metamathqa-10k.relora_diag_gated_S3pos - step=275/3000 train_loss=0.1673 lr=1.98e-04 elapsed=2667s
[2026-05-21 04:53:17,445] INFO stage3.gemma3-12b.metamathqa-10k.relora_diag_gated_S3pos - step=300/3000 train_loss=0.1751 lr=1.98e-04 elapsed=2905s
[2026-05-21 04:53:18,472] INFO stage3.gemma3-12b.metamathqa-10k.relora_diag_gated_S3pos - periodic ckpt saved: /mnt/cpfs/junlongke/onlinelora/lora_obd/results/stage3_v2/gemma3-12b/metamathqa-10k/relora_diag_gated_S3pos/seed42/checkpoints/step_000300
[2026-05-21 04:57:21,368] INFO stage3.gemma3-12b.metamathqa-10k.relora_diag_gated_S3pos - step=325/3000 train_loss=0.1511 lr=1.97e-04 elapsed=3149s
[2026-05-21 05:01:23,064] INFO stage3.gemma3-12b.metamathqa-10k.relora_diag_gated_S3pos - step=350/3000 train_loss=0.1407 lr=1.96e-04 elapsed=3391s
[2026-05-21 05:01:23,841] INFO stage3.gemma3-12b.metamathqa-10k.relora_diag_gated_S3pos - periodic ckpt saved: /mnt/cpfs/junlongke/onlinelora/lora_obd/results/stage3_v2/gemma3-12b/metamathqa-10k/relora_diag_gated_S3pos/seed42/checkpoints/step_000350
[2026-05-21 05:05:19,624] INFO stage3.gemma3-12b.metamathqa-10k.relora_diag_gated_S3pos - step=375/3000 train_loss=0.1383 lr=1.96e-04 elapsed=3627s
[2026-05-21 05:09:19,595] INFO stage3.gemma3-12b.metamathqa-10k.relora_diag_gated_S3pos - step=400/3000 train_loss=0.1411 lr=1.95e-04 elapsed=3867s
[2026-05-21 05:09:20,367] INFO stage3.gemma3-12b.metamathqa-10k.relora_diag_gated_S3pos - periodic ckpt saved: /mnt/cpfs/junlongke/onlinelora/lora_obd/results/stage3_v2/gemma3-12b/metamathqa-10k/relora_diag_gated_S3pos/seed42/checkpoints/step_000400
[2026-05-21 05:13:24,128] INFO stage3.gemma3-12b.metamathqa-10k.relora_diag_gated_S3pos - step=425/3000 train_loss=0.1407 lr=1.94e-04 elapsed=4112s
[2026-05-21 05:17:11,692] INFO stage3.gemma3-12b.metamathqa-10k.relora_diag_gated_S3pos - step=450/3000 train_loss=0.1448 lr=1.93e-04 elapsed=4339s
[2026-05-21 05:17:12,721] INFO stage3.gemma3-12b.metamathqa-10k.relora_diag_gated_S3pos - periodic ckpt saved: /mnt/cpfs/junlongke/onlinelora/lora_obd/results/stage3_v2/gemma3-12b/metamathqa-10k/relora_diag_gated_S3pos/seed42/checkpoints/step_000450
[2026-05-21 05:21:00,393] INFO stage3.gemma3-12b.metamathqa-10k.relora_diag_gated_S3pos - step=475/3000 train_loss=0.1373 lr=1.92e-04 elapsed=4568s
[2026-05-21 05:24:54,867] INFO stage3.gemma3-12b.metamathqa-10k.relora_diag_gated_S3pos - step=500/3000 train_loss=0.1416 lr=1.91e-04 elapsed=4802s
[2026-05-21 05:24:55,663] INFO stage3.gemma3-12b.metamathqa-10k.relora_diag_gated_S3pos - periodic ckpt saved: /mnt/cpfs/junlongke/onlinelora/lora_obd/results/stage3_v2/gemma3-12b/metamathqa-10k/relora_diag_gated_S3pos/seed42/checkpoints/step_000500
[2026-05-21 05:25:51,755] INFO stage3.gemma3-12b.metamathqa-10k.relora_diag_gated_S3pos - step=500 VAL_LOSS=0.1711
[2026-05-21 05:25:52,641] INFO stage3.gemma3-12b.metamathqa-10k.relora_diag_gated_S3pos - best ckpt updated: step=500 val_loss=0.1711
[2026-05-21 05:26:03,830] INFO stage3.gemma3-12b.metamathqa-10k.relora_diag_gated_S3pos - step=500 mean_ER=1515.11 mean_CN=1.01e+06
[2026-05-21 05:26:03,830] INFO stage3.gemma3-12b.metamathqa-10k.relora_diag_gated_S3pos - === MERGE EVENT 1 at step 500 (method=relora_diag_gated_S3pos) ===
[2026-05-21 05:27:09,280] INFO stage3.gemma3-12b.metamathqa-10k.relora_diag_gated_S3pos - START stage3 model=/mnt/cpfs/junlongke/onlinelora/models/gemma-3-12b-it dataset=metamathqa-10k method=relora_diag_gated_S3pos out=/mnt/cpfs/junlongke/onlinelora/lora_obd/results/stage3_v2/gemma3-12b/metamathqa-10k/relora_diag_gated_S3pos/seed42
[2026-05-21 05:27:11,113] INFO stage3.gemma3-12b.metamathqa-10k.relora_diag_gated_S3pos - tokenizer loaded in 1.1s, vocab=262144
[2026-05-21 05:27:11,113] INFO stage3.gemma3-12b.metamathqa-10k.relora_diag_gated_S3pos - loading MetaMathQA from /mnt/cpfs/junlongke/onlinelora/datasets/MetaMathQA
[2026-05-21 05:27:12,491] INFO stage3.gemma3-12b.metamathqa-10k.relora_diag_gated_S3pos - metamathqa train=10000 val=500
[2026-05-21 05:27:16,555] INFO stage3.gemma3-12b.metamathqa-10k.relora_diag_gated_S3pos - metamathqa tokenized: train 10000 val 500
[2026-05-21 05:27:16,858] INFO stage3.gemma3-12b.metamathqa-10k.relora_diag_gated_S3pos - data prepared in 5.7s
[2026-05-21 05:27:25,226] INFO stage3.gemma3-12b.metamathqa-10k.relora_diag_gated_S3pos - model loaded in 8.4s
[2026-05-21 05:27:35,332] INFO stage3.gemma3-12b.metamathqa-10k.relora_diag_gated_S3pos - #LoRA layers=417 #components=6672
[2026-05-21 05:27:35,342] INFO stage3.gemma3-12b.metamathqa-10k.relora_diag_gated_S3pos - #trainable params=68.46M
[2026-05-21 05:27:47,829] INFO stage3.gemma3-12b.metamathqa-10k.relora_diag_gated_S3pos - [step 0] mean_ER=1515.00 mean_CN=1.01e+06 (sampled 8 layers)
[2026-05-21 05:27:47,829] INFO stage3.gemma3-12b.metamathqa-10k.relora_diag_gated_S3pos - merge events scheduled at: [500, 1000, 1500, 2000, 2500, 3000]
[2026-05-21 05:31:40,952] INFO stage3.gemma3-12b.metamathqa-10k.relora_diag_gated_S3pos - step=25/3000 train_loss=0.9509 lr=5.00e-05 elapsed=233s
[2026-05-21 05:35:37,019] INFO stage3.gemma3-12b.metamathqa-10k.relora_diag_gated_S3pos - step=50/3000 train_loss=0.2984 lr=1.00e-04 elapsed=469s
[2026-05-21 05:35:37,909] INFO stage3.gemma3-12b.metamathqa-10k.relora_diag_gated_S3pos - periodic ckpt saved: /mnt/cpfs/junlongke/onlinelora/lora_obd/results/stage3_v2/gemma3-12b/metamathqa-10k/relora_diag_gated_S3pos/seed42/checkpoints/step_000050
[2026-05-21 05:39:35,899] INFO stage3.gemma3-12b.metamathqa-10k.relora_diag_gated_S3pos - step=75/3000 train_loss=0.2217 lr=1.50e-04 elapsed=708s
[2026-05-21 05:43:28,054] INFO stage3.gemma3-12b.metamathqa-10k.relora_diag_gated_S3pos - step=100/3000 train_loss=0.2076 lr=2.00e-04 elapsed=940s
[2026-05-21 05:43:28,935] INFO stage3.gemma3-12b.metamathqa-10k.relora_diag_gated_S3pos - periodic ckpt saved: /mnt/cpfs/junlongke/onlinelora/lora_obd/results/stage3_v2/gemma3-12b/metamathqa-10k/relora_diag_gated_S3pos/seed42/checkpoints/step_000100
[2026-05-21 05:47:29,833] INFO stage3.gemma3-12b.metamathqa-10k.relora_diag_gated_S3pos - step=125/3000 train_loss=0.1856 lr=2.00e-04 elapsed=1182s
[2026-05-21 05:51:28,860] INFO stage3.gemma3-12b.metamathqa-10k.relora_diag_gated_S3pos - step=150/3000 train_loss=0.1860 lr=2.00e-04 elapsed=1421s
[2026-05-21 05:51:30,077] INFO stage3.gemma3-12b.metamathqa-10k.relora_diag_gated_S3pos - periodic ckpt saved: /mnt/cpfs/junlongke/onlinelora/lora_obd/results/stage3_v2/gemma3-12b/metamathqa-10k/relora_diag_gated_S3pos/seed42/checkpoints/step_000150
[2026-05-21 05:55:30,461] INFO stage3.gemma3-12b.metamathqa-10k.relora_diag_gated_S3pos - step=175/3000 train_loss=0.1825 lr=2.00e-04 elapsed=1663s
[2026-05-21 05:59:31,875] INFO stage3.gemma3-12b.metamathqa-10k.relora_diag_gated_S3pos - step=200/3000 train_loss=0.1777 lr=1.99e-04 elapsed=1904s
[2026-05-21 05:59:33,013] INFO stage3.gemma3-12b.metamathqa-10k.relora_diag_gated_S3pos - periodic ckpt saved: /mnt/cpfs/junlongke/onlinelora/lora_obd/results/stage3_v2/gemma3-12b/metamathqa-10k/relora_diag_gated_S3pos/seed42/checkpoints/step_000200
[2026-05-21 06:03:40,270] INFO stage3.gemma3-12b.metamathqa-10k.relora_diag_gated_S3pos - step=225/3000 train_loss=0.1778 lr=1.99e-04 elapsed=2152s
[2026-05-21 06:07:34,347] INFO stage3.gemma3-12b.metamathqa-10k.relora_diag_gated_S3pos - step=250/3000 train_loss=0.1698 lr=1.99e-04 elapsed=2387s
[2026-05-21 06:07:35,148] INFO stage3.gemma3-12b.metamathqa-10k.relora_diag_gated_S3pos - periodic ckpt saved: /mnt/cpfs/junlongke/onlinelora/lora_obd/results/stage3_v2/gemma3-12b/metamathqa-10k/relora_diag_gated_S3pos/seed42/checkpoints/step_000250
[2026-05-21 06:08:31,435] INFO stage3.gemma3-12b.metamathqa-10k.relora_diag_gated_S3pos - step=250 VAL_LOSS=0.1717
[2026-05-21 06:08:32,256] INFO stage3.gemma3-12b.metamathqa-10k.relora_diag_gated_S3pos - best ckpt updated: step=250 val_loss=0.1717
[2026-05-21 06:12:26,483] INFO stage3.gemma3-12b.metamathqa-10k.relora_diag_gated_S3pos - step=275/3000 train_loss=0.1673 lr=1.98e-04 elapsed=2679s
[2026-05-21 06:16:25,413] INFO stage3.gemma3-12b.metamathqa-10k.relora_diag_gated_S3pos - step=300/3000 train_loss=0.1751 lr=1.98e-04 elapsed=2918s
[2026-05-21 06:16:26,227] INFO stage3.gemma3-12b.metamathqa-10k.relora_diag_gated_S3pos - periodic ckpt saved: /mnt/cpfs/junlongke/onlinelora/lora_obd/results/stage3_v2/gemma3-12b/metamathqa-10k/relora_diag_gated_S3pos/seed42/checkpoints/step_000300
[2026-05-21 06:20:29,961] INFO stage3.gemma3-12b.metamathqa-10k.relora_diag_gated_S3pos - step=325/3000 train_loss=0.1511 lr=1.97e-04 elapsed=3162s
[2026-05-21 06:24:32,465] INFO stage3.gemma3-12b.metamathqa-10k.relora_diag_gated_S3pos - step=350/3000 train_loss=0.1407 lr=1.96e-04 elapsed=3405s
[2026-05-21 06:24:33,285] INFO stage3.gemma3-12b.metamathqa-10k.relora_diag_gated_S3pos - periodic ckpt saved: /mnt/cpfs/junlongke/onlinelora/lora_obd/results/stage3_v2/gemma3-12b/metamathqa-10k/relora_diag_gated_S3pos/seed42/checkpoints/step_000350
[2026-05-21 06:28:29,925] INFO stage3.gemma3-12b.metamathqa-10k.relora_diag_gated_S3pos - step=375/3000 train_loss=0.1383 lr=1.96e-04 elapsed=3642s
[2026-05-21 06:32:30,520] INFO stage3.gemma3-12b.metamathqa-10k.relora_diag_gated_S3pos - step=400/3000 train_loss=0.1411 lr=1.95e-04 elapsed=3883s
[2026-05-21 06:32:31,332] INFO stage3.gemma3-12b.metamathqa-10k.relora_diag_gated_S3pos - periodic ckpt saved: /mnt/cpfs/junlongke/onlinelora/lora_obd/results/stage3_v2/gemma3-12b/metamathqa-10k/relora_diag_gated_S3pos/seed42/checkpoints/step_000400
[2026-05-21 06:36:35,730] INFO stage3.gemma3-12b.metamathqa-10k.relora_diag_gated_S3pos - step=425/3000 train_loss=0.1407 lr=1.94e-04 elapsed=4128s
[2026-05-21 06:40:24,324] INFO stage3.gemma3-12b.metamathqa-10k.relora_diag_gated_S3pos - step=450/3000 train_loss=0.1448 lr=1.93e-04 elapsed=4356s
[2026-05-21 06:40:25,158] INFO stage3.gemma3-12b.metamathqa-10k.relora_diag_gated_S3pos - periodic ckpt saved: /mnt/cpfs/junlongke/onlinelora/lora_obd/results/stage3_v2/gemma3-12b/metamathqa-10k/relora_diag_gated_S3pos/seed42/checkpoints/step_000450
[2026-05-21 06:44:13,364] INFO stage3.gemma3-12b.metamathqa-10k.relora_diag_gated_S3pos - step=475/3000 train_loss=0.1373 lr=1.92e-04 elapsed=4586s
[2026-05-21 06:48:08,796] INFO stage3.gemma3-12b.metamathqa-10k.relora_diag_gated_S3pos - step=500/3000 train_loss=0.1416 lr=1.91e-04 elapsed=4821s
[2026-05-21 06:48:09,664] INFO stage3.gemma3-12b.metamathqa-10k.relora_diag_gated_S3pos - periodic ckpt saved: /mnt/cpfs/junlongke/onlinelora/lora_obd/results/stage3_v2/gemma3-12b/metamathqa-10k/relora_diag_gated_S3pos/seed42/checkpoints/step_000500
[2026-05-21 06:49:05,286] INFO stage3.gemma3-12b.metamathqa-10k.relora_diag_gated_S3pos - step=500 VAL_LOSS=0.1711
[2026-05-21 06:49:06,093] INFO stage3.gemma3-12b.metamathqa-10k.relora_diag_gated_S3pos - best ckpt updated: step=500 val_loss=0.1711
[2026-05-21 06:49:17,462] INFO stage3.gemma3-12b.metamathqa-10k.relora_diag_gated_S3pos - step=500 mean_ER=1515.11 mean_CN=1.01e+06
[2026-05-21 06:49:17,462] INFO stage3.gemma3-12b.metamathqa-10k.relora_diag_gated_S3pos - === MERGE EVENT 1 at step 500 (method=relora_diag_gated_S3pos) ===
[2026-05-21 06:50:31,415] INFO stage3.gemma3-12b.metamathqa-10k.relora_diag_gated_S3pos - START stage3 model=/mnt/cpfs/junlongke/onlinelora/models/gemma-3-12b-it dataset=metamathqa-10k method=relora_diag_gated_S3pos out=/mnt/cpfs/junlongke/onlinelora/lora_obd/results/stage3_v2/gemma3-12b/metamathqa-10k/relora_diag_gated_S3pos/seed42
[2026-05-21 06:50:33,415] INFO stage3.gemma3-12b.metamathqa-10k.relora_diag_gated_S3pos - tokenizer loaded in 1.1s, vocab=262144
[2026-05-21 06:50:33,415] INFO stage3.gemma3-12b.metamathqa-10k.relora_diag_gated_S3pos - loading MetaMathQA from /mnt/cpfs/junlongke/onlinelora/datasets/MetaMathQA
[2026-05-21 06:50:34,890] INFO stage3.gemma3-12b.metamathqa-10k.relora_diag_gated_S3pos - metamathqa train=10000 val=500
[2026-05-21 06:50:38,938] INFO stage3.gemma3-12b.metamathqa-10k.relora_diag_gated_S3pos - metamathqa tokenized: train 10000 val 500
[2026-05-21 06:50:39,222] INFO stage3.gemma3-12b.metamathqa-10k.relora_diag_gated_S3pos - data prepared in 5.8s
[2026-05-21 06:50:47,549] INFO stage3.gemma3-12b.metamathqa-10k.relora_diag_gated_S3pos - model loaded in 8.3s
[2026-05-21 06:50:56,071] INFO stage3.gemma3-12b.metamathqa-10k.relora_diag_gated_S3pos - #LoRA layers=417 #components=6672
[2026-05-21 06:50:56,080] INFO stage3.gemma3-12b.metamathqa-10k.relora_diag_gated_S3pos - #trainable params=68.46M
[2026-05-21 06:51:07,854] INFO stage3.gemma3-12b.metamathqa-10k.relora_diag_gated_S3pos - [step 0] mean_ER=1515.00 mean_CN=1.01e+06 (sampled 8 layers)
[2026-05-21 06:51:07,854] INFO stage3.gemma3-12b.metamathqa-10k.relora_diag_gated_S3pos - merge events scheduled at: [500, 1000, 1500, 2000, 2500, 3000]
[2026-05-21 06:55:01,445] INFO stage3.gemma3-12b.metamathqa-10k.relora_diag_gated_S3pos - step=25/3000 train_loss=0.9509 lr=5.00e-05 elapsed=234s
[2026-05-21 06:58:57,225] INFO stage3.gemma3-12b.metamathqa-10k.relora_diag_gated_S3pos - step=50/3000 train_loss=0.2984 lr=1.00e-04 elapsed=469s
[2026-05-21 06:58:58,044] INFO stage3.gemma3-12b.metamathqa-10k.relora_diag_gated_S3pos - periodic ckpt saved: /mnt/cpfs/junlongke/onlinelora/lora_obd/results/stage3_v2/gemma3-12b/metamathqa-10k/relora_diag_gated_S3pos/seed42/checkpoints/step_000050
[2026-05-21 07:02:55,751] INFO stage3.gemma3-12b.metamathqa-10k.relora_diag_gated_S3pos - step=75/3000 train_loss=0.2217 lr=1.50e-04 elapsed=708s
[2026-05-21 07:06:47,668] INFO stage3.gemma3-12b.metamathqa-10k.relora_diag_gated_S3pos - step=100/3000 train_loss=0.2076 lr=2.00e-04 elapsed=940s
[2026-05-21 07:06:48,428] INFO stage3.gemma3-12b.metamathqa-10k.relora_diag_gated_S3pos - periodic ckpt saved: /mnt/cpfs/junlongke/onlinelora/lora_obd/results/stage3_v2/gemma3-12b/metamathqa-10k/relora_diag_gated_S3pos/seed42/checkpoints/step_000100
[2026-05-21 07:10:49,148] INFO stage3.gemma3-12b.metamathqa-10k.relora_diag_gated_S3pos - step=125/3000 train_loss=0.1856 lr=2.00e-04 elapsed=1181s
[2026-05-21 07:14:48,225] INFO stage3.gemma3-12b.metamathqa-10k.relora_diag_gated_S3pos - step=150/3000 train_loss=0.1860 lr=2.00e-04 elapsed=1420s
[2026-05-21 07:14:49,006] INFO stage3.gemma3-12b.metamathqa-10k.relora_diag_gated_S3pos - periodic ckpt saved: /mnt/cpfs/junlongke/onlinelora/lora_obd/results/stage3_v2/gemma3-12b/metamathqa-10k/relora_diag_gated_S3pos/seed42/checkpoints/step_000150
[2026-05-21 07:18:49,470] INFO stage3.gemma3-12b.metamathqa-10k.relora_diag_gated_S3pos - step=175/3000 train_loss=0.1825 lr=2.00e-04 elapsed=1662s
[2026-05-21 07:22:50,632] INFO stage3.gemma3-12b.metamathqa-10k.relora_diag_gated_S3pos - step=200/3000 train_loss=0.1777 lr=1.99e-04 elapsed=1903s
[2026-05-21 07:22:51,406] INFO stage3.gemma3-12b.metamathqa-10k.relora_diag_gated_S3pos - periodic ckpt saved: /mnt/cpfs/junlongke/onlinelora/lora_obd/results/stage3_v2/gemma3-12b/metamathqa-10k/relora_diag_gated_S3pos/seed42/checkpoints/step_000200
[2026-05-21 07:26:58,423] INFO stage3.gemma3-12b.metamathqa-10k.relora_diag_gated_S3pos - step=225/3000 train_loss=0.1778 lr=1.99e-04 elapsed=2151s
[2026-05-21 07:30:52,226] INFO stage3.gemma3-12b.metamathqa-10k.relora_diag_gated_S3pos - step=250/3000 train_loss=0.1698 lr=1.99e-04 elapsed=2384s
[2026-05-21 07:30:53,040] INFO stage3.gemma3-12b.metamathqa-10k.relora_diag_gated_S3pos - periodic ckpt saved: /mnt/cpfs/junlongke/onlinelora/lora_obd/results/stage3_v2/gemma3-12b/metamathqa-10k/relora_diag_gated_S3pos/seed42/checkpoints/step_000250
[2026-05-21 07:31:49,446] INFO stage3.gemma3-12b.metamathqa-10k.relora_diag_gated_S3pos - step=250 VAL_LOSS=0.1717
[2026-05-21 07:31:50,259] INFO stage3.gemma3-12b.metamathqa-10k.relora_diag_gated_S3pos - best ckpt updated: step=250 val_loss=0.1717
[2026-05-21 07:35:44,531] INFO stage3.gemma3-12b.metamathqa-10k.relora_diag_gated_S3pos - step=275/3000 train_loss=0.1673 lr=1.98e-04 elapsed=2677s
[2026-05-21 07:39:42,721] INFO stage3.gemma3-12b.metamathqa-10k.relora_diag_gated_S3pos - step=300/3000 train_loss=0.1751 lr=1.98e-04 elapsed=2915s
[2026-05-21 07:39:43,764] INFO stage3.gemma3-12b.metamathqa-10k.relora_diag_gated_S3pos - periodic ckpt saved: /mnt/cpfs/junlongke/onlinelora/lora_obd/results/stage3_v2/gemma3-12b/metamathqa-10k/relora_diag_gated_S3pos/seed42/checkpoints/step_000300
[2026-05-21 07:43:47,390] INFO stage3.gemma3-12b.metamathqa-10k.relora_diag_gated_S3pos - step=325/3000 train_loss=0.1511 lr=1.97e-04 elapsed=3160s
[2026-05-21 07:47:49,998] INFO stage3.gemma3-12b.metamathqa-10k.relora_diag_gated_S3pos - step=350/3000 train_loss=0.1407 lr=1.96e-04 elapsed=3402s
[2026-05-21 07:47:50,797] INFO stage3.gemma3-12b.metamathqa-10k.relora_diag_gated_S3pos - periodic ckpt saved: /mnt/cpfs/junlongke/onlinelora/lora_obd/results/stage3_v2/gemma3-12b/metamathqa-10k/relora_diag_gated_S3pos/seed42/checkpoints/step_000350
[2026-05-21 07:51:47,126] INFO stage3.gemma3-12b.metamathqa-10k.relora_diag_gated_S3pos - step=375/3000 train_loss=0.1383 lr=1.96e-04 elapsed=3639s
[2026-05-21 07:55:47,569] INFO stage3.gemma3-12b.metamathqa-10k.relora_diag_gated_S3pos - step=400/3000 train_loss=0.1411 lr=1.95e-04 elapsed=3880s
[2026-05-21 07:55:48,324] INFO stage3.gemma3-12b.metamathqa-10k.relora_diag_gated_S3pos - periodic ckpt saved: /mnt/cpfs/junlongke/onlinelora/lora_obd/results/stage3_v2/gemma3-12b/metamathqa-10k/relora_diag_gated_S3pos/seed42/checkpoints/step_000400
[2026-05-21 07:59:52,485] INFO stage3.gemma3-12b.metamathqa-10k.relora_diag_gated_S3pos - step=425/3000 train_loss=0.1407 lr=1.94e-04 elapsed=4125s
[2026-05-21 08:03:40,596] INFO stage3.gemma3-12b.metamathqa-10k.relora_diag_gated_S3pos - step=450/3000 train_loss=0.1448 lr=1.93e-04 elapsed=4353s
[2026-05-21 08:03:41,621] INFO stage3.gemma3-12b.metamathqa-10k.relora_diag_gated_S3pos - periodic ckpt saved: /mnt/cpfs/junlongke/onlinelora/lora_obd/results/stage3_v2/gemma3-12b/metamathqa-10k/relora_diag_gated_S3pos/seed42/checkpoints/step_000450
[2026-05-21 08:07:29,579] INFO stage3.gemma3-12b.metamathqa-10k.relora_diag_gated_S3pos - step=475/3000 train_loss=0.1373 lr=1.92e-04 elapsed=4582s
[2026-05-21 08:11:24,802] INFO stage3.gemma3-12b.metamathqa-10k.relora_diag_gated_S3pos - step=500/3000 train_loss=0.1416 lr=1.91e-04 elapsed=4817s
[2026-05-21 08:11:25,609] INFO stage3.gemma3-12b.metamathqa-10k.relora_diag_gated_S3pos - periodic ckpt saved: /mnt/cpfs/junlongke/onlinelora/lora_obd/results/stage3_v2/gemma3-12b/metamathqa-10k/relora_diag_gated_S3pos/seed42/checkpoints/step_000500
[2026-05-21 08:12:21,562] INFO stage3.gemma3-12b.metamathqa-10k.relora_diag_gated_S3pos - step=500 VAL_LOSS=0.1711
[2026-05-21 08:12:22,349] INFO stage3.gemma3-12b.metamathqa-10k.relora_diag_gated_S3pos - best ckpt updated: step=500 val_loss=0.1711
[2026-05-21 08:12:33,744] INFO stage3.gemma3-12b.metamathqa-10k.relora_diag_gated_S3pos - step=500 mean_ER=1515.11 mean_CN=1.01e+06
[2026-05-21 08:12:33,744] INFO stage3.gemma3-12b.metamathqa-10k.relora_diag_gated_S3pos - === MERGE EVENT 1 at step 500 (method=relora_diag_gated_S3pos) ===
[2026-05-21 08:18:30,495] INFO stage3.gemma3-12b.metamathqa-10k.relora_diag_gated_S3pos - START stage3 model=/mnt/cpfs/junlongke/onlinelora/models/gemma-3-12b-it dataset=metamathqa-10k method=relora_diag_gated_S3pos out=/mnt/cpfs/junlongke/onlinelora/lora_obd/results/stage3_v2/gemma3-12b/metamathqa-10k/relora_diag_gated_S3pos/seed42
[2026-05-21 08:18:32,943] INFO stage3.gemma3-12b.metamathqa-10k.relora_diag_gated_S3pos - tokenizer loaded in 1.1s, vocab=262144
[2026-05-21 08:18:32,944] INFO stage3.gemma3-12b.metamathqa-10k.relora_diag_gated_S3pos - loading MetaMathQA from /mnt/cpfs/junlongke/onlinelora/datasets/MetaMathQA
[2026-05-21 08:18:34,287] INFO stage3.gemma3-12b.metamathqa-10k.relora_diag_gated_S3pos - metamathqa train=10000 val=500
[2026-05-21 08:18:38,276] INFO stage3.gemma3-12b.metamathqa-10k.relora_diag_gated_S3pos - metamathqa tokenized: train 10000 val 500
[2026-05-21 08:18:38,554] INFO stage3.gemma3-12b.metamathqa-10k.relora_diag_gated_S3pos - data prepared in 5.6s
[2026-05-21 08:18:46,804] INFO stage3.gemma3-12b.metamathqa-10k.relora_diag_gated_S3pos - model loaded in 8.2s
[2026-05-21 08:18:56,041] INFO stage3.gemma3-12b.metamathqa-10k.relora_diag_gated_S3pos - #LoRA layers=417 #components=6672
[2026-05-21 08:18:56,050] INFO stage3.gemma3-12b.metamathqa-10k.relora_diag_gated_S3pos - #trainable params=68.46M
[2026-05-21 08:19:07,836] INFO stage3.gemma3-12b.metamathqa-10k.relora_diag_gated_S3pos - [step 0] mean_ER=1515.00 mean_CN=1.01e+06 (sampled 8 layers)
[2026-05-21 08:19:07,836] INFO stage3.gemma3-12b.metamathqa-10k.relora_diag_gated_S3pos - merge events scheduled at: [500, 1000, 1500, 2000, 2500, 3000]
[2026-05-21 08:23:00,416] INFO stage3.gemma3-12b.metamathqa-10k.relora_diag_gated_S3pos - step=25/3000 train_loss=0.9509 lr=5.00e-05 elapsed=233s
[2026-05-21 08:26:56,115] INFO stage3.gemma3-12b.metamathqa-10k.relora_diag_gated_S3pos - step=50/3000 train_loss=0.2984 lr=1.00e-04 elapsed=468s
[2026-05-21 08:26:56,942] INFO stage3.gemma3-12b.metamathqa-10k.relora_diag_gated_S3pos - periodic ckpt saved: /mnt/cpfs/junlongke/onlinelora/lora_obd/results/stage3_v2/gemma3-12b/metamathqa-10k/relora_diag_gated_S3pos/seed42/checkpoints/step_000050
[2026-05-21 08:30:54,587] INFO stage3.gemma3-12b.metamathqa-10k.relora_diag_gated_S3pos - step=75/3000 train_loss=0.2217 lr=1.50e-04 elapsed=707s
[2026-05-21 08:34:46,387] INFO stage3.gemma3-12b.metamathqa-10k.relora_diag_gated_S3pos - step=100/3000 train_loss=0.2076 lr=2.00e-04 elapsed=939s
[2026-05-21 08:34:47,168] INFO stage3.gemma3-12b.metamathqa-10k.relora_diag_gated_S3pos - periodic ckpt saved: /mnt/cpfs/junlongke/onlinelora/lora_obd/results/stage3_v2/gemma3-12b/metamathqa-10k/relora_diag_gated_S3pos/seed42/checkpoints/step_000100
[2026-05-21 08:38:47,969] INFO stage3.gemma3-12b.metamathqa-10k.relora_diag_gated_S3pos - step=125/3000 train_loss=0.1856 lr=2.00e-04 elapsed=1180s
[2026-05-21 08:42:46,851] INFO stage3.gemma3-12b.metamathqa-10k.relora_diag_gated_S3pos - step=150/3000 train_loss=0.1860 lr=2.00e-04 elapsed=1419s
[2026-05-21 08:42:47,665] INFO stage3.gemma3-12b.metamathqa-10k.relora_diag_gated_S3pos - periodic ckpt saved: /mnt/cpfs/junlongke/onlinelora/lora_obd/results/stage3_v2/gemma3-12b/metamathqa-10k/relora_diag_gated_S3pos/seed42/checkpoints/step_000150
[2026-05-21 08:46:48,202] INFO stage3.gemma3-12b.metamathqa-10k.relora_diag_gated_S3pos - step=175/3000 train_loss=0.1825 lr=2.00e-04 elapsed=1660s
[2026-05-21 08:50:49,924] INFO stage3.gemma3-12b.metamathqa-10k.relora_diag_gated_S3pos - step=200/3000 train_loss=0.1777 lr=1.99e-04 elapsed=1902s
[2026-05-21 08:50:50,691] INFO stage3.gemma3-12b.metamathqa-10k.relora_diag_gated_S3pos - periodic ckpt saved: /mnt/cpfs/junlongke/onlinelora/lora_obd/results/stage3_v2/gemma3-12b/metamathqa-10k/relora_diag_gated_S3pos/seed42/checkpoints/step_000200
[2026-05-21 08:54:57,799] INFO stage3.gemma3-12b.metamathqa-10k.relora_diag_gated_S3pos - step=225/3000 train_loss=0.1778 lr=1.99e-04 elapsed=2150s
[2026-05-21 08:58:51,944] INFO stage3.gemma3-12b.metamathqa-10k.relora_diag_gated_S3pos - step=250/3000 train_loss=0.1698 lr=1.99e-04 elapsed=2384s
[2026-05-21 08:58:52,726] INFO stage3.gemma3-12b.metamathqa-10k.relora_diag_gated_S3pos - periodic ckpt saved: /mnt/cpfs/junlongke/onlinelora/lora_obd/results/stage3_v2/gemma3-12b/metamathqa-10k/relora_diag_gated_S3pos/seed42/checkpoints/step_000250
[2026-05-21 08:59:49,344] INFO stage3.gemma3-12b.metamathqa-10k.relora_diag_gated_S3pos - step=250 VAL_LOSS=0.1717
[2026-05-21 08:59:50,124] INFO stage3.gemma3-12b.metamathqa-10k.relora_diag_gated_S3pos - best ckpt updated: step=250 val_loss=0.1717
[2026-05-21 09:03:44,221] INFO stage3.gemma3-12b.metamathqa-10k.relora_diag_gated_S3pos - step=275/3000 train_loss=0.1673 lr=1.98e-04 elapsed=2676s
[2026-05-21 09:07:42,434] INFO stage3.gemma3-12b.metamathqa-10k.relora_diag_gated_S3pos - step=300/3000 train_loss=0.1751 lr=1.98e-04 elapsed=2915s
[2026-05-21 09:07:43,470] INFO stage3.gemma3-12b.metamathqa-10k.relora_diag_gated_S3pos - periodic ckpt saved: /mnt/cpfs/junlongke/onlinelora/lora_obd/results/stage3_v2/gemma3-12b/metamathqa-10k/relora_diag_gated_S3pos/seed42/checkpoints/step_000300
[2026-05-21 09:11:47,055] INFO stage3.gemma3-12b.metamathqa-10k.relora_diag_gated_S3pos - step=325/3000 train_loss=0.1511 lr=1.97e-04 elapsed=3159s
[2026-05-21 09:15:49,531] INFO stage3.gemma3-12b.metamathqa-10k.relora_diag_gated_S3pos - step=350/3000 train_loss=0.1407 lr=1.96e-04 elapsed=3402s
[2026-05-21 09:15:50,350] INFO stage3.gemma3-12b.metamathqa-10k.relora_diag_gated_S3pos - periodic ckpt saved: /mnt/cpfs/junlongke/onlinelora/lora_obd/results/stage3_v2/gemma3-12b/metamathqa-10k/relora_diag_gated_S3pos/seed42/checkpoints/step_000350
[2026-05-21 09:19:46,983] INFO stage3.gemma3-12b.metamathqa-10k.relora_diag_gated_S3pos - step=375/3000 train_loss=0.1383 lr=1.96e-04 elapsed=3639s
[2026-05-21 09:23:47,502] INFO stage3.gemma3-12b.metamathqa-10k.relora_diag_gated_S3pos - step=400/3000 train_loss=0.1411 lr=1.95e-04 elapsed=3880s
[2026-05-21 09:23:48,419] INFO stage3.gemma3-12b.metamathqa-10k.relora_diag_gated_S3pos - periodic ckpt saved: /mnt/cpfs/junlongke/onlinelora/lora_obd/results/stage3_v2/gemma3-12b/metamathqa-10k/relora_diag_gated_S3pos/seed42/checkpoints/step_000400
[2026-05-21 09:27:52,738] INFO stage3.gemma3-12b.metamathqa-10k.relora_diag_gated_S3pos - step=425/3000 train_loss=0.1407 lr=1.94e-04 elapsed=4125s
[2026-05-21 09:31:40,991] INFO stage3.gemma3-12b.metamathqa-10k.relora_diag_gated_S3pos - step=450/3000 train_loss=0.1448 lr=1.93e-04 elapsed=4353s
[2026-05-21 09:31:42,038] INFO stage3.gemma3-12b.metamathqa-10k.relora_diag_gated_S3pos - periodic ckpt saved: /mnt/cpfs/junlongke/onlinelora/lora_obd/results/stage3_v2/gemma3-12b/metamathqa-10k/relora_diag_gated_S3pos/seed42/checkpoints/step_000450
[2026-05-21 09:35:30,133] INFO stage3.gemma3-12b.metamathqa-10k.relora_diag_gated_S3pos - step=475/3000 train_loss=0.1373 lr=1.92e-04 elapsed=4582s
[2026-05-21 09:39:25,810] INFO stage3.gemma3-12b.metamathqa-10k.relora_diag_gated_S3pos - step=500/3000 train_loss=0.1416 lr=1.91e-04 elapsed=4818s
[2026-05-21 09:39:26,638] INFO stage3.gemma3-12b.metamathqa-10k.relora_diag_gated_S3pos - periodic ckpt saved: /mnt/cpfs/junlongke/onlinelora/lora_obd/results/stage3_v2/gemma3-12b/metamathqa-10k/relora_diag_gated_S3pos/seed42/checkpoints/step_000500
[2026-05-21 09:40:23,322] INFO stage3.gemma3-12b.metamathqa-10k.relora_diag_gated_S3pos - step=500 VAL_LOSS=0.1711
[2026-05-21 09:40:24,121] INFO stage3.gemma3-12b.metamathqa-10k.relora_diag_gated_S3pos - best ckpt updated: step=500 val_loss=0.1711
[2026-05-21 09:40:35,175] INFO stage3.gemma3-12b.metamathqa-10k.relora_diag_gated_S3pos - step=500 mean_ER=1515.11 mean_CN=1.01e+06
[2026-05-21 09:40:35,175] INFO stage3.gemma3-12b.metamathqa-10k.relora_diag_gated_S3pos - === MERGE EVENT 1 at step 500 (method=relora_diag_gated_S3pos) ===
[2026-05-21 09:46:22,491] INFO stage3.gemma3-12b.metamathqa-10k.relora_diag_gated_S3pos - START stage3 model=/mnt/cpfs/junlongke/onlinelora/models/gemma-3-12b-it dataset=metamathqa-10k method=relora_diag_gated_S3pos out=/mnt/cpfs/junlongke/onlinelora/lora_obd/results/stage3_v2/gemma3-12b/metamathqa-10k/relora_diag_gated_S3pos/seed42
[2026-05-21 09:46:25,277] INFO stage3.gemma3-12b.metamathqa-10k.relora_diag_gated_S3pos - tokenizer loaded in 1.1s, vocab=262144
[2026-05-21 09:46:25,278] INFO stage3.gemma3-12b.metamathqa-10k.relora_diag_gated_S3pos - loading MetaMathQA from /mnt/cpfs/junlongke/onlinelora/datasets/MetaMathQA
[2026-05-21 09:46:26,641] INFO stage3.gemma3-12b.metamathqa-10k.relora_diag_gated_S3pos - metamathqa train=10000 val=500
[2026-05-21 09:46:30,758] INFO stage3.gemma3-12b.metamathqa-10k.relora_diag_gated_S3pos - metamathqa tokenized: train 10000 val 500
[2026-05-21 09:46:31,063] INFO stage3.gemma3-12b.metamathqa-10k.relora_diag_gated_S3pos - data prepared in 5.8s
[2026-05-21 09:46:38,073] INFO stage3.gemma3-12b.metamathqa-10k.relora_diag_gated_S3pos - model loaded in 7.0s
[2026-05-21 09:46:46,008] INFO stage3.gemma3-12b.metamathqa-10k.relora_diag_gated_S3pos - #LoRA layers=417 #components=6672
[2026-05-21 09:46:46,019] INFO stage3.gemma3-12b.metamathqa-10k.relora_diag_gated_S3pos - #trainable params=68.46M
[2026-05-21 09:46:57,873] INFO stage3.gemma3-12b.metamathqa-10k.relora_diag_gated_S3pos - [step 0] mean_ER=1515.00 mean_CN=1.01e+06 (sampled 8 layers)
[2026-05-21 09:46:57,873] INFO stage3.gemma3-12b.metamathqa-10k.relora_diag_gated_S3pos - merge events scheduled at: [500, 1000, 1500, 2000, 2500, 3000]
[2026-05-21 09:50:49,911] INFO stage3.gemma3-12b.metamathqa-10k.relora_diag_gated_S3pos - step=25/3000 train_loss=0.9509 lr=5.00e-05 elapsed=232s
[2026-05-21 09:54:45,735] INFO stage3.gemma3-12b.metamathqa-10k.relora_diag_gated_S3pos - step=50/3000 train_loss=0.2984 lr=1.00e-04 elapsed=468s
[2026-05-21 09:54:46,580] INFO stage3.gemma3-12b.metamathqa-10k.relora_diag_gated_S3pos - periodic ckpt saved: /mnt/cpfs/junlongke/onlinelora/lora_obd/results/stage3_v2/gemma3-12b/metamathqa-10k/relora_diag_gated_S3pos/seed42/checkpoints/step_000050
[2026-05-21 09:58:44,399] INFO stage3.gemma3-12b.metamathqa-10k.relora_diag_gated_S3pos - step=75/3000 train_loss=0.2217 lr=1.50e-04 elapsed=707s
[2026-05-21 10:02:36,379] INFO stage3.gemma3-12b.metamathqa-10k.relora_diag_gated_S3pos - step=100/3000 train_loss=0.2076 lr=2.00e-04 elapsed=938s
[2026-05-21 10:02:37,123] INFO stage3.gemma3-12b.metamathqa-10k.relora_diag_gated_S3pos - periodic ckpt saved: /mnt/cpfs/junlongke/onlinelora/lora_obd/results/stage3_v2/gemma3-12b/metamathqa-10k/relora_diag_gated_S3pos/seed42/checkpoints/step_000100
[2026-05-21 10:06:37,912] INFO stage3.gemma3-12b.metamathqa-10k.relora_diag_gated_S3pos - step=125/3000 train_loss=0.1856 lr=2.00e-04 elapsed=1180s
[2026-05-21 10:10:36,769] INFO stage3.gemma3-12b.metamathqa-10k.relora_diag_gated_S3pos - step=150/3000 train_loss=0.1860 lr=2.00e-04 elapsed=1419s
[2026-05-21 10:10:37,533] INFO stage3.gemma3-12b.metamathqa-10k.relora_diag_gated_S3pos - periodic ckpt saved: /mnt/cpfs/junlongke/onlinelora/lora_obd/results/stage3_v2/gemma3-12b/metamathqa-10k/relora_diag_gated_S3pos/seed42/checkpoints/step_000150
[2026-05-21 10:14:38,002] INFO stage3.gemma3-12b.metamathqa-10k.relora_diag_gated_S3pos - step=175/3000 train_loss=0.1825 lr=2.00e-04 elapsed=1660s
[2026-05-21 10:18:39,514] INFO stage3.gemma3-12b.metamathqa-10k.relora_diag_gated_S3pos - step=200/3000 train_loss=0.1777 lr=1.99e-04 elapsed=1902s
[2026-05-21 10:18:40,297] INFO stage3.gemma3-12b.metamathqa-10k.relora_diag_gated_S3pos - periodic ckpt saved: /mnt/cpfs/junlongke/onlinelora/lora_obd/results/stage3_v2/gemma3-12b/metamathqa-10k/relora_diag_gated_S3pos/seed42/checkpoints/step_000200
[2026-05-21 10:22:47,500] INFO stage3.gemma3-12b.metamathqa-10k.relora_diag_gated_S3pos - step=225/3000 train_loss=0.1778 lr=1.99e-04 elapsed=2150s
[2026-05-21 10:26:41,349] INFO stage3.gemma3-12b.metamathqa-10k.relora_diag_gated_S3pos - step=250/3000 train_loss=0.1698 lr=1.99e-04 elapsed=2383s
[2026-05-21 10:26:42,151] INFO stage3.gemma3-12b.metamathqa-10k.relora_diag_gated_S3pos - periodic ckpt saved: /mnt/cpfs/junlongke/onlinelora/lora_obd/results/stage3_v2/gemma3-12b/metamathqa-10k/relora_diag_gated_S3pos/seed42/checkpoints/step_000250
[2026-05-21 10:27:38,304] INFO stage3.gemma3-12b.metamathqa-10k.relora_diag_gated_S3pos - step=250 VAL_LOSS=0.1717
[2026-05-21 10:27:39,118] INFO stage3.gemma3-12b.metamathqa-10k.relora_diag_gated_S3pos - best ckpt updated: step=250 val_loss=0.1717
[2026-05-21 10:31:33,544] INFO stage3.gemma3-12b.metamathqa-10k.relora_diag_gated_S3pos - step=275/3000 train_loss=0.1673 lr=1.98e-04 elapsed=2676s
[2026-05-21 10:35:31,976] INFO stage3.gemma3-12b.metamathqa-10k.relora_diag_gated_S3pos - step=300/3000 train_loss=0.1751 lr=1.98e-04 elapsed=2914s
[2026-05-21 10:35:33,029] INFO stage3.gemma3-12b.metamathqa-10k.relora_diag_gated_S3pos - periodic ckpt saved: /mnt/cpfs/junlongke/onlinelora/lora_obd/results/stage3_v2/gemma3-12b/metamathqa-10k/relora_diag_gated_S3pos/seed42/checkpoints/step_000300
[2026-05-21 10:39:36,843] INFO stage3.gemma3-12b.metamathqa-10k.relora_diag_gated_S3pos - step=325/3000 train_loss=0.1511 lr=1.97e-04 elapsed=3159s
[2026-05-21 10:43:39,266] INFO stage3.gemma3-12b.metamathqa-10k.relora_diag_gated_S3pos - step=350/3000 train_loss=0.1407 lr=1.96e-04 elapsed=3401s
[2026-05-21 10:43:40,086] INFO stage3.gemma3-12b.metamathqa-10k.relora_diag_gated_S3pos - periodic ckpt saved: /mnt/cpfs/junlongke/onlinelora/lora_obd/results/stage3_v2/gemma3-12b/metamathqa-10k/relora_diag_gated_S3pos/seed42/checkpoints/step_000350
[2026-05-21 10:47:36,598] INFO stage3.gemma3-12b.metamathqa-10k.relora_diag_gated_S3pos - step=375/3000 train_loss=0.1383 lr=1.96e-04 elapsed=3639s
[2026-05-21 10:51:37,243] INFO stage3.gemma3-12b.metamathqa-10k.relora_diag_gated_S3pos - step=400/3000 train_loss=0.1411 lr=1.95e-04 elapsed=3879s
[2026-05-21 10:51:38,085] INFO stage3.gemma3-12b.metamathqa-10k.relora_diag_gated_S3pos - periodic ckpt saved: /mnt/cpfs/junlongke/onlinelora/lora_obd/results/stage3_v2/gemma3-12b/metamathqa-10k/relora_diag_gated_S3pos/seed42/checkpoints/step_000400
[2026-05-21 10:55:42,940] INFO stage3.gemma3-12b.metamathqa-10k.relora_diag_gated_S3pos - step=425/3000 train_loss=0.1407 lr=1.94e-04 elapsed=4125s
[2026-05-21 10:59:31,511] INFO stage3.gemma3-12b.metamathqa-10k.relora_diag_gated_S3pos - step=450/3000 train_loss=0.1448 lr=1.93e-04 elapsed=4354s
[2026-05-21 10:59:32,616] INFO stage3.gemma3-12b.metamathqa-10k.relora_diag_gated_S3pos - periodic ckpt saved: /mnt/cpfs/junlongke/onlinelora/lora_obd/results/stage3_v2/gemma3-12b/metamathqa-10k/relora_diag_gated_S3pos/seed42/checkpoints/step_000450
[2026-05-21 11:03:20,807] INFO stage3.gemma3-12b.metamathqa-10k.relora_diag_gated_S3pos - step=475/3000 train_loss=0.1373 lr=1.92e-04 elapsed=4583s
[2026-05-21 11:07:16,450] INFO stage3.gemma3-12b.metamathqa-10k.relora_diag_gated_S3pos - step=500/3000 train_loss=0.1416 lr=1.91e-04 elapsed=4819s
[2026-05-21 11:07:17,249] INFO stage3.gemma3-12b.metamathqa-10k.relora_diag_gated_S3pos - periodic ckpt saved: /mnt/cpfs/junlongke/onlinelora/lora_obd/results/stage3_v2/gemma3-12b/metamathqa-10k/relora_diag_gated_S3pos/seed42/checkpoints/step_000500
[2026-05-21 11:08:13,532] INFO stage3.gemma3-12b.metamathqa-10k.relora_diag_gated_S3pos - step=500 VAL_LOSS=0.1711
[2026-05-21 11:08:14,284] INFO stage3.gemma3-12b.metamathqa-10k.relora_diag_gated_S3pos - best ckpt updated: step=500 val_loss=0.1711
[2026-05-21 11:08:25,295] INFO stage3.gemma3-12b.metamathqa-10k.relora_diag_gated_S3pos - step=500 mean_ER=1515.11 mean_CN=1.01e+06
[2026-05-21 11:08:25,295] INFO stage3.gemma3-12b.metamathqa-10k.relora_diag_gated_S3pos - === MERGE EVENT 1 at step 500 (method=relora_diag_gated_S3pos) ===
[2026-05-21 11:13:58,061] INFO stage3.gemma3-12b.metamathqa-10k.relora_diag_gated_S3pos - START stage3 model=/mnt/cpfs/junlongke/onlinelora/models/gemma-3-12b-it dataset=metamathqa-10k method=relora_diag_gated_S3pos out=/mnt/cpfs/junlongke/onlinelora/lora_obd/results/stage3_v2/gemma3-12b/metamathqa-10k/relora_diag_gated_S3pos/seed42
[2026-05-21 11:14:00,189] INFO stage3.gemma3-12b.metamathqa-10k.relora_diag_gated_S3pos - tokenizer loaded in 1.1s, vocab=262144
[2026-05-21 11:14:00,189] INFO stage3.gemma3-12b.metamathqa-10k.relora_diag_gated_S3pos - loading MetaMathQA from /mnt/cpfs/junlongke/onlinelora/datasets/MetaMathQA
[2026-05-21 11:14:01,539] INFO stage3.gemma3-12b.metamathqa-10k.relora_diag_gated_S3pos - metamathqa train=10000 val=500
[2026-05-21 11:14:05,596] INFO stage3.gemma3-12b.metamathqa-10k.relora_diag_gated_S3pos - metamathqa tokenized: train 10000 val 500
[2026-05-21 11:14:05,875] INFO stage3.gemma3-12b.metamathqa-10k.relora_diag_gated_S3pos - data prepared in 5.7s
[2026-05-21 11:14:13,271] INFO stage3.gemma3-12b.metamathqa-10k.relora_diag_gated_S3pos - model loaded in 7.4s
[2026-05-21 11:14:22,988] INFO stage3.gemma3-12b.metamathqa-10k.relora_diag_gated_S3pos - #LoRA layers=417 #components=6672
[2026-05-21 11:14:22,997] INFO stage3.gemma3-12b.metamathqa-10k.relora_diag_gated_S3pos - #trainable params=68.46M
[2026-05-21 11:14:34,163] INFO stage3.gemma3-12b.metamathqa-10k.relora_diag_gated_S3pos - [step 0] mean_ER=1515.00 mean_CN=1.01e+06 (sampled 8 layers)
[2026-05-21 11:14:34,164] INFO stage3.gemma3-12b.metamathqa-10k.relora_diag_gated_S3pos - merge events scheduled at: [500, 1000, 1500, 2000, 2500, 3000]
[2026-05-21 11:18:27,694] INFO stage3.gemma3-12b.metamathqa-10k.relora_diag_gated_S3pos - step=25/3000 train_loss=0.9509 lr=5.00e-05 elapsed=234s
[2026-05-21 11:22:23,566] INFO stage3.gemma3-12b.metamathqa-10k.relora_diag_gated_S3pos - step=50/3000 train_loss=0.2984 lr=1.00e-04 elapsed=469s
[2026-05-21 11:22:24,384] INFO stage3.gemma3-12b.metamathqa-10k.relora_diag_gated_S3pos - periodic ckpt saved: /mnt/cpfs/junlongke/onlinelora/lora_obd/results/stage3_v2/gemma3-12b/metamathqa-10k/relora_diag_gated_S3pos/seed42/checkpoints/step_000050
[2026-05-21 11:26:22,451] INFO stage3.gemma3-12b.metamathqa-10k.relora_diag_gated_S3pos - step=75/3000 train_loss=0.2217 lr=1.50e-04 elapsed=708s
[2026-05-21 11:30:14,626] INFO stage3.gemma3-12b.metamathqa-10k.relora_diag_gated_S3pos - step=100/3000 train_loss=0.2076 lr=2.00e-04 elapsed=940s
[2026-05-21 11:30:15,401] INFO stage3.gemma3-12b.metamathqa-10k.relora_diag_gated_S3pos - periodic ckpt saved: /mnt/cpfs/junlongke/onlinelora/lora_obd/results/stage3_v2/gemma3-12b/metamathqa-10k/relora_diag_gated_S3pos/seed42/checkpoints/step_000100
[2026-05-21 11:34:16,194] INFO stage3.gemma3-12b.metamathqa-10k.relora_diag_gated_S3pos - step=125/3000 train_loss=0.1856 lr=2.00e-04 elapsed=1182s
[2026-05-21 11:38:15,133] INFO stage3.gemma3-12b.metamathqa-10k.relora_diag_gated_S3pos - step=150/3000 train_loss=0.1860 lr=2.00e-04 elapsed=1421s
[2026-05-21 11:38:15,934] INFO stage3.gemma3-12b.metamathqa-10k.relora_diag_gated_S3pos - periodic ckpt saved: /mnt/cpfs/junlongke/onlinelora/lora_obd/results/stage3_v2/gemma3-12b/metamathqa-10k/relora_diag_gated_S3pos/seed42/checkpoints/step_000150
[2026-05-21 11:42:16,761] INFO stage3.gemma3-12b.metamathqa-10k.relora_diag_gated_S3pos - step=175/3000 train_loss=0.1825 lr=2.00e-04 elapsed=1663s
[2026-05-21 11:46:17,970] INFO stage3.gemma3-12b.metamathqa-10k.relora_diag_gated_S3pos - step=200/3000 train_loss=0.1777 lr=1.99e-04 elapsed=1904s
[2026-05-21 11:46:18,755] INFO stage3.gemma3-12b.metamathqa-10k.relora_diag_gated_S3pos - periodic ckpt saved: /mnt/cpfs/junlongke/onlinelora/lora_obd/results/stage3_v2/gemma3-12b/metamathqa-10k/relora_diag_gated_S3pos/seed42/checkpoints/step_000200
[2026-05-21 11:50:25,772] INFO stage3.gemma3-12b.metamathqa-10k.relora_diag_gated_S3pos - step=225/3000 train_loss=0.1778 lr=1.99e-04 elapsed=2152s
[2026-05-21 11:54:19,629] INFO stage3.gemma3-12b.metamathqa-10k.relora_diag_gated_S3pos - step=250/3000 train_loss=0.1698 lr=1.99e-04 elapsed=2385s
[2026-05-21 11:54:20,447] INFO stage3.gemma3-12b.metamathqa-10k.relora_diag_gated_S3pos - periodic ckpt saved: /mnt/cpfs/junlongke/onlinelora/lora_obd/results/stage3_v2/gemma3-12b/metamathqa-10k/relora_diag_gated_S3pos/seed42/checkpoints/step_000250
[2026-05-21 11:55:16,750] INFO stage3.gemma3-12b.metamathqa-10k.relora_diag_gated_S3pos - step=250 VAL_LOSS=0.1717
[2026-05-21 11:55:17,540] INFO stage3.gemma3-12b.metamathqa-10k.relora_diag_gated_S3pos - best ckpt updated: step=250 val_loss=0.1717
[2026-05-21 11:59:11,388] INFO stage3.gemma3-12b.metamathqa-10k.relora_diag_gated_S3pos - step=275/3000 train_loss=0.1673 lr=1.98e-04 elapsed=2677s
[2026-05-21 12:03:09,493] INFO stage3.gemma3-12b.metamathqa-10k.relora_diag_gated_S3pos - step=300/3000 train_loss=0.1751 lr=1.98e-04 elapsed=2915s
[2026-05-21 12:03:10,528] INFO stage3.gemma3-12b.metamathqa-10k.relora_diag_gated_S3pos - periodic ckpt saved: /mnt/cpfs/junlongke/onlinelora/lora_obd/results/stage3_v2/gemma3-12b/metamathqa-10k/relora_diag_gated_S3pos/seed42/checkpoints/step_000300
[2026-05-21 12:07:14,061] INFO stage3.gemma3-12b.metamathqa-10k.relora_diag_gated_S3pos - step=325/3000 train_loss=0.1511 lr=1.97e-04 elapsed=3160s
