[2026-05-21 09:46:22,495] INFO stage3.gemma3-12b.tulu3-sft.relora_diag_gated_S3pos - START stage3 model=/mnt/cpfs/junlongke/onlinelora/models/gemma-3-12b-it dataset=tulu3-sft method=relora_diag_gated_S3pos out=/mnt/cpfs/junlongke/onlinelora/lora_obd/results/stage3_v2/gemma3-12b/tulu3-sft/relora_diag_gated_S3pos/seed42
[2026-05-21 09:46:24,695] INFO stage3.gemma3-12b.tulu3-sft.relora_diag_gated_S3pos - tokenizer loaded in 1.1s, vocab=262144
[2026-05-21 09:46:24,696] INFO stage3.gemma3-12b.tulu3-sft.relora_diag_gated_S3pos - loading tulu-3-sft-mixture from /mnt/cpfs/junlongke/onlinelora/datasets/tulu-3-sft-mixture
[2026-05-21 09:46:26,398] INFO stage3.gemma3-12b.tulu3-sft.relora_diag_gated_S3pos - tulu3-sft train=10000 val=500
[2026-05-21 09:46:37,703] INFO stage3.gemma3-12b.tulu3-sft.relora_diag_gated_S3pos - tulu3-sft tokenized: train 10000 val 500
[2026-05-21 09:46:37,959] INFO stage3.gemma3-12b.tulu3-sft.relora_diag_gated_S3pos - data prepared in 13.3s
[2026-05-21 09:46:43,821] INFO stage3.gemma3-12b.tulu3-sft.relora_diag_gated_S3pos - model loaded in 5.9s
[2026-05-21 09:46:53,096] INFO stage3.gemma3-12b.tulu3-sft.relora_diag_gated_S3pos - #LoRA layers=417 #components=6672
[2026-05-21 09:46:53,106] INFO stage3.gemma3-12b.tulu3-sft.relora_diag_gated_S3pos - #trainable params=68.46M
[2026-05-21 09:47:04,997] INFO stage3.gemma3-12b.tulu3-sft.relora_diag_gated_S3pos - [step 0] mean_ER=1515.00 mean_CN=1.01e+06 (sampled 8 layers)
[2026-05-21 09:47:04,998] INFO stage3.gemma3-12b.tulu3-sft.relora_diag_gated_S3pos - merge events scheduled at: [500, 1000, 1500, 2000, 2500, 3000]
[2026-05-21 09:54:58,449] INFO stage3.gemma3-12b.tulu3-sft.relora_diag_gated_S3pos - step=25/3000 train_loss=2.6187 lr=5.00e-05 elapsed=473s
[2026-05-21 10:02:33,576] INFO stage3.gemma3-12b.tulu3-sft.relora_diag_gated_S3pos - step=50/3000 train_loss=1.5409 lr=1.00e-04 elapsed=929s
[2026-05-21 10:02:34,528] INFO stage3.gemma3-12b.tulu3-sft.relora_diag_gated_S3pos - periodic ckpt saved: /mnt/cpfs/junlongke/onlinelora/lora_obd/results/stage3_v2/gemma3-12b/tulu3-sft/relora_diag_gated_S3pos/seed42/checkpoints/step_000050
[2026-05-21 10:10:08,265] INFO stage3.gemma3-12b.tulu3-sft.relora_diag_gated_S3pos - step=75/3000 train_loss=1.4453 lr=1.50e-04 elapsed=1383s
[2026-05-21 10:17:58,676] INFO stage3.gemma3-12b.tulu3-sft.relora_diag_gated_S3pos - step=100/3000 train_loss=1.3431 lr=2.00e-04 elapsed=1854s
[2026-05-21 10:17:59,601] INFO stage3.gemma3-12b.tulu3-sft.relora_diag_gated_S3pos - periodic ckpt saved: /mnt/cpfs/junlongke/onlinelora/lora_obd/results/stage3_v2/gemma3-12b/tulu3-sft/relora_diag_gated_S3pos/seed42/checkpoints/step_000100
[2026-05-21 10:25:30,790] INFO stage3.gemma3-12b.tulu3-sft.relora_diag_gated_S3pos - step=125/3000 train_loss=1.3308 lr=2.00e-04 elapsed=2306s
[2026-05-21 10:33:07,655] INFO stage3.gemma3-12b.tulu3-sft.relora_diag_gated_S3pos - step=150/3000 train_loss=1.3182 lr=2.00e-04 elapsed=2763s
[2026-05-21 10:33:08,612] INFO stage3.gemma3-12b.tulu3-sft.relora_diag_gated_S3pos - periodic ckpt saved: /mnt/cpfs/junlongke/onlinelora/lora_obd/results/stage3_v2/gemma3-12b/tulu3-sft/relora_diag_gated_S3pos/seed42/checkpoints/step_000150
[2026-05-21 10:40:47,775] INFO stage3.gemma3-12b.tulu3-sft.relora_diag_gated_S3pos - step=175/3000 train_loss=1.3101 lr=2.00e-04 elapsed=3223s
[2026-05-21 10:48:32,009] INFO stage3.gemma3-12b.tulu3-sft.relora_diag_gated_S3pos - step=200/3000 train_loss=1.3306 lr=1.99e-04 elapsed=3687s
[2026-05-21 10:48:32,978] INFO stage3.gemma3-12b.tulu3-sft.relora_diag_gated_S3pos - periodic ckpt saved: /mnt/cpfs/junlongke/onlinelora/lora_obd/results/stage3_v2/gemma3-12b/tulu3-sft/relora_diag_gated_S3pos/seed42/checkpoints/step_000200
[2026-05-21 10:56:12,311] INFO stage3.gemma3-12b.tulu3-sft.relora_diag_gated_S3pos - step=225/3000 train_loss=1.3609 lr=1.99e-04 elapsed=4147s
[2026-05-21 11:03:56,250] INFO stage3.gemma3-12b.tulu3-sft.relora_diag_gated_S3pos - step=250/3000 train_loss=1.3340 lr=1.99e-04 elapsed=4611s
[2026-05-21 11:03:57,200] INFO stage3.gemma3-12b.tulu3-sft.relora_diag_gated_S3pos - periodic ckpt saved: /mnt/cpfs/junlongke/onlinelora/lora_obd/results/stage3_v2/gemma3-12b/tulu3-sft/relora_diag_gated_S3pos/seed42/checkpoints/step_000250
[2026-05-21 11:05:39,901] INFO stage3.gemma3-12b.tulu3-sft.relora_diag_gated_S3pos - step=250 VAL_LOSS=1.3190
[2026-05-21 11:05:40,714] INFO stage3.gemma3-12b.tulu3-sft.relora_diag_gated_S3pos - best ckpt updated: step=250 val_loss=1.3190
[2026-05-21 11:13:15,975] INFO stage3.gemma3-12b.tulu3-sft.relora_diag_gated_S3pos - step=275/3000 train_loss=1.2637 lr=1.98e-04 elapsed=5171s
[2026-05-21 11:20:40,764] INFO stage3.gemma3-12b.tulu3-sft.relora_diag_gated_S3pos - step=300/3000 train_loss=1.2808 lr=1.98e-04 elapsed=5616s
[2026-05-21 11:20:41,650] INFO stage3.gemma3-12b.tulu3-sft.relora_diag_gated_S3pos - periodic ckpt saved: /mnt/cpfs/junlongke/onlinelora/lora_obd/results/stage3_v2/gemma3-12b/tulu3-sft/relora_diag_gated_S3pos/seed42/checkpoints/step_000300
[2026-05-21 11:28:48,810] INFO stage3.gemma3-12b.tulu3-sft.relora_diag_gated_S3pos - step=325/3000 train_loss=1.2714 lr=1.97e-04 elapsed=6104s
[2026-05-21 11:36:29,851] INFO stage3.gemma3-12b.tulu3-sft.relora_diag_gated_S3pos - step=350/3000 train_loss=1.1541 lr=1.96e-04 elapsed=6565s
[2026-05-21 11:36:30,728] INFO stage3.gemma3-12b.tulu3-sft.relora_diag_gated_S3pos - periodic ckpt saved: /mnt/cpfs/junlongke/onlinelora/lora_obd/results/stage3_v2/gemma3-12b/tulu3-sft/relora_diag_gated_S3pos/seed42/checkpoints/step_000350
[2026-05-21 11:44:07,707] INFO stage3.gemma3-12b.tulu3-sft.relora_diag_gated_S3pos - step=375/3000 train_loss=1.1758 lr=1.96e-04 elapsed=7023s
[2026-05-21 11:51:48,949] INFO stage3.gemma3-12b.tulu3-sft.relora_diag_gated_S3pos - step=400/3000 train_loss=1.2020 lr=1.95e-04 elapsed=7484s
[2026-05-21 11:51:49,841] INFO stage3.gemma3-12b.tulu3-sft.relora_diag_gated_S3pos - periodic ckpt saved: /mnt/cpfs/junlongke/onlinelora/lora_obd/results/stage3_v2/gemma3-12b/tulu3-sft/relora_diag_gated_S3pos/seed42/checkpoints/step_000400
[2026-05-21 11:59:24,216] INFO stage3.gemma3-12b.tulu3-sft.relora_diag_gated_S3pos - step=425/3000 train_loss=1.1737 lr=1.94e-04 elapsed=7939s
[2026-05-21 12:06:55,530] INFO stage3.gemma3-12b.tulu3-sft.relora_diag_gated_S3pos - step=450/3000 train_loss=1.1670 lr=1.93e-04 elapsed=8391s
[2026-05-21 12:06:56,443] INFO stage3.gemma3-12b.tulu3-sft.relora_diag_gated_S3pos - periodic ckpt saved: /mnt/cpfs/junlongke/onlinelora/lora_obd/results/stage3_v2/gemma3-12b/tulu3-sft/relora_diag_gated_S3pos/seed42/checkpoints/step_000450
[2026-05-21 12:14:26,347] INFO stage3.gemma3-12b.tulu3-sft.relora_diag_gated_S3pos - step=475/3000 train_loss=1.1483 lr=1.92e-04 elapsed=8841s
[2026-05-21 12:21:59,558] INFO stage3.gemma3-12b.tulu3-sft.relora_diag_gated_S3pos - step=500/3000 train_loss=1.2198 lr=1.91e-04 elapsed=9295s
[2026-05-21 12:22:00,441] INFO stage3.gemma3-12b.tulu3-sft.relora_diag_gated_S3pos - periodic ckpt saved: /mnt/cpfs/junlongke/onlinelora/lora_obd/results/stage3_v2/gemma3-12b/tulu3-sft/relora_diag_gated_S3pos/seed42/checkpoints/step_000500
[2026-05-21 12:23:44,370] INFO stage3.gemma3-12b.tulu3-sft.relora_diag_gated_S3pos - step=500 VAL_LOSS=1.3131
[2026-05-21 12:23:45,278] INFO stage3.gemma3-12b.tulu3-sft.relora_diag_gated_S3pos - best ckpt updated: step=500 val_loss=1.3131
[2026-05-21 12:23:56,845] INFO stage3.gemma3-12b.tulu3-sft.relora_diag_gated_S3pos - step=500 mean_ER=1515.09 mean_CN=1.01e+06
[2026-05-21 12:23:56,845] INFO stage3.gemma3-12b.tulu3-sft.relora_diag_gated_S3pos - === MERGE EVENT 1 at step 500 (method=relora_diag_gated_S3pos) ===
[2026-05-21 12:29:39,648] INFO stage3.gemma3-12b.tulu3-sft.relora_diag_gated_S3pos - START stage3 model=/mnt/cpfs/junlongke/onlinelora/models/gemma-3-12b-it dataset=tulu3-sft method=relora_diag_gated_S3pos out=/mnt/cpfs/junlongke/onlinelora/lora_obd/results/stage3_v2/gemma3-12b/tulu3-sft/relora_diag_gated_S3pos/seed42
[2026-05-21 12:29:41,437] INFO stage3.gemma3-12b.tulu3-sft.relora_diag_gated_S3pos - tokenizer loaded in 1.1s, vocab=262144
[2026-05-21 12:29:41,437] INFO stage3.gemma3-12b.tulu3-sft.relora_diag_gated_S3pos - loading tulu-3-sft-mixture from /mnt/cpfs/junlongke/onlinelora/datasets/tulu-3-sft-mixture
[2026-05-21 12:29:43,159] INFO stage3.gemma3-12b.tulu3-sft.relora_diag_gated_S3pos - tulu3-sft train=10000 val=500
[2026-05-21 12:29:54,130] INFO stage3.gemma3-12b.tulu3-sft.relora_diag_gated_S3pos - tulu3-sft tokenized: train 10000 val 500
[2026-05-21 12:29:54,374] INFO stage3.gemma3-12b.tulu3-sft.relora_diag_gated_S3pos - data prepared in 12.9s
[2026-05-21 12:30:01,244] INFO stage3.gemma3-12b.tulu3-sft.relora_diag_gated_S3pos - model loaded in 6.9s
[2026-05-21 12:30:10,481] INFO stage3.gemma3-12b.tulu3-sft.relora_diag_gated_S3pos - #LoRA layers=417 #components=6672
[2026-05-21 12:30:10,489] INFO stage3.gemma3-12b.tulu3-sft.relora_diag_gated_S3pos - #trainable params=68.46M
[2026-05-21 12:30:21,769] INFO stage3.gemma3-12b.tulu3-sft.relora_diag_gated_S3pos - [step 0] mean_ER=1515.00 mean_CN=1.01e+06 (sampled 8 layers)
[2026-05-21 12:30:21,769] INFO stage3.gemma3-12b.tulu3-sft.relora_diag_gated_S3pos - merge events scheduled at: [500, 1000, 1500, 2000, 2500, 3000]
[2026-05-21 12:38:15,689] INFO stage3.gemma3-12b.tulu3-sft.relora_diag_gated_S3pos - step=25/3000 train_loss=2.6187 lr=5.00e-05 elapsed=474s
[2026-05-21 12:45:50,433] INFO stage3.gemma3-12b.tulu3-sft.relora_diag_gated_S3pos - step=50/3000 train_loss=1.5409 lr=1.00e-04 elapsed=929s
[2026-05-21 12:45:51,271] INFO stage3.gemma3-12b.tulu3-sft.relora_diag_gated_S3pos - periodic ckpt saved: /mnt/cpfs/junlongke/onlinelora/lora_obd/results/stage3_v2/gemma3-12b/tulu3-sft/relora_diag_gated_S3pos/seed42/checkpoints/step_000050
[2026-05-21 12:53:24,502] INFO stage3.gemma3-12b.tulu3-sft.relora_diag_gated_S3pos - step=75/3000 train_loss=1.4453 lr=1.50e-04 elapsed=1383s
[2026-05-21 13:01:14,227] INFO stage3.gemma3-12b.tulu3-sft.relora_diag_gated_S3pos - step=100/3000 train_loss=1.3431 lr=2.00e-04 elapsed=1852s
[2026-05-21 13:01:15,059] INFO stage3.gemma3-12b.tulu3-sft.relora_diag_gated_S3pos - periodic ckpt saved: /mnt/cpfs/junlongke/onlinelora/lora_obd/results/stage3_v2/gemma3-12b/tulu3-sft/relora_diag_gated_S3pos/seed42/checkpoints/step_000100
[2026-05-21 13:08:45,965] INFO stage3.gemma3-12b.tulu3-sft.relora_diag_gated_S3pos - step=125/3000 train_loss=1.3308 lr=2.00e-04 elapsed=2304s
[2026-05-21 13:16:22,286] INFO stage3.gemma3-12b.tulu3-sft.relora_diag_gated_S3pos - step=150/3000 train_loss=1.3182 lr=2.00e-04 elapsed=2761s
[2026-05-21 13:16:23,067] INFO stage3.gemma3-12b.tulu3-sft.relora_diag_gated_S3pos - periodic ckpt saved: /mnt/cpfs/junlongke/onlinelora/lora_obd/results/stage3_v2/gemma3-12b/tulu3-sft/relora_diag_gated_S3pos/seed42/checkpoints/step_000150
[2026-05-21 13:24:01,484] INFO stage3.gemma3-12b.tulu3-sft.relora_diag_gated_S3pos - step=175/3000 train_loss=1.3101 lr=2.00e-04 elapsed=3220s
[2026-05-21 13:31:45,128] INFO stage3.gemma3-12b.tulu3-sft.relora_diag_gated_S3pos - step=200/3000 train_loss=1.3306 lr=1.99e-04 elapsed=3683s
[2026-05-21 13:31:45,905] INFO stage3.gemma3-12b.tulu3-sft.relora_diag_gated_S3pos - periodic ckpt saved: /mnt/cpfs/junlongke/onlinelora/lora_obd/results/stage3_v2/gemma3-12b/tulu3-sft/relora_diag_gated_S3pos/seed42/checkpoints/step_000200
[2026-05-21 13:39:24,527] INFO stage3.gemma3-12b.tulu3-sft.relora_diag_gated_S3pos - step=225/3000 train_loss=1.3609 lr=1.99e-04 elapsed=4143s
[2026-05-21 13:47:07,839] INFO stage3.gemma3-12b.tulu3-sft.relora_diag_gated_S3pos - step=250/3000 train_loss=1.3340 lr=1.99e-04 elapsed=4606s
[2026-05-21 13:47:08,663] INFO stage3.gemma3-12b.tulu3-sft.relora_diag_gated_S3pos - periodic ckpt saved: /mnt/cpfs/junlongke/onlinelora/lora_obd/results/stage3_v2/gemma3-12b/tulu3-sft/relora_diag_gated_S3pos/seed42/checkpoints/step_000250
[2026-05-21 13:48:50,960] INFO stage3.gemma3-12b.tulu3-sft.relora_diag_gated_S3pos - step=250 VAL_LOSS=1.3190
[2026-05-21 13:48:51,736] INFO stage3.gemma3-12b.tulu3-sft.relora_diag_gated_S3pos - best ckpt updated: step=250 val_loss=1.3190
[2026-05-21 13:56:26,298] INFO stage3.gemma3-12b.tulu3-sft.relora_diag_gated_S3pos - step=275/3000 train_loss=1.2637 lr=1.98e-04 elapsed=5165s
[2026-05-21 14:03:50,633] INFO stage3.gemma3-12b.tulu3-sft.relora_diag_gated_S3pos - step=300/3000 train_loss=1.2808 lr=1.98e-04 elapsed=5609s
[2026-05-21 14:03:51,441] INFO stage3.gemma3-12b.tulu3-sft.relora_diag_gated_S3pos - periodic ckpt saved: /mnt/cpfs/junlongke/onlinelora/lora_obd/results/stage3_v2/gemma3-12b/tulu3-sft/relora_diag_gated_S3pos/seed42/checkpoints/step_000300
[2026-05-21 14:11:58,050] INFO stage3.gemma3-12b.tulu3-sft.relora_diag_gated_S3pos - step=325/3000 train_loss=1.2714 lr=1.97e-04 elapsed=6096s
[2026-05-21 14:19:38,456] INFO stage3.gemma3-12b.tulu3-sft.relora_diag_gated_S3pos - step=350/3000 train_loss=1.1541 lr=1.96e-04 elapsed=6557s
[2026-05-21 14:19:39,353] INFO stage3.gemma3-12b.tulu3-sft.relora_diag_gated_S3pos - periodic ckpt saved: /mnt/cpfs/junlongke/onlinelora/lora_obd/results/stage3_v2/gemma3-12b/tulu3-sft/relora_diag_gated_S3pos/seed42/checkpoints/step_000350
[2026-05-21 14:27:15,670] INFO stage3.gemma3-12b.tulu3-sft.relora_diag_gated_S3pos - step=375/3000 train_loss=1.1758 lr=1.96e-04 elapsed=7014s
[2026-05-21 14:34:56,372] INFO stage3.gemma3-12b.tulu3-sft.relora_diag_gated_S3pos - step=400/3000 train_loss=1.2020 lr=1.95e-04 elapsed=7475s
[2026-05-21 14:34:57,196] INFO stage3.gemma3-12b.tulu3-sft.relora_diag_gated_S3pos - periodic ckpt saved: /mnt/cpfs/junlongke/onlinelora/lora_obd/results/stage3_v2/gemma3-12b/tulu3-sft/relora_diag_gated_S3pos/seed42/checkpoints/step_000400
[2026-05-21 14:42:30,966] INFO stage3.gemma3-12b.tulu3-sft.relora_diag_gated_S3pos - step=425/3000 train_loss=1.1737 lr=1.94e-04 elapsed=7929s
[2026-05-21 14:50:01,816] INFO stage3.gemma3-12b.tulu3-sft.relora_diag_gated_S3pos - step=450/3000 train_loss=1.1670 lr=1.93e-04 elapsed=8380s
[2026-05-21 14:50:02,803] INFO stage3.gemma3-12b.tulu3-sft.relora_diag_gated_S3pos - periodic ckpt saved: /mnt/cpfs/junlongke/onlinelora/lora_obd/results/stage3_v2/gemma3-12b/tulu3-sft/relora_diag_gated_S3pos/seed42/checkpoints/step_000450
[2026-05-21 14:57:32,066] INFO stage3.gemma3-12b.tulu3-sft.relora_diag_gated_S3pos - step=475/3000 train_loss=1.1483 lr=1.92e-04 elapsed=8830s
[2026-05-21 15:05:05,062] INFO stage3.gemma3-12b.tulu3-sft.relora_diag_gated_S3pos - step=500/3000 train_loss=1.2198 lr=1.91e-04 elapsed=9283s
[2026-05-21 15:05:05,821] INFO stage3.gemma3-12b.tulu3-sft.relora_diag_gated_S3pos - periodic ckpt saved: /mnt/cpfs/junlongke/onlinelora/lora_obd/results/stage3_v2/gemma3-12b/tulu3-sft/relora_diag_gated_S3pos/seed42/checkpoints/step_000500
[2026-05-21 15:06:47,158] INFO stage3.gemma3-12b.tulu3-sft.relora_diag_gated_S3pos - step=500 VAL_LOSS=1.3131
[2026-05-21 15:06:47,896] INFO stage3.gemma3-12b.tulu3-sft.relora_diag_gated_S3pos - best ckpt updated: step=500 val_loss=1.3131
[2026-05-21 15:06:59,924] INFO stage3.gemma3-12b.tulu3-sft.relora_diag_gated_S3pos - step=500 mean_ER=1515.09 mean_CN=1.01e+06
[2026-05-21 15:06:59,924] INFO stage3.gemma3-12b.tulu3-sft.relora_diag_gated_S3pos - === MERGE EVENT 1 at step 500 (method=relora_diag_gated_S3pos) ===
