[2026-05-21 04:08:46,321] INFO stage3.gemma3-12b.metamathqa-10k.relora_random_drop - START stage3 model=/mnt/cpfs/junlongke/onlinelora/models/gemma-3-12b-it dataset=metamathqa-10k method=relora_random_drop out=/mnt/cpfs/junlongke/onlinelora/lora_obd/results/stage3_v2/gemma3-12b/metamathqa-10k/relora_random_drop/seed42
[2026-05-21 04:08:48,667] INFO stage3.gemma3-12b.metamathqa-10k.relora_random_drop - tokenizer loaded in 1.1s, vocab=262144
[2026-05-21 04:08:48,668] INFO stage3.gemma3-12b.metamathqa-10k.relora_random_drop - loading MetaMathQA from /mnt/cpfs/junlongke/onlinelora/datasets/MetaMathQA
[2026-05-21 04:08:50,045] INFO stage3.gemma3-12b.metamathqa-10k.relora_random_drop - metamathqa train=10000 val=500
[2026-05-21 04:08:54,172] INFO stage3.gemma3-12b.metamathqa-10k.relora_random_drop - metamathqa tokenized: train 10000 val 500
[2026-05-21 04:08:54,461] INFO stage3.gemma3-12b.metamathqa-10k.relora_random_drop - data prepared in 5.8s
[2026-05-21 04:09:01,479] INFO stage3.gemma3-12b.metamathqa-10k.relora_random_drop - model loaded in 7.0s
[2026-05-21 04:09:10,354] INFO stage3.gemma3-12b.metamathqa-10k.relora_random_drop - #LoRA layers=417 #components=6672
[2026-05-21 04:09:10,364] INFO stage3.gemma3-12b.metamathqa-10k.relora_random_drop - #trainable params=68.46M
[2026-05-21 04:09:22,099] INFO stage3.gemma3-12b.metamathqa-10k.relora_random_drop - [step 0] mean_ER=1515.00 mean_CN=1.01e+06 (sampled 8 layers)
[2026-05-21 04:09:22,099] INFO stage3.gemma3-12b.metamathqa-10k.relora_random_drop - merge events scheduled at: [500, 1000, 1500, 2000, 2500, 3000]
[2026-05-21 04:13:14,543] INFO stage3.gemma3-12b.metamathqa-10k.relora_random_drop - step=25/3000 train_loss=0.9509 lr=5.00e-05 elapsed=232s
[2026-05-21 04:17:10,232] INFO stage3.gemma3-12b.metamathqa-10k.relora_random_drop - step=50/3000 train_loss=0.2984 lr=1.00e-04 elapsed=468s
[2026-05-21 04:17:11,070] INFO stage3.gemma3-12b.metamathqa-10k.relora_random_drop - periodic ckpt saved: /mnt/cpfs/junlongke/onlinelora/lora_obd/results/stage3_v2/gemma3-12b/metamathqa-10k/relora_random_drop/seed42/checkpoints/step_000050
[2026-05-21 04:21:08,724] INFO stage3.gemma3-12b.metamathqa-10k.relora_random_drop - step=75/3000 train_loss=0.2217 lr=1.50e-04 elapsed=707s
[2026-05-21 04:25:00,603] INFO stage3.gemma3-12b.metamathqa-10k.relora_random_drop - step=100/3000 train_loss=0.2076 lr=2.00e-04 elapsed=938s
[2026-05-21 04:25:01,404] INFO stage3.gemma3-12b.metamathqa-10k.relora_random_drop - periodic ckpt saved: /mnt/cpfs/junlongke/onlinelora/lora_obd/results/stage3_v2/gemma3-12b/metamathqa-10k/relora_random_drop/seed42/checkpoints/step_000100
[2026-05-21 04:29:02,045] INFO stage3.gemma3-12b.metamathqa-10k.relora_random_drop - step=125/3000 train_loss=0.1856 lr=2.00e-04 elapsed=1180s
[2026-05-21 04:33:00,859] INFO stage3.gemma3-12b.metamathqa-10k.relora_random_drop - step=150/3000 train_loss=0.1860 lr=2.00e-04 elapsed=1419s
[2026-05-21 04:33:01,639] INFO stage3.gemma3-12b.metamathqa-10k.relora_random_drop - periodic ckpt saved: /mnt/cpfs/junlongke/onlinelora/lora_obd/results/stage3_v2/gemma3-12b/metamathqa-10k/relora_random_drop/seed42/checkpoints/step_000150
[2026-05-21 04:37:01,971] INFO stage3.gemma3-12b.metamathqa-10k.relora_random_drop - step=175/3000 train_loss=0.1825 lr=2.00e-04 elapsed=1660s
[2026-05-21 04:41:03,269] INFO stage3.gemma3-12b.metamathqa-10k.relora_random_drop - step=200/3000 train_loss=0.1777 lr=1.99e-04 elapsed=1901s
[2026-05-21 04:41:04,157] INFO stage3.gemma3-12b.metamathqa-10k.relora_random_drop - periodic ckpt saved: /mnt/cpfs/junlongke/onlinelora/lora_obd/results/stage3_v2/gemma3-12b/metamathqa-10k/relora_random_drop/seed42/checkpoints/step_000200
[2026-05-21 04:45:11,182] INFO stage3.gemma3-12b.metamathqa-10k.relora_random_drop - step=225/3000 train_loss=0.1778 lr=1.99e-04 elapsed=2149s
[2026-05-21 04:49:04,966] INFO stage3.gemma3-12b.metamathqa-10k.relora_random_drop - step=250/3000 train_loss=0.1698 lr=1.99e-04 elapsed=2383s
[2026-05-21 04:49:05,807] INFO stage3.gemma3-12b.metamathqa-10k.relora_random_drop - periodic ckpt saved: /mnt/cpfs/junlongke/onlinelora/lora_obd/results/stage3_v2/gemma3-12b/metamathqa-10k/relora_random_drop/seed42/checkpoints/step_000250
[2026-05-21 04:50:01,989] INFO stage3.gemma3-12b.metamathqa-10k.relora_random_drop - step=250 VAL_LOSS=0.1717
[2026-05-21 04:50:02,787] INFO stage3.gemma3-12b.metamathqa-10k.relora_random_drop - best ckpt updated: step=250 val_loss=0.1717
[2026-05-21 04:53:56,689] INFO stage3.gemma3-12b.metamathqa-10k.relora_random_drop - step=275/3000 train_loss=0.1673 lr=1.98e-04 elapsed=2675s
[2026-05-21 04:57:54,868] INFO stage3.gemma3-12b.metamathqa-10k.relora_random_drop - step=300/3000 train_loss=0.1751 lr=1.98e-04 elapsed=2913s
[2026-05-21 04:57:55,892] INFO stage3.gemma3-12b.metamathqa-10k.relora_random_drop - periodic ckpt saved: /mnt/cpfs/junlongke/onlinelora/lora_obd/results/stage3_v2/gemma3-12b/metamathqa-10k/relora_random_drop/seed42/checkpoints/step_000300
[2026-05-21 05:01:59,400] INFO stage3.gemma3-12b.metamathqa-10k.relora_random_drop - step=325/3000 train_loss=0.1511 lr=1.97e-04 elapsed=3157s
[2026-05-21 05:06:01,754] INFO stage3.gemma3-12b.metamathqa-10k.relora_random_drop - step=350/3000 train_loss=0.1407 lr=1.96e-04 elapsed=3400s
[2026-05-21 05:06:02,555] INFO stage3.gemma3-12b.metamathqa-10k.relora_random_drop - periodic ckpt saved: /mnt/cpfs/junlongke/onlinelora/lora_obd/results/stage3_v2/gemma3-12b/metamathqa-10k/relora_random_drop/seed42/checkpoints/step_000350
[2026-05-21 05:09:58,931] INFO stage3.gemma3-12b.metamathqa-10k.relora_random_drop - step=375/3000 train_loss=0.1383 lr=1.96e-04 elapsed=3637s
[2026-05-21 05:13:59,416] INFO stage3.gemma3-12b.metamathqa-10k.relora_random_drop - step=400/3000 train_loss=0.1411 lr=1.95e-04 elapsed=3877s
[2026-05-21 05:14:00,226] INFO stage3.gemma3-12b.metamathqa-10k.relora_random_drop - periodic ckpt saved: /mnt/cpfs/junlongke/onlinelora/lora_obd/results/stage3_v2/gemma3-12b/metamathqa-10k/relora_random_drop/seed42/checkpoints/step_000400
[2026-05-21 05:18:04,420] INFO stage3.gemma3-12b.metamathqa-10k.relora_random_drop - step=425/3000 train_loss=0.1407 lr=1.94e-04 elapsed=4122s
[2026-05-21 05:21:52,967] INFO stage3.gemma3-12b.metamathqa-10k.relora_random_drop - step=450/3000 train_loss=0.1448 lr=1.93e-04 elapsed=4351s
[2026-05-21 05:21:53,989] INFO stage3.gemma3-12b.metamathqa-10k.relora_random_drop - periodic ckpt saved: /mnt/cpfs/junlongke/onlinelora/lora_obd/results/stage3_v2/gemma3-12b/metamathqa-10k/relora_random_drop/seed42/checkpoints/step_000450
[2026-05-21 05:25:41,962] INFO stage3.gemma3-12b.metamathqa-10k.relora_random_drop - step=475/3000 train_loss=0.1373 lr=1.92e-04 elapsed=4580s
[2026-05-21 05:29:37,101] INFO stage3.gemma3-12b.metamathqa-10k.relora_random_drop - step=500/3000 train_loss=0.1416 lr=1.91e-04 elapsed=4815s
[2026-05-21 05:29:37,901] INFO stage3.gemma3-12b.metamathqa-10k.relora_random_drop - periodic ckpt saved: /mnt/cpfs/junlongke/onlinelora/lora_obd/results/stage3_v2/gemma3-12b/metamathqa-10k/relora_random_drop/seed42/checkpoints/step_000500
[2026-05-21 05:30:33,602] INFO stage3.gemma3-12b.metamathqa-10k.relora_random_drop - step=500 VAL_LOSS=0.1711
[2026-05-21 05:30:34,381] INFO stage3.gemma3-12b.metamathqa-10k.relora_random_drop - best ckpt updated: step=500 val_loss=0.1711
[2026-05-21 05:30:45,385] INFO stage3.gemma3-12b.metamathqa-10k.relora_random_drop - step=500 mean_ER=1515.11 mean_CN=1.01e+06
[2026-05-21 05:30:45,385] INFO stage3.gemma3-12b.metamathqa-10k.relora_random_drop - === MERGE EVENT 1 at step 500 (method=relora_random_drop) ===
[2026-05-21 05:30:45,648] INFO stage3.gemma3-12b.metamathqa-10k.relora_random_drop - merge: total=6672 kept=3348 drop_rate=0.498
[2026-05-21 05:31:52,174] INFO stage3.gemma3-12b.metamathqa-10k.relora_random_drop - step=500 POST-MERGE VAL_LOSS=0.2046 (first_eval=0.17174239188432694)
[2026-05-21 05:35:44,432] INFO stage3.gemma3-12b.metamathqa-10k.relora_random_drop - step=525/3000 train_loss=0.1773 lr=5.00e-05 elapsed=5182s
[2026-05-21 05:39:39,788] INFO stage3.gemma3-12b.metamathqa-10k.relora_random_drop - step=550/3000 train_loss=0.1506 lr=1.00e-04 elapsed=5418s
[2026-05-21 05:39:40,590] INFO stage3.gemma3-12b.metamathqa-10k.relora_random_drop - periodic ckpt saved: /mnt/cpfs/junlongke/onlinelora/lora_obd/results/stage3_v2/gemma3-12b/metamathqa-10k/relora_random_drop/seed42/checkpoints/step_000550
[2026-05-21 05:43:45,763] INFO stage3.gemma3-12b.metamathqa-10k.relora_random_drop - step=575/3000 train_loss=0.1553 lr=1.50e-04 elapsed=5664s
[2026-05-21 05:47:43,835] INFO stage3.gemma3-12b.metamathqa-10k.relora_random_drop - step=600/3000 train_loss=0.1555 lr=2.00e-04 elapsed=5902s
[2026-05-21 05:47:44,676] INFO stage3.gemma3-12b.metamathqa-10k.relora_random_drop - periodic ckpt saved: /mnt/cpfs/junlongke/onlinelora/lora_obd/results/stage3_v2/gemma3-12b/metamathqa-10k/relora_random_drop/seed42/checkpoints/step_000600
[2026-05-21 05:51:46,455] INFO stage3.gemma3-12b.metamathqa-10k.relora_random_drop - step=625/3000 train_loss=0.1462 lr=2.00e-04 elapsed=6144s
[2026-05-21 05:55:45,344] INFO stage3.gemma3-12b.metamathqa-10k.relora_random_drop - step=650/3000 train_loss=0.1256 lr=2.00e-04 elapsed=6383s
[2026-05-21 05:55:46,147] INFO stage3.gemma3-12b.metamathqa-10k.relora_random_drop - periodic ckpt saved: /mnt/cpfs/junlongke/onlinelora/lora_obd/results/stage3_v2/gemma3-12b/metamathqa-10k/relora_random_drop/seed42/checkpoints/step_000650
[2026-05-21 05:59:40,152] INFO stage3.gemma3-12b.metamathqa-10k.relora_random_drop - step=675/3000 train_loss=0.1204 lr=2.00e-04 elapsed=6618s
[2026-05-21 06:03:37,951] INFO stage3.gemma3-12b.metamathqa-10k.relora_random_drop - step=700/3000 train_loss=0.1235 lr=1.99e-04 elapsed=6856s
[2026-05-21 06:03:38,733] INFO stage3.gemma3-12b.metamathqa-10k.relora_random_drop - periodic ckpt saved: /mnt/cpfs/junlongke/onlinelora/lora_obd/results/stage3_v2/gemma3-12b/metamathqa-10k/relora_random_drop/seed42/checkpoints/step_000700
[2026-05-21 06:07:45,005] INFO stage3.gemma3-12b.metamathqa-10k.relora_random_drop - step=725/3000 train_loss=0.1198 lr=1.99e-04 elapsed=7103s
[2026-05-21 06:11:46,472] INFO stage3.gemma3-12b.metamathqa-10k.relora_random_drop - step=750/3000 train_loss=0.1216 lr=1.98e-04 elapsed=7344s
[2026-05-21 06:11:47,291] INFO stage3.gemma3-12b.metamathqa-10k.relora_random_drop - periodic ckpt saved: /mnt/cpfs/junlongke/onlinelora/lora_obd/results/stage3_v2/gemma3-12b/metamathqa-10k/relora_random_drop/seed42/checkpoints/step_000750
[2026-05-21 06:12:43,454] INFO stage3.gemma3-12b.metamathqa-10k.relora_random_drop - step=750 VAL_LOSS=0.1727
[2026-05-21 06:16:41,408] INFO stage3.gemma3-12b.metamathqa-10k.relora_random_drop - step=775/3000 train_loss=0.1262 lr=1.97e-04 elapsed=7639s
[2026-05-21 06:20:43,719] INFO stage3.gemma3-12b.metamathqa-10k.relora_random_drop - step=800/3000 train_loss=0.1242 lr=1.97e-04 elapsed=7882s
[2026-05-21 06:20:44,482] INFO stage3.gemma3-12b.metamathqa-10k.relora_random_drop - periodic ckpt saved: /mnt/cpfs/junlongke/onlinelora/lora_obd/results/stage3_v2/gemma3-12b/metamathqa-10k/relora_random_drop/seed42/checkpoints/step_000800
[2026-05-21 06:24:29,436] INFO stage3.gemma3-12b.metamathqa-10k.relora_random_drop - step=825/3000 train_loss=0.1164 lr=1.96e-04 elapsed=8107s
[2026-05-21 06:28:32,336] INFO stage3.gemma3-12b.metamathqa-10k.relora_random_drop - step=850/3000 train_loss=0.1183 lr=1.95e-04 elapsed=8350s
[2026-05-21 06:28:33,136] INFO stage3.gemma3-12b.metamathqa-10k.relora_random_drop - periodic ckpt saved: /mnt/cpfs/junlongke/onlinelora/lora_obd/results/stage3_v2/gemma3-12b/metamathqa-10k/relora_random_drop/seed42/checkpoints/step_000850
[2026-05-21 06:32:28,797] INFO stage3.gemma3-12b.metamathqa-10k.relora_random_drop - step=875/3000 train_loss=0.1214 lr=1.94e-04 elapsed=8587s
[2026-05-21 06:36:28,970] INFO stage3.gemma3-12b.metamathqa-10k.relora_random_drop - step=900/3000 train_loss=0.1208 lr=1.92e-04 elapsed=8827s
[2026-05-21 06:36:29,763] INFO stage3.gemma3-12b.metamathqa-10k.relora_random_drop - periodic ckpt saved: /mnt/cpfs/junlongke/onlinelora/lora_obd/results/stage3_v2/gemma3-12b/metamathqa-10k/relora_random_drop/seed42/checkpoints/step_000900
[2026-05-21 06:40:18,517] INFO stage3.gemma3-12b.metamathqa-10k.relora_random_drop - step=925/3000 train_loss=0.1263 lr=1.91e-04 elapsed=9056s
[2026-05-21 06:44:13,976] INFO stage3.gemma3-12b.metamathqa-10k.relora_random_drop - step=950/3000 train_loss=0.1016 lr=1.90e-04 elapsed=9292s
[2026-05-21 06:44:14,805] INFO stage3.gemma3-12b.metamathqa-10k.relora_random_drop - periodic ckpt saved: /mnt/cpfs/junlongke/onlinelora/lora_obd/results/stage3_v2/gemma3-12b/metamathqa-10k/relora_random_drop/seed42/checkpoints/step_000950
[2026-05-21 06:48:14,256] INFO stage3.gemma3-12b.metamathqa-10k.relora_random_drop - step=975/3000 train_loss=0.0812 lr=1.88e-04 elapsed=9532s
[2026-05-21 06:52:08,126] INFO stage3.gemma3-12b.metamathqa-10k.relora_random_drop - step=1000/3000 train_loss=0.0805 lr=1.87e-04 elapsed=9766s
[2026-05-21 06:52:08,920] INFO stage3.gemma3-12b.metamathqa-10k.relora_random_drop - periodic ckpt saved: /mnt/cpfs/junlongke/onlinelora/lora_obd/results/stage3_v2/gemma3-12b/metamathqa-10k/relora_random_drop/seed42/checkpoints/step_001000
[2026-05-21 06:53:04,857] INFO stage3.gemma3-12b.metamathqa-10k.relora_random_drop - step=1000 VAL_LOSS=0.1964
[2026-05-21 06:53:16,060] INFO stage3.gemma3-12b.metamathqa-10k.relora_random_drop - step=1000 mean_ER=1515.24 mean_CN=1.01e+06
[2026-05-21 06:53:16,060] INFO stage3.gemma3-12b.metamathqa-10k.relora_random_drop - === MERGE EVENT 2 at step 1000 (method=relora_random_drop) ===
[2026-05-21 06:53:16,324] INFO stage3.gemma3-12b.metamathqa-10k.relora_random_drop - merge: total=6672 kept=3365 drop_rate=0.496
[2026-05-21 06:54:24,273] INFO stage3.gemma3-12b.metamathqa-10k.relora_random_drop - step=1000 POST-MERGE VAL_LOSS=0.1821 (first_eval=0.17174239188432694)
[2026-05-21 06:58:20,016] INFO stage3.gemma3-12b.metamathqa-10k.relora_random_drop - step=1025/3000 train_loss=0.1038 lr=5.00e-05 elapsed=10138s
[2026-05-21 07:02:16,270] INFO stage3.gemma3-12b.metamathqa-10k.relora_random_drop - step=1050/3000 train_loss=0.0970 lr=1.00e-04 elapsed=10374s
[2026-05-21 07:02:17,076] INFO stage3.gemma3-12b.metamathqa-10k.relora_random_drop - periodic ckpt saved: /mnt/cpfs/junlongke/onlinelora/lora_obd/results/stage3_v2/gemma3-12b/metamathqa-10k/relora_random_drop/seed42/checkpoints/step_001050
[2026-05-21 07:06:13,565] INFO stage3.gemma3-12b.metamathqa-10k.relora_random_drop - step=1075/3000 train_loss=0.0961 lr=1.50e-04 elapsed=10611s
[2026-05-21 07:10:22,973] INFO stage3.gemma3-12b.metamathqa-10k.relora_random_drop - step=1100/3000 train_loss=0.1012 lr=2.00e-04 elapsed=10861s
[2026-05-21 07:10:23,813] INFO stage3.gemma3-12b.metamathqa-10k.relora_random_drop - periodic ckpt saved: /mnt/cpfs/junlongke/onlinelora/lora_obd/results/stage3_v2/gemma3-12b/metamathqa-10k/relora_random_drop/seed42/checkpoints/step_001100
[2026-05-21 07:14:29,590] INFO stage3.gemma3-12b.metamathqa-10k.relora_random_drop - step=1125/3000 train_loss=0.0984 lr=2.00e-04 elapsed=11107s
[2026-05-21 07:18:20,038] INFO stage3.gemma3-12b.metamathqa-10k.relora_random_drop - step=1150/3000 train_loss=0.0987 lr=2.00e-04 elapsed=11338s
[2026-05-21 07:18:20,821] INFO stage3.gemma3-12b.metamathqa-10k.relora_random_drop - periodic ckpt saved: /mnt/cpfs/junlongke/onlinelora/lora_obd/results/stage3_v2/gemma3-12b/metamathqa-10k/relora_random_drop/seed42/checkpoints/step_001150
[2026-05-21 07:22:16,803] INFO stage3.gemma3-12b.metamathqa-10k.relora_random_drop - step=1175/3000 train_loss=0.0963 lr=1.99e-04 elapsed=11575s
[2026-05-21 07:26:08,504] INFO stage3.gemma3-12b.metamathqa-10k.relora_random_drop - step=1200/3000 train_loss=0.0977 lr=1.99e-04 elapsed=11806s
[2026-05-21 07:26:09,322] INFO stage3.gemma3-12b.metamathqa-10k.relora_random_drop - periodic ckpt saved: /mnt/cpfs/junlongke/onlinelora/lora_obd/results/stage3_v2/gemma3-12b/metamathqa-10k/relora_random_drop/seed42/checkpoints/step_001200
[2026-05-21 07:30:10,949] INFO stage3.gemma3-12b.metamathqa-10k.relora_random_drop - step=1225/3000 train_loss=0.1021 lr=1.98e-04 elapsed=12049s
[2026-05-21 07:34:05,591] INFO stage3.gemma3-12b.metamathqa-10k.relora_random_drop - step=1250/3000 train_loss=0.0978 lr=1.97e-04 elapsed=12283s
[2026-05-21 07:34:06,416] INFO stage3.gemma3-12b.metamathqa-10k.relora_random_drop - periodic ckpt saved: /mnt/cpfs/junlongke/onlinelora/lora_obd/results/stage3_v2/gemma3-12b/metamathqa-10k/relora_random_drop/seed42/checkpoints/step_001250
[2026-05-21 07:35:02,532] INFO stage3.gemma3-12b.metamathqa-10k.relora_random_drop - step=1250 VAL_LOSS=0.1844
[2026-05-21 07:38:58,785] INFO stage3.gemma3-12b.metamathqa-10k.relora_random_drop - step=1275/3000 train_loss=0.0708 lr=1.96e-04 elapsed=12577s
[2026-05-21 07:42:52,199] INFO stage3.gemma3-12b.metamathqa-10k.relora_random_drop - step=1300/3000 train_loss=0.0705 lr=1.95e-04 elapsed=12810s
[2026-05-21 07:42:53,079] INFO stage3.gemma3-12b.metamathqa-10k.relora_random_drop - periodic ckpt saved: /mnt/cpfs/junlongke/onlinelora/lora_obd/results/stage3_v2/gemma3-12b/metamathqa-10k/relora_random_drop/seed42/checkpoints/step_001300
[2026-05-21 07:46:57,550] INFO stage3.gemma3-12b.metamathqa-10k.relora_random_drop - step=1325/3000 train_loss=0.0758 lr=1.93e-04 elapsed=13055s
[2026-05-21 07:51:04,883] INFO stage3.gemma3-12b.metamathqa-10k.relora_random_drop - step=1350/3000 train_loss=0.0725 lr=1.92e-04 elapsed=13303s
[2026-05-21 07:51:05,690] INFO stage3.gemma3-12b.metamathqa-10k.relora_random_drop - periodic ckpt saved: /mnt/cpfs/junlongke/onlinelora/lora_obd/results/stage3_v2/gemma3-12b/metamathqa-10k/relora_random_drop/seed42/checkpoints/step_001350
[2026-05-21 07:55:10,146] INFO stage3.gemma3-12b.metamathqa-10k.relora_random_drop - step=1375/3000 train_loss=0.0749 lr=1.90e-04 elapsed=13548s
[2026-05-21 07:59:12,029] INFO stage3.gemma3-12b.metamathqa-10k.relora_random_drop - step=1400/3000 train_loss=0.0726 lr=1.88e-04 elapsed=13790s
[2026-05-21 07:59:12,772] INFO stage3.gemma3-12b.metamathqa-10k.relora_random_drop - periodic ckpt saved: /mnt/cpfs/junlongke/onlinelora/lora_obd/results/stage3_v2/gemma3-12b/metamathqa-10k/relora_random_drop/seed42/checkpoints/step_001400
[2026-05-21 08:03:01,177] INFO stage3.gemma3-12b.metamathqa-10k.relora_random_drop - step=1425/3000 train_loss=0.0743 lr=1.86e-04 elapsed=14019s
[2026-05-21 08:06:49,558] INFO stage3.gemma3-12b.metamathqa-10k.relora_random_drop - step=1450/3000 train_loss=0.0745 lr=1.84e-04 elapsed=14247s
[2026-05-21 08:06:50,339] INFO stage3.gemma3-12b.metamathqa-10k.relora_random_drop - periodic ckpt saved: /mnt/cpfs/junlongke/onlinelora/lora_obd/results/stage3_v2/gemma3-12b/metamathqa-10k/relora_random_drop/seed42/checkpoints/step_001450
[2026-05-21 08:10:45,739] INFO stage3.gemma3-12b.metamathqa-10k.relora_random_drop - step=1475/3000 train_loss=0.0792 lr=1.81e-04 elapsed=14484s
[2026-05-21 08:14:40,357] INFO stage3.gemma3-12b.metamathqa-10k.relora_random_drop - step=1500/3000 train_loss=0.0753 lr=1.79e-04 elapsed=14718s
[2026-05-21 08:14:41,193] INFO stage3.gemma3-12b.metamathqa-10k.relora_random_drop - periodic ckpt saved: /mnt/cpfs/junlongke/onlinelora/lora_obd/results/stage3_v2/gemma3-12b/metamathqa-10k/relora_random_drop/seed42/checkpoints/step_001500
[2026-05-21 08:15:37,223] INFO stage3.gemma3-12b.metamathqa-10k.relora_random_drop - step=1500 VAL_LOSS=0.1994
[2026-05-21 08:15:48,282] INFO stage3.gemma3-12b.metamathqa-10k.relora_random_drop - step=1500 mean_ER=1515.39 mean_CN=1.01e+06
[2026-05-21 08:15:48,283] INFO stage3.gemma3-12b.metamathqa-10k.relora_random_drop - === MERGE EVENT 3 at step 1500 (method=relora_random_drop) ===
[2026-05-21 08:15:48,544] INFO stage3.gemma3-12b.metamathqa-10k.relora_random_drop - merge: total=6672 kept=3327 drop_rate=0.501
[2026-05-21 08:16:56,131] INFO stage3.gemma3-12b.metamathqa-10k.relora_random_drop - step=1500 POST-MERGE VAL_LOSS=0.1841 (first_eval=0.17174239188432694)
[2026-05-21 08:20:58,943] INFO stage3.gemma3-12b.metamathqa-10k.relora_random_drop - step=1525/3000 train_loss=0.0812 lr=5.00e-05 elapsed=15097s
[2026-05-21 08:24:50,138] INFO stage3.gemma3-12b.metamathqa-10k.relora_random_drop - step=1550/3000 train_loss=0.0814 lr=1.00e-04 elapsed=15328s
[2026-05-21 08:24:50,922] INFO stage3.gemma3-12b.metamathqa-10k.relora_random_drop - periodic ckpt saved: /mnt/cpfs/junlongke/onlinelora/lora_obd/results/stage3_v2/gemma3-12b/metamathqa-10k/relora_random_drop/seed42/checkpoints/step_001550
[2026-05-21 08:28:49,636] INFO stage3.gemma3-12b.metamathqa-10k.relora_random_drop - step=1575/3000 train_loss=0.0676 lr=1.50e-04 elapsed=15568s
[2026-05-21 08:32:45,682] INFO stage3.gemma3-12b.metamathqa-10k.relora_random_drop - step=1600/3000 train_loss=0.0559 lr=2.00e-04 elapsed=15804s
[2026-05-21 08:32:46,455] INFO stage3.gemma3-12b.metamathqa-10k.relora_random_drop - periodic ckpt saved: /mnt/cpfs/junlongke/onlinelora/lora_obd/results/stage3_v2/gemma3-12b/metamathqa-10k/relora_random_drop/seed42/checkpoints/step_001600
[2026-05-21 08:36:44,776] INFO stage3.gemma3-12b.metamathqa-10k.relora_random_drop - step=1625/3000 train_loss=0.0578 lr=2.00e-04 elapsed=16043s
[2026-05-21 08:40:39,679] INFO stage3.gemma3-12b.metamathqa-10k.relora_random_drop - step=1650/3000 train_loss=0.0558 lr=1.99e-04 elapsed=16278s
[2026-05-21 08:40:40,470] INFO stage3.gemma3-12b.metamathqa-10k.relora_random_drop - periodic ckpt saved: /mnt/cpfs/junlongke/onlinelora/lora_obd/results/stage3_v2/gemma3-12b/metamathqa-10k/relora_random_drop/seed42/checkpoints/step_001650
[2026-05-21 08:44:30,202] INFO stage3.gemma3-12b.metamathqa-10k.relora_random_drop - step=1675/3000 train_loss=0.0615 lr=1.99e-04 elapsed=16508s
[2026-05-21 08:48:32,160] INFO stage3.gemma3-12b.metamathqa-10k.relora_random_drop - step=1700/3000 train_loss=0.0619 lr=1.97e-04 elapsed=16750s
[2026-05-21 08:48:32,961] INFO stage3.gemma3-12b.metamathqa-10k.relora_random_drop - periodic ckpt saved: /mnt/cpfs/junlongke/onlinelora/lora_obd/results/stage3_v2/gemma3-12b/metamathqa-10k/relora_random_drop/seed42/checkpoints/step_001700
[2026-05-21 08:52:33,858] INFO stage3.gemma3-12b.metamathqa-10k.relora_random_drop - step=1725/3000 train_loss=0.0626 lr=1.96e-04 elapsed=16992s
[2026-05-21 08:56:23,079] INFO stage3.gemma3-12b.metamathqa-10k.relora_random_drop - step=1750/3000 train_loss=0.0632 lr=1.94e-04 elapsed=17221s
[2026-05-21 08:56:23,894] INFO stage3.gemma3-12b.metamathqa-10k.relora_random_drop - periodic ckpt saved: /mnt/cpfs/junlongke/onlinelora/lora_obd/results/stage3_v2/gemma3-12b/metamathqa-10k/relora_random_drop/seed42/checkpoints/step_001750
[2026-05-21 08:57:20,075] INFO stage3.gemma3-12b.metamathqa-10k.relora_random_drop - step=1750 VAL_LOSS=0.2466
[2026-05-21 09:01:20,515] INFO stage3.gemma3-12b.metamathqa-10k.relora_random_drop - step=1775/3000 train_loss=0.0632 lr=1.92e-04 elapsed=17518s
[2026-05-21 09:05:16,723] INFO stage3.gemma3-12b.metamathqa-10k.relora_random_drop - step=1800/3000 train_loss=0.0639 lr=1.90e-04 elapsed=17755s
[2026-05-21 09:05:17,607] INFO stage3.gemma3-12b.metamathqa-10k.relora_random_drop - periodic ckpt saved: /mnt/cpfs/junlongke/onlinelora/lora_obd/results/stage3_v2/gemma3-12b/metamathqa-10k/relora_random_drop/seed42/checkpoints/step_001800
[2026-05-21 09:09:18,147] INFO stage3.gemma3-12b.metamathqa-10k.relora_random_drop - step=1825/3000 train_loss=0.0646 lr=1.88e-04 elapsed=17996s
[2026-05-21 09:13:20,576] INFO stage3.gemma3-12b.metamathqa-10k.relora_random_drop - step=1850/3000 train_loss=0.0686 lr=1.85e-04 elapsed=18238s
[2026-05-21 09:13:21,403] INFO stage3.gemma3-12b.metamathqa-10k.relora_random_drop - periodic ckpt saved: /mnt/cpfs/junlongke/onlinelora/lora_obd/results/stage3_v2/gemma3-12b/metamathqa-10k/relora_random_drop/seed42/checkpoints/step_001850
[2026-05-21 09:17:18,230] INFO stage3.gemma3-12b.metamathqa-10k.relora_random_drop - step=1875/3000 train_loss=0.0640 lr=1.82e-04 elapsed=18476s
[2026-05-21 09:21:11,912] INFO stage3.gemma3-12b.metamathqa-10k.relora_random_drop - step=1900/3000 train_loss=0.0362 lr=1.78e-04 elapsed=18710s
[2026-05-21 09:21:12,790] INFO stage3.gemma3-12b.metamathqa-10k.relora_random_drop - periodic ckpt saved: /mnt/cpfs/junlongke/onlinelora/lora_obd/results/stage3_v2/gemma3-12b/metamathqa-10k/relora_random_drop/seed42/checkpoints/step_001900
[2026-05-21 09:25:12,324] INFO stage3.gemma3-12b.metamathqa-10k.relora_random_drop - step=1925/3000 train_loss=0.0364 lr=1.75e-04 elapsed=18950s
[2026-05-21 09:29:04,981] INFO stage3.gemma3-12b.metamathqa-10k.relora_random_drop - step=1950/3000 train_loss=0.0371 lr=1.71e-04 elapsed=19183s
[2026-05-21 09:29:05,760] INFO stage3.gemma3-12b.metamathqa-10k.relora_random_drop - periodic ckpt saved: /mnt/cpfs/junlongke/onlinelora/lora_obd/results/stage3_v2/gemma3-12b/metamathqa-10k/relora_random_drop/seed42/checkpoints/step_001950
[2026-05-21 09:32:52,989] INFO stage3.gemma3-12b.metamathqa-10k.relora_random_drop - step=1975/3000 train_loss=0.0397 lr=1.67e-04 elapsed=19411s
[2026-05-21 09:36:54,160] INFO stage3.gemma3-12b.metamathqa-10k.relora_random_drop - step=2000/3000 train_loss=0.0400 lr=1.62e-04 elapsed=19652s
[2026-05-21 09:36:54,954] INFO stage3.gemma3-12b.metamathqa-10k.relora_random_drop - periodic ckpt saved: /mnt/cpfs/junlongke/onlinelora/lora_obd/results/stage3_v2/gemma3-12b/metamathqa-10k/relora_random_drop/seed42/checkpoints/step_002000
[2026-05-21 09:37:51,388] INFO stage3.gemma3-12b.metamathqa-10k.relora_random_drop - step=2000 VAL_LOSS=0.2772
[2026-05-21 09:38:02,864] INFO stage3.gemma3-12b.metamathqa-10k.relora_random_drop - step=2000 mean_ER=1515.53 mean_CN=1.01e+06
[2026-05-21 09:38:02,865] INFO stage3.gemma3-12b.metamathqa-10k.relora_random_drop - === MERGE EVENT 4 at step 2000 (method=relora_random_drop) ===
[2026-05-21 09:38:03,125] INFO stage3.gemma3-12b.metamathqa-10k.relora_random_drop - merge: total=6672 kept=3311 drop_rate=0.504
[2026-05-21 09:39:10,765] INFO stage3.gemma3-12b.metamathqa-10k.relora_random_drop - step=2000 POST-MERGE VAL_LOSS=0.2079 (first_eval=0.17174239188432694)
[2026-05-21 09:43:11,031] INFO stage3.gemma3-12b.metamathqa-10k.relora_random_drop - step=2025/3000 train_loss=0.0464 lr=5.00e-05 elapsed=20029s
[2026-05-21 09:47:16,982] INFO stage3.gemma3-12b.metamathqa-10k.relora_random_drop - step=2050/3000 train_loss=0.0431 lr=1.00e-04 elapsed=20275s
[2026-05-21 09:47:17,759] INFO stage3.gemma3-12b.metamathqa-10k.relora_random_drop - periodic ckpt saved: /mnt/cpfs/junlongke/onlinelora/lora_obd/results/stage3_v2/gemma3-12b/metamathqa-10k/relora_random_drop/seed42/checkpoints/step_002050
[2026-05-21 09:51:11,305] INFO stage3.gemma3-12b.metamathqa-10k.relora_random_drop - step=2075/3000 train_loss=0.0416 lr=1.50e-04 elapsed=20509s
[2026-05-21 09:55:11,071] INFO stage3.gemma3-12b.metamathqa-10k.relora_random_drop - step=2100/3000 train_loss=0.0412 lr=2.00e-04 elapsed=20749s
[2026-05-21 09:55:11,887] INFO stage3.gemma3-12b.metamathqa-10k.relora_random_drop - periodic ckpt saved: /mnt/cpfs/junlongke/onlinelora/lora_obd/results/stage3_v2/gemma3-12b/metamathqa-10k/relora_random_drop/seed42/checkpoints/step_002100
[2026-05-21 09:59:17,609] INFO stage3.gemma3-12b.metamathqa-10k.relora_random_drop - step=2125/3000 train_loss=0.0459 lr=2.00e-04 elapsed=20995s
[2026-05-21 10:03:16,380] INFO stage3.gemma3-12b.metamathqa-10k.relora_random_drop - step=2150/3000 train_loss=0.0443 lr=1.98e-04 elapsed=21234s
[2026-05-21 10:03:17,191] INFO stage3.gemma3-12b.metamathqa-10k.relora_random_drop - periodic ckpt saved: /mnt/cpfs/junlongke/onlinelora/lora_obd/results/stage3_v2/gemma3-12b/metamathqa-10k/relora_random_drop/seed42/checkpoints/step_002150
[2026-05-21 10:07:13,581] INFO stage3.gemma3-12b.metamathqa-10k.relora_random_drop - step=2175/3000 train_loss=0.0482 lr=1.97e-04 elapsed=21471s
[2026-05-21 10:11:10,977] INFO stage3.gemma3-12b.metamathqa-10k.relora_random_drop - step=2200/3000 train_loss=0.0397 lr=1.94e-04 elapsed=21709s
[2026-05-21 10:11:11,795] INFO stage3.gemma3-12b.metamathqa-10k.relora_random_drop - periodic ckpt saved: /mnt/cpfs/junlongke/onlinelora/lora_obd/results/stage3_v2/gemma3-12b/metamathqa-10k/relora_random_drop/seed42/checkpoints/step_002200
[2026-05-21 10:15:06,346] INFO stage3.gemma3-12b.metamathqa-10k.relora_random_drop - step=2225/3000 train_loss=0.0292 lr=1.91e-04 elapsed=21944s
[2026-05-21 10:18:56,790] INFO stage3.gemma3-12b.metamathqa-10k.relora_random_drop - step=2250/3000 train_loss=0.0324 lr=1.87e-04 elapsed=22175s
[2026-05-21 10:18:57,590] INFO stage3.gemma3-12b.metamathqa-10k.relora_random_drop - periodic ckpt saved: /mnt/cpfs/junlongke/onlinelora/lora_obd/results/stage3_v2/gemma3-12b/metamathqa-10k/relora_random_drop/seed42/checkpoints/step_002250
[2026-05-21 10:19:53,251] INFO stage3.gemma3-12b.metamathqa-10k.relora_random_drop - step=2250 VAL_LOSS=0.2890
[2026-05-21 10:23:46,560] INFO stage3.gemma3-12b.metamathqa-10k.relora_random_drop - step=2275/3000 train_loss=0.0304 lr=1.82e-04 elapsed=22464s
[2026-05-21 10:27:32,644] INFO stage3.gemma3-12b.metamathqa-10k.relora_random_drop - step=2300/3000 train_loss=0.0324 lr=1.77e-04 elapsed=22691s
[2026-05-21 10:27:33,466] INFO stage3.gemma3-12b.metamathqa-10k.relora_random_drop - periodic ckpt saved: /mnt/cpfs/junlongke/onlinelora/lora_obd/results/stage3_v2/gemma3-12b/metamathqa-10k/relora_random_drop/seed42/checkpoints/step_002300
[2026-05-21 10:31:44,691] INFO stage3.gemma3-12b.metamathqa-10k.relora_random_drop - step=2325/3000 train_loss=0.0354 lr=1.71e-04 elapsed=22943s
[2026-05-21 10:35:40,105] INFO stage3.gemma3-12b.metamathqa-10k.relora_random_drop - step=2350/3000 train_loss=0.0345 lr=1.64e-04 elapsed=23178s
[2026-05-21 10:35:40,895] INFO stage3.gemma3-12b.metamathqa-10k.relora_random_drop - periodic ckpt saved: /mnt/cpfs/junlongke/onlinelora/lora_obd/results/stage3_v2/gemma3-12b/metamathqa-10k/relora_random_drop/seed42/checkpoints/step_002350
[2026-05-21 10:39:38,626] INFO stage3.gemma3-12b.metamathqa-10k.relora_random_drop - step=2375/3000 train_loss=0.0331 lr=1.57e-04 elapsed=23417s
[2026-05-21 10:43:35,071] INFO stage3.gemma3-12b.metamathqa-10k.relora_random_drop - step=2400/3000 train_loss=0.0346 lr=1.50e-04 elapsed=23653s
[2026-05-21 10:43:35,866] INFO stage3.gemma3-12b.metamathqa-10k.relora_random_drop - periodic ckpt saved: /mnt/cpfs/junlongke/onlinelora/lora_obd/results/stage3_v2/gemma3-12b/metamathqa-10k/relora_random_drop/seed42/checkpoints/step_002400
[2026-05-21 10:47:45,030] INFO stage3.gemma3-12b.metamathqa-10k.relora_random_drop - step=2425/3000 train_loss=0.0354 lr=1.42e-04 elapsed=23903s
[2026-05-21 10:51:44,033] INFO stage3.gemma3-12b.metamathqa-10k.relora_random_drop - step=2450/3000 train_loss=0.0369 lr=1.34e-04 elapsed=24142s
[2026-05-21 10:51:44,844] INFO stage3.gemma3-12b.metamathqa-10k.relora_random_drop - periodic ckpt saved: /mnt/cpfs/junlongke/onlinelora/lora_obd/results/stage3_v2/gemma3-12b/metamathqa-10k/relora_random_drop/seed42/checkpoints/step_002450
[2026-05-21 10:55:40,865] INFO stage3.gemma3-12b.metamathqa-10k.relora_random_drop - step=2475/3000 train_loss=0.0364 lr=1.26e-04 elapsed=24379s
[2026-05-21 10:59:27,859] INFO stage3.gemma3-12b.metamathqa-10k.relora_random_drop - step=2500/3000 train_loss=0.0352 lr=1.17e-04 elapsed=24606s
[2026-05-21 10:59:28,654] INFO stage3.gemma3-12b.metamathqa-10k.relora_random_drop - periodic ckpt saved: /mnt/cpfs/junlongke/onlinelora/lora_obd/results/stage3_v2/gemma3-12b/metamathqa-10k/relora_random_drop/seed42/checkpoints/step_002500
[2026-05-21 11:00:24,574] INFO stage3.gemma3-12b.metamathqa-10k.relora_random_drop - step=2500 VAL_LOSS=0.2895
[2026-05-21 11:00:35,706] INFO stage3.gemma3-12b.metamathqa-10k.relora_random_drop - step=2500 mean_ER=1515.67 mean_CN=1.01e+06
[2026-05-21 11:00:35,706] INFO stage3.gemma3-12b.metamathqa-10k.relora_random_drop - === MERGE EVENT 5 at step 2500 (method=relora_random_drop) ===
[2026-05-21 11:00:35,970] INFO stage3.gemma3-12b.metamathqa-10k.relora_random_drop - merge: total=6672 kept=3277 drop_rate=0.509
[2026-05-21 11:01:43,729] INFO stage3.gemma3-12b.metamathqa-10k.relora_random_drop - step=2500 POST-MERGE VAL_LOSS=0.2333 (first_eval=0.17174239188432694)
[2026-05-21 11:05:39,894] INFO stage3.gemma3-12b.metamathqa-10k.relora_random_drop - step=2525/3000 train_loss=0.0256 lr=5.00e-05 elapsed=24978s
[2026-05-21 11:09:57,457] INFO stage3.gemma3-12b.metamathqa-10k.relora_random_drop - step=2550/3000 train_loss=0.0199 lr=1.00e-04 elapsed=25235s
[2026-05-21 11:09:58,280] INFO stage3.gemma3-12b.metamathqa-10k.relora_random_drop - periodic ckpt saved: /mnt/cpfs/junlongke/onlinelora/lora_obd/results/stage3_v2/gemma3-12b/metamathqa-10k/relora_random_drop/seed42/checkpoints/step_002550
[2026-05-21 11:13:57,299] INFO stage3.gemma3-12b.metamathqa-10k.relora_random_drop - step=2575/3000 train_loss=0.0187 lr=1.50e-04 elapsed=25475s
[2026-05-21 11:17:40,325] INFO stage3.gemma3-12b.metamathqa-10k.relora_random_drop - step=2600/3000 train_loss=0.0208 lr=2.00e-04 elapsed=25698s
[2026-05-21 11:17:41,132] INFO stage3.gemma3-12b.metamathqa-10k.relora_random_drop - periodic ckpt saved: /mnt/cpfs/junlongke/onlinelora/lora_obd/results/stage3_v2/gemma3-12b/metamathqa-10k/relora_random_drop/seed42/checkpoints/step_002600
[2026-05-21 11:21:34,283] INFO stage3.gemma3-12b.metamathqa-10k.relora_random_drop - step=2625/3000 train_loss=0.0238 lr=1.98e-04 elapsed=25932s
[2026-05-21 11:25:34,920] INFO stage3.gemma3-12b.metamathqa-10k.relora_random_drop - step=2650/3000 train_loss=0.0254 lr=1.92e-04 elapsed=26173s
[2026-05-21 11:25:35,727] INFO stage3.gemma3-12b.metamathqa-10k.relora_random_drop - periodic ckpt saved: /mnt/cpfs/junlongke/onlinelora/lora_obd/results/stage3_v2/gemma3-12b/metamathqa-10k/relora_random_drop/seed42/checkpoints/step_002650
[2026-05-21 11:29:27,983] INFO stage3.gemma3-12b.metamathqa-10k.relora_random_drop - step=2675/3000 train_loss=0.0238 lr=1.83e-04 elapsed=26406s
[2026-05-21 11:33:24,062] INFO stage3.gemma3-12b.metamathqa-10k.relora_random_drop - step=2700/3000 train_loss=0.0262 lr=1.71e-04 elapsed=26642s
[2026-05-21 11:33:24,882] INFO stage3.gemma3-12b.metamathqa-10k.relora_random_drop - periodic ckpt saved: /mnt/cpfs/junlongke/onlinelora/lora_obd/results/stage3_v2/gemma3-12b/metamathqa-10k/relora_random_drop/seed42/checkpoints/step_002700
[2026-05-21 11:37:18,648] INFO stage3.gemma3-12b.metamathqa-10k.relora_random_drop - step=2725/3000 train_loss=0.0242 lr=1.56e-04 elapsed=26877s
[2026-05-21 11:41:21,816] INFO stage3.gemma3-12b.metamathqa-10k.relora_random_drop - step=2750/3000 train_loss=0.0254 lr=1.38e-04 elapsed=27120s
[2026-05-21 11:41:22,626] INFO stage3.gemma3-12b.metamathqa-10k.relora_random_drop - periodic ckpt saved: /mnt/cpfs/junlongke/onlinelora/lora_obd/results/stage3_v2/gemma3-12b/metamathqa-10k/relora_random_drop/seed42/checkpoints/step_002750
[2026-05-21 11:42:18,687] INFO stage3.gemma3-12b.metamathqa-10k.relora_random_drop - step=2750 VAL_LOSS=0.3411
[2026-05-21 11:46:15,767] INFO stage3.gemma3-12b.metamathqa-10k.relora_random_drop - step=2775/3000 train_loss=0.0258 lr=1.20e-04 elapsed=27414s
[2026-05-21 11:50:23,491] INFO stage3.gemma3-12b.metamathqa-10k.relora_random_drop - step=2800/3000 train_loss=0.0270 lr=1.00e-04 elapsed=27661s
[2026-05-21 11:50:24,291] INFO stage3.gemma3-12b.metamathqa-10k.relora_random_drop - periodic ckpt saved: /mnt/cpfs/junlongke/onlinelora/lora_obd/results/stage3_v2/gemma3-12b/metamathqa-10k/relora_random_drop/seed42/checkpoints/step_002800
[2026-05-21 11:54:18,310] INFO stage3.gemma3-12b.metamathqa-10k.relora_random_drop - step=2825/3000 train_loss=0.0202 lr=8.05e-05 elapsed=27896s
[2026-05-21 11:58:28,994] INFO stage3.gemma3-12b.metamathqa-10k.relora_random_drop - step=2850/3000 train_loss=0.0131 lr=6.17e-05 elapsed=28147s
[2026-05-21 11:58:29,862] INFO stage3.gemma3-12b.metamathqa-10k.relora_random_drop - periodic ckpt saved: /mnt/cpfs/junlongke/onlinelora/lora_obd/results/stage3_v2/gemma3-12b/metamathqa-10k/relora_random_drop/seed42/checkpoints/step_002850
[2026-05-21 12:02:25,027] INFO stage3.gemma3-12b.metamathqa-10k.relora_random_drop - step=2875/3000 train_loss=0.0135 lr=4.44e-05 elapsed=28383s
[2026-05-21 12:06:16,397] INFO stage3.gemma3-12b.metamathqa-10k.relora_random_drop - step=2900/3000 train_loss=0.0123 lr=2.93e-05 elapsed=28614s
[2026-05-21 12:06:17,268] INFO stage3.gemma3-12b.metamathqa-10k.relora_random_drop - periodic ckpt saved: /mnt/cpfs/junlongke/onlinelora/lora_obd/results/stage3_v2/gemma3-12b/metamathqa-10k/relora_random_drop/seed42/checkpoints/step_002900
