[2026-05-12 10:13:30,620] INFO stage1.sst2 - task=sst2 device=cuda out=/mnt/cpfs/junlongke/onlinelora/lora_obd/results/stage1/sst2
Some weights of RobertaForSequenceClassification were not initialized from the model checkpoint at roberta-base and are newly initialized: ['classifier.dense.bias', 'classifier.dense.weight', 'classifier.out_proj.bias', 'classifier.out_proj.weight']
You should probably TRAIN this model on a down-stream task to be able to use it for predictions and inference.
[2026-05-12 10:13:36,262] INFO stage1.sst2 - #LoRA layers=24, total rank-1 components=192
[2026-05-12 10:15:23,744] INFO stage1.sst2 - #train_main=53880, #diag=13469, #test_holdout=872
[2026-05-12 10:15:23,759] INFO stage1.sst2 - Training 5000 steps; saving diagnostics at [1000, 2000, 3000, 4000, 5000]
[2026-05-12 10:15:33,898] INFO stage1.sst2 - step=100/5000 loss=0.6689 lr=2.00e-04
[2026-05-12 10:15:43,811] INFO stage1.sst2 - step=200/5000 loss=0.3366 lr=1.96e-04
[2026-05-12 10:15:53,728] INFO stage1.sst2 - step=300/5000 loss=0.2629 lr=1.92e-04
[2026-05-12 10:16:03,634] INFO stage1.sst2 - step=400/5000 loss=0.2711 lr=1.88e-04
[2026-05-12 10:16:13,533] INFO stage1.sst2 - step=500/5000 loss=0.2638 lr=1.84e-04
[2026-05-12 10:16:23,437] INFO stage1.sst2 - step=600/5000 loss=0.2747 lr=1.80e-04
[2026-05-12 10:16:33,342] INFO stage1.sst2 - step=700/5000 loss=0.2344 lr=1.76e-04
[2026-05-12 10:16:43,246] INFO stage1.sst2 - step=800/5000 loss=0.2347 lr=1.71e-04
[2026-05-12 10:16:53,161] INFO stage1.sst2 - step=900/5000 loss=0.2663 lr=1.67e-04
[2026-05-12 10:17:03,066] INFO stage1.sst2 - step=1000/5000 loss=0.2524 lr=1.63e-04
[2026-05-12 10:17:04,359] INFO stage1.sst2 - [step 1000] baseline test loss=0.1988 acc=0.9278
[2026-05-12 10:17:17,667] INFO stage1.sst2 - [step 1000] starting oracle ablation over 192 components
[2026-05-12 10:21:19,391] INFO stage1.sst2 - [step 1000] oracle ablation done in 241.7s
[2026-05-12 10:21:20,342] INFO stage1.sst2 - [step 1000] rho(S5_fisher_val vs delta)= 0.301, rho(S4_fisher_tr)= 0.385, rho(S3_fo_val)= 0.347, rho(S2_fo_tr)= 0.284, AUC_signed(harmful)= 0.250, harmful%= 31.25%
[2026-05-12 10:21:30,261] INFO stage1.sst2 - step=1100/5000 loss=0.2406 lr=1.59e-04
[2026-05-12 10:21:40,180] INFO stage1.sst2 - step=1200/5000 loss=0.2432 lr=1.55e-04
[2026-05-12 10:21:50,096] INFO stage1.sst2 - step=1300/5000 loss=0.2343 lr=1.51e-04
[2026-05-12 10:22:00,009] INFO stage1.sst2 - step=1400/5000 loss=0.2315 lr=1.47e-04
[2026-05-12 10:22:09,921] INFO stage1.sst2 - step=1500/5000 loss=0.2292 lr=1.43e-04
[2026-05-12 10:22:19,827] INFO stage1.sst2 - step=1600/5000 loss=0.2331 lr=1.39e-04
[2026-05-12 10:22:29,737] INFO stage1.sst2 - step=1700/5000 loss=0.2351 lr=1.35e-04
[2026-05-12 10:22:39,641] INFO stage1.sst2 - step=1800/5000 loss=0.2258 lr=1.31e-04
[2026-05-12 10:22:49,545] INFO stage1.sst2 - step=1900/5000 loss=0.2264 lr=1.27e-04
[2026-05-12 10:22:59,452] INFO stage1.sst2 - step=2000/5000 loss=0.2236 lr=1.22e-04
[2026-05-12 10:23:00,740] INFO stage1.sst2 - [step 2000] baseline test loss=0.2007 acc=0.9312
[2026-05-12 10:23:13,756] INFO stage1.sst2 - [step 2000] starting oracle ablation over 192 components
[2026-05-12 10:27:15,581] INFO stage1.sst2 - [step 2000] oracle ablation done in 241.8s
[2026-05-12 10:27:16,544] INFO stage1.sst2 - [step 2000] rho(S5_fisher_val vs delta)= -0.402, rho(S4_fisher_tr)= -0.456, rho(S3_fo_val)= -0.212, rho(S2_fo_tr)= -0.289, AUC_signed(harmful)= 0.771, harmful%= 65.10%
[2026-05-12 10:27:26,466] INFO stage1.sst2 - step=2100/5000 loss=0.2141 lr=1.18e-04
[2026-05-12 10:27:36,380] INFO stage1.sst2 - step=2200/5000 loss=0.2080 lr=1.14e-04
[2026-05-12 10:27:46,287] INFO stage1.sst2 - step=2300/5000 loss=0.2016 lr=1.10e-04
[2026-05-12 10:27:56,213] INFO stage1.sst2 - step=2400/5000 loss=0.2162 lr=1.06e-04
[2026-05-12 10:28:06,121] INFO stage1.sst2 - step=2500/5000 loss=0.1970 lr=1.02e-04
[2026-05-12 10:28:16,028] INFO stage1.sst2 - step=2600/5000 loss=0.2159 lr=9.80e-05
[2026-05-12 10:28:25,943] INFO stage1.sst2 - step=2700/5000 loss=0.1967 lr=9.39e-05
[2026-05-12 10:28:35,853] INFO stage1.sst2 - step=2800/5000 loss=0.2133 lr=8.98e-05
[2026-05-12 10:28:45,757] INFO stage1.sst2 - step=2900/5000 loss=0.2105 lr=8.57e-05
[2026-05-12 10:28:55,676] INFO stage1.sst2 - step=3000/5000 loss=0.2181 lr=8.16e-05
[2026-05-12 10:28:56,962] INFO stage1.sst2 - [step 3000] baseline test loss=0.1966 acc=0.9312
[2026-05-12 10:29:10,095] INFO stage1.sst2 - [step 3000] starting oracle ablation over 192 components
[2026-05-12 10:33:11,712] INFO stage1.sst2 - [step 3000] oracle ablation done in 241.6s
[2026-05-12 10:33:12,653] INFO stage1.sst2 - [step 3000] rho(S5_fisher_val vs delta)= -0.482, rho(S4_fisher_tr)= -0.462, rho(S3_fo_val)= -0.246, rho(S2_fo_tr)= -0.266, AUC_signed(harmful)= 0.590, harmful%= 71.88%
[2026-05-12 10:33:22,567] INFO stage1.sst2 - step=3100/5000 loss=0.2136 lr=7.76e-05
[2026-05-12 10:33:32,469] INFO stage1.sst2 - step=3200/5000 loss=0.1961 lr=7.35e-05
[2026-05-12 10:33:42,379] INFO stage1.sst2 - step=3300/5000 loss=0.1903 lr=6.94e-05
[2026-05-12 10:33:52,289] INFO stage1.sst2 - step=3400/5000 loss=0.1798 lr=6.53e-05
[2026-05-12 10:34:02,177] INFO stage1.sst2 - step=3500/5000 loss=0.1868 lr=6.12e-05
[2026-05-12 10:34:12,062] INFO stage1.sst2 - step=3600/5000 loss=0.1858 lr=5.71e-05
[2026-05-12 10:34:21,966] INFO stage1.sst2 - step=3700/5000 loss=0.1866 lr=5.31e-05
[2026-05-12 10:34:31,857] INFO stage1.sst2 - step=3800/5000 loss=0.1823 lr=4.90e-05
[2026-05-12 10:34:41,748] INFO stage1.sst2 - step=3900/5000 loss=0.1800 lr=4.49e-05
[2026-05-12 10:34:51,646] INFO stage1.sst2 - step=4000/5000 loss=0.1926 lr=4.08e-05
[2026-05-12 10:34:52,936] INFO stage1.sst2 - [step 4000] baseline test loss=0.1987 acc=0.9323
[2026-05-12 10:35:05,732] INFO stage1.sst2 - [step 4000] starting oracle ablation over 192 components
[2026-05-12 10:39:07,273] INFO stage1.sst2 - [step 4000] oracle ablation done in 241.5s
[2026-05-12 10:39:08,235] INFO stage1.sst2 - [step 4000] rho(S5_fisher_val vs delta)= -0.263, rho(S4_fisher_tr)= -0.305, rho(S3_fo_val)= -0.117, rho(S2_fo_tr)= -0.168, AUC_signed(harmful)= 0.669, harmful%= 64.58%
[2026-05-12 10:39:18,144] INFO stage1.sst2 - step=4100/5000 loss=0.2005 lr=3.67e-05
[2026-05-12 10:39:28,041] INFO stage1.sst2 - step=4200/5000 loss=0.1931 lr=3.27e-05
[2026-05-12 10:39:37,942] INFO stage1.sst2 - step=4300/5000 loss=0.2034 lr=2.86e-05
[2026-05-12 10:39:47,833] INFO stage1.sst2 - step=4400/5000 loss=0.1842 lr=2.45e-05
[2026-05-12 10:39:57,716] INFO stage1.sst2 - step=4500/5000 loss=0.1696 lr=2.04e-05
[2026-05-12 10:40:07,616] INFO stage1.sst2 - step=4600/5000 loss=0.1915 lr=1.63e-05
[2026-05-12 10:40:17,515] INFO stage1.sst2 - step=4700/5000 loss=0.1934 lr=1.22e-05
[2026-05-12 10:40:27,411] INFO stage1.sst2 - step=4800/5000 loss=0.1836 lr=8.16e-06
[2026-05-12 10:40:37,307] INFO stage1.sst2 - step=4900/5000 loss=0.1807 lr=4.08e-06
[2026-05-12 10:40:47,199] INFO stage1.sst2 - step=5000/5000 loss=0.1897 lr=0.00e+00
[2026-05-12 10:40:48,492] INFO stage1.sst2 - [step 5000] baseline test loss=0.2024 acc=0.9312
[2026-05-12 10:41:00,968] INFO stage1.sst2 - [step 5000] starting oracle ablation over 192 components
[2026-05-12 10:45:02,309] INFO stage1.sst2 - [step 5000] oracle ablation done in 241.3s
[2026-05-12 10:45:03,294] INFO stage1.sst2 - [step 5000] rho(S5_fisher_val vs delta)= -0.486, rho(S4_fisher_tr)= -0.468, rho(S3_fo_val)= -0.284, rho(S2_fo_tr)= -0.388, AUC_signed(harmful)= 0.587, harmful%= 69.79%
[2026-05-12 10:45:03,304] INFO stage1.sst2 - training+diagnostics done in 1779.5s
[2026-05-12 10:45:03,314] INFO stage1.sst2 - summary.json -> /mnt/cpfs/junlongke/onlinelora/lora_obd/results/stage1/sst2/summary.json
