[2026-05-12 12:46:07,497] INFO stage1.mrpc - K-fold Fisher rerun: k_fold=5 fisher_max_samples=512
[2026-05-12 12:46:10,722] INFO stage1.mrpc - task=mrpc device=cuda out=results/stage1_kfold/mrpc
Some weights of RobertaForSequenceClassification were not initialized from the model checkpoint at roberta-base and are newly initialized: ['classifier.dense.bias', 'classifier.dense.weight', 'classifier.out_proj.bias', 'classifier.out_proj.weight']
You should probably TRAIN this model on a down-stream task to be able to use it for predictions and inference.
[2026-05-12 12:46:16,982] INFO stage1.mrpc - #LoRA layers=24, total rank-1 components=192
[2026-05-12 12:48:03,170] INFO stage1.mrpc - #train_main=2935, #diag=733, #test_holdout=408
[2026-05-12 12:48:03,185] INFO stage1.mrpc - Training 2000 steps; saving diagnostics at [400, 800, 1200, 1600, 2000]
[2026-05-12 12:48:06,061] INFO stage1.mrpc - step=50/2000 loss=0.6648 lr=1.50e-04
[2026-05-12 12:48:08,707] INFO stage1.mrpc - step=100/2000 loss=0.6354 lr=3.00e-04
[2026-05-12 12:48:11,352] INFO stage1.mrpc - step=150/2000 loss=0.5824 lr=2.92e-04
[2026-05-12 12:48:13,996] INFO stage1.mrpc - step=200/2000 loss=0.4927 lr=2.84e-04
[2026-05-12 12:48:16,639] INFO stage1.mrpc - step=250/2000 loss=0.5561 lr=2.76e-04
[2026-05-12 12:48:19,283] INFO stage1.mrpc - step=300/2000 loss=0.4336 lr=2.68e-04
[2026-05-12 12:48:21,927] INFO stage1.mrpc - step=350/2000 loss=0.4115 lr=2.61e-04
[2026-05-12 12:48:24,571] INFO stage1.mrpc - step=400/2000 loss=0.3812 lr=2.53e-04
[2026-05-12 12:48:25,196] INFO stage1.mrpc - [step 400] baseline test loss=0.3277 acc=0.8652
[2026-05-12 12:48:57,842] INFO stage1.mrpc - [step 400] computed 5-fold Fisher val saliency
[2026-05-12 12:48:57,843] INFO stage1.mrpc - [step 400] starting oracle ablation over 192 components
[2026-05-12 12:50:51,566] INFO stage1.mrpc - [step 400] oracle ablation done in 113.7s
[2026-05-12 12:50:52,517] INFO stage1.mrpc - [step 400] rho(S5_fisher_val vs delta)= -0.272, rho(S4_fisher_tr)= -0.245, rho(S3_fo_val)= -0.466, rho(S2_fo_tr)= -0.360, AUC_signed(harmful)= 0.201, harmful%= 56.25%
[2026-05-12 12:50:55,171] INFO stage1.mrpc - step=450/2000 loss=0.3688 lr=2.45e-04
[2026-05-12 12:50:57,821] INFO stage1.mrpc - step=500/2000 loss=0.3961 lr=2.37e-04
[2026-05-12 12:51:00,471] INFO stage1.mrpc - step=550/2000 loss=0.3270 lr=2.29e-04
[2026-05-12 12:51:03,122] INFO stage1.mrpc - step=600/2000 loss=0.2971 lr=2.21e-04
[2026-05-12 12:51:05,769] INFO stage1.mrpc - step=650/2000 loss=0.3155 lr=2.13e-04
[2026-05-12 12:51:08,416] INFO stage1.mrpc - step=700/2000 loss=0.3098 lr=2.05e-04
[2026-05-12 12:51:11,062] INFO stage1.mrpc - step=750/2000 loss=0.2825 lr=1.97e-04
[2026-05-12 12:51:13,709] INFO stage1.mrpc - step=800/2000 loss=0.2562 lr=1.89e-04
[2026-05-12 12:51:14,330] INFO stage1.mrpc - [step 800] baseline test loss=0.3231 acc=0.8701
[2026-05-12 12:51:47,055] INFO stage1.mrpc - [step 800] computed 5-fold Fisher val saliency
[2026-05-12 12:51:47,055] INFO stage1.mrpc - [step 800] starting oracle ablation over 192 components
[2026-05-12 12:53:40,826] INFO stage1.mrpc - [step 800] oracle ablation done in 113.8s
[2026-05-12 12:53:41,777] INFO stage1.mrpc - [step 800] rho(S5_fisher_val vs delta)= -0.341, rho(S4_fisher_tr)= -0.225, rho(S3_fo_val)= -0.526, rho(S2_fo_tr)= 0.293, AUC_signed(harmful)= 0.090, harmful%= 63.54%
[2026-05-12 12:53:44,428] INFO stage1.mrpc - step=850/2000 loss=0.2586 lr=1.82e-04
[2026-05-12 12:53:47,076] INFO stage1.mrpc - step=900/2000 loss=0.2943 lr=1.74e-04
[2026-05-12 12:53:49,729] INFO stage1.mrpc - step=950/2000 loss=0.2204 lr=1.66e-04
[2026-05-12 12:53:52,376] INFO stage1.mrpc - step=1000/2000 loss=0.2351 lr=1.58e-04
[2026-05-12 12:53:55,024] INFO stage1.mrpc - step=1050/2000 loss=0.2399 lr=1.50e-04
[2026-05-12 12:53:57,671] INFO stage1.mrpc - step=1100/2000 loss=0.2740 lr=1.42e-04
[2026-05-12 12:54:00,316] INFO stage1.mrpc - step=1150/2000 loss=0.1847 lr=1.34e-04
[2026-05-12 12:54:02,964] INFO stage1.mrpc - step=1200/2000 loss=0.2019 lr=1.26e-04
[2026-05-12 12:54:03,587] INFO stage1.mrpc - [step 1200] baseline test loss=0.3469 acc=0.8603
[2026-05-12 12:54:36,107] INFO stage1.mrpc - [step 1200] computed 5-fold Fisher val saliency
[2026-05-12 12:54:36,107] INFO stage1.mrpc - [step 1200] starting oracle ablation over 192 components
[2026-05-12 12:56:29,668] INFO stage1.mrpc - [step 1200] oracle ablation done in 113.6s
[2026-05-12 12:56:30,600] INFO stage1.mrpc - [step 1200] rho(S5_fisher_val vs delta)= -0.517, rho(S4_fisher_tr)= -0.427, rho(S3_fo_val)= -0.719, rho(S2_fo_tr)= -0.082, AUC_signed(harmful)= 0.226, harmful%= 77.08%
[2026-05-12 12:56:33,249] INFO stage1.mrpc - step=1250/2000 loss=0.1615 lr=1.18e-04
[2026-05-12 12:56:35,897] INFO stage1.mrpc - step=1300/2000 loss=0.1878 lr=1.11e-04
[2026-05-12 12:56:38,543] INFO stage1.mrpc - step=1350/2000 loss=0.1813 lr=1.03e-04
[2026-05-12 12:56:41,189] INFO stage1.mrpc - step=1400/2000 loss=0.1609 lr=9.47e-05
[2026-05-12 12:56:43,835] INFO stage1.mrpc - step=1450/2000 loss=0.1586 lr=8.68e-05
[2026-05-12 12:56:46,483] INFO stage1.mrpc - step=1500/2000 loss=0.1736 lr=7.89e-05
[2026-05-12 12:56:49,133] INFO stage1.mrpc - step=1550/2000 loss=0.1279 lr=7.11e-05
[2026-05-12 12:56:51,776] INFO stage1.mrpc - step=1600/2000 loss=0.1350 lr=6.32e-05
[2026-05-12 12:56:52,398] INFO stage1.mrpc - [step 1600] baseline test loss=0.4056 acc=0.8701
[2026-05-12 12:57:24,679] INFO stage1.mrpc - [step 1600] computed 5-fold Fisher val saliency
[2026-05-12 12:57:24,680] INFO stage1.mrpc - [step 1600] starting oracle ablation over 192 components
[2026-05-12 12:59:18,233] INFO stage1.mrpc - [step 1600] oracle ablation done in 113.6s
[2026-05-12 12:59:19,182] INFO stage1.mrpc - [step 1600] rho(S5_fisher_val vs delta)= -0.503, rho(S4_fisher_tr)= -0.452, rho(S3_fo_val)= -0.779, rho(S2_fo_tr)= -0.454, AUC_signed(harmful)= 0.101, harmful%= 70.31%
[2026-05-12 12:59:21,833] INFO stage1.mrpc - step=1650/2000 loss=0.1212 lr=5.53e-05
[2026-05-12 12:59:24,482] INFO stage1.mrpc - step=1700/2000 loss=0.1531 lr=4.74e-05
[2026-05-12 12:59:27,129] INFO stage1.mrpc - step=1750/2000 loss=0.1088 lr=3.95e-05
[2026-05-12 12:59:29,774] INFO stage1.mrpc - step=1800/2000 loss=0.1350 lr=3.16e-05
[2026-05-12 12:59:32,419] INFO stage1.mrpc - step=1850/2000 loss=0.0994 lr=2.37e-05
[2026-05-12 12:59:35,065] INFO stage1.mrpc - step=1900/2000 loss=0.1088 lr=1.58e-05
[2026-05-12 12:59:37,711] INFO stage1.mrpc - step=1950/2000 loss=0.1224 lr=7.89e-06
[2026-05-12 12:59:40,356] INFO stage1.mrpc - step=2000/2000 loss=0.1220 lr=0.00e+00
[2026-05-12 12:59:40,980] INFO stage1.mrpc - [step 2000] baseline test loss=0.4586 acc=0.8676
[2026-05-12 13:00:13,767] INFO stage1.mrpc - [step 2000] computed 5-fold Fisher val saliency
[2026-05-12 13:00:13,768] INFO stage1.mrpc - [step 2000] starting oracle ablation over 192 components
[2026-05-12 13:02:07,247] INFO stage1.mrpc - [step 2000] oracle ablation done in 113.5s
[2026-05-12 13:02:08,190] INFO stage1.mrpc - [step 2000] rho(S5_fisher_val vs delta)= -0.261, rho(S4_fisher_tr)= -0.184, rho(S3_fo_val)= -0.572, rho(S2_fo_tr)= -0.015, AUC_signed(harmful)= 0.213, harmful%= 68.23%
[2026-05-12 13:02:08,198] INFO stage1.mrpc - training+diagnostics done in 845.0s
[2026-05-12 13:02:08,207] INFO stage1.mrpc - summary.json -> results/stage1_kfold/mrpc/summary.json
