[2026-05-12 12:46:06,007] INFO stage2.11M.relora_diag_gated_S3neg_drops - size=11M method=relora_diag_gated effective_gate=S3_fo_val_signed gate_sign=S3neg_drops out=/mnt/cpfs/junlongke/onlinelora/lora_obd/results/stage2/11M/relora_diag_gated_S3neg_drops
[2026-05-12 12:46:09,924] INFO stage2.11M.relora_diag_gated_S3neg_drops - loading wikitext-2-raw-v1
Token indices sequence length is longer than the specified maximum sequence length for this model (2391884 > 512). Running this sequence through the model will result in indexing errors
[2026-05-12 12:49:56,349] INFO stage2.11M.relora_diag_gated_S3neg_drops - train tokens=2,391,884  val tokens=247,289
[2026-05-12 12:49:56,352] INFO stage2.11M.relora_diag_gated_S3neg_drops - #train_windows=9343  #val_windows=965
[2026-05-12 12:49:56,576] INFO stage2.11M.relora_diag_gated_S3neg_drops - tiny_lm 11M: total params=14.37M (incl. embedding)
[2026-05-12 12:49:59,828] INFO stage2.11M.relora_diag_gated_S3neg_drops - #LoRA layers=16 #components=1024
[2026-05-12 12:49:59,828] INFO stage2.11M.relora_diag_gated_S3neg_drops - #trainable params=0.39M
[2026-05-12 12:50:00,275] INFO stage2.11M.relora_diag_gated_S3neg_drops - [step 0] mean_effective_rank=154.273 mean_condition_number=1.27e+03
[2026-05-12 12:50:00,275] INFO stage2.11M.relora_diag_gated_S3neg_drops - merge events scheduled at steps: [1000, 2000, 3000, 4000, 5000]
[2026-05-12 12:50:02,218] INFO stage2.11M.relora_diag_gated_S3neg_drops - step=50/5000 train_loss=10.8446 lr=7.50e-05 elapsed=2s
[2026-05-12 12:50:03,954] INFO stage2.11M.relora_diag_gated_S3neg_drops - step=100/5000 train_loss=10.6575 lr=1.50e-04 elapsed=4s
[2026-05-12 12:50:05,682] INFO stage2.11M.relora_diag_gated_S3neg_drops - step=150/5000 train_loss=10.5345 lr=2.25e-04 elapsed=5s
[2026-05-12 12:50:07,410] INFO stage2.11M.relora_diag_gated_S3neg_drops - step=200/5000 train_loss=10.5201 lr=3.00e-04 elapsed=7s
[2026-05-12 12:50:09,140] INFO stage2.11M.relora_diag_gated_S3neg_drops - step=250/5000 train_loss=10.5184 lr=3.00e-04 elapsed=9s
[2026-05-12 12:50:09,824] INFO stage2.11M.relora_diag_gated_S3neg_drops - step=250 VAL_LOSS=10.5105  ppl=36698.59
[2026-05-12 12:50:11,553] INFO stage2.11M.relora_diag_gated_S3neg_drops - step=300/5000 train_loss=10.5173 lr=3.00e-04 elapsed=11s
[2026-05-12 12:50:13,277] INFO stage2.11M.relora_diag_gated_S3neg_drops - step=350/5000 train_loss=10.5209 lr=2.99e-04 elapsed=13s
[2026-05-12 12:50:15,004] INFO stage2.11M.relora_diag_gated_S3neg_drops - step=400/5000 train_loss=10.5147 lr=2.99e-04 elapsed=15s
[2026-05-12 12:50:16,730] INFO stage2.11M.relora_diag_gated_S3neg_drops - step=450/5000 train_loss=10.5042 lr=2.98e-04 elapsed=16s
[2026-05-12 12:50:18,498] INFO stage2.11M.relora_diag_gated_S3neg_drops - step=500/5000 train_loss=10.4547 lr=2.97e-04 elapsed=18s
[2026-05-12 12:50:19,182] INFO stage2.11M.relora_diag_gated_S3neg_drops - step=500 VAL_LOSS=10.4138  ppl=33317.47
[2026-05-12 12:50:19,421] INFO stage2.11M.relora_diag_gated_S3neg_drops - step=500 mean_effective_rank=120.772 mean_condition_number=2.29e+04
[2026-05-12 12:50:21,143] INFO stage2.11M.relora_diag_gated_S3neg_drops - step=550/5000 train_loss=10.4059 lr=2.96e-04 elapsed=21s
[2026-05-12 12:50:22,861] INFO stage2.11M.relora_diag_gated_S3neg_drops - step=600/5000 train_loss=10.3689 lr=2.95e-04 elapsed=23s
[2026-05-12 12:50:24,580] INFO stage2.11M.relora_diag_gated_S3neg_drops - step=650/5000 train_loss=10.3376 lr=2.94e-04 elapsed=24s
[2026-05-12 12:50:26,299] INFO stage2.11M.relora_diag_gated_S3neg_drops - step=700/5000 train_loss=10.3097 lr=2.92e-04 elapsed=26s
[2026-05-12 12:50:28,016] INFO stage2.11M.relora_diag_gated_S3neg_drops - step=750/5000 train_loss=10.2851 lr=2.90e-04 elapsed=28s
[2026-05-12 12:50:28,699] INFO stage2.11M.relora_diag_gated_S3neg_drops - step=750 VAL_LOSS=10.2652  ppl=28716.79
[2026-05-12 12:50:30,417] INFO stage2.11M.relora_diag_gated_S3neg_drops - step=800/5000 train_loss=10.2759 lr=2.89e-04 elapsed=30s
[2026-05-12 12:50:32,136] INFO stage2.11M.relora_diag_gated_S3neg_drops - step=850/5000 train_loss=10.2657 lr=2.87e-04 elapsed=32s
[2026-05-12 12:50:33,856] INFO stage2.11M.relora_diag_gated_S3neg_drops - step=900/5000 train_loss=10.2553 lr=2.85e-04 elapsed=34s
[2026-05-12 12:50:35,582] INFO stage2.11M.relora_diag_gated_S3neg_drops - step=950/5000 train_loss=10.2512 lr=2.82e-04 elapsed=35s
[2026-05-12 12:50:37,330] INFO stage2.11M.relora_diag_gated_S3neg_drops - step=1000/5000 train_loss=10.2418 lr=2.80e-04 elapsed=37s
[2026-05-12 12:50:38,013] INFO stage2.11M.relora_diag_gated_S3neg_drops - step=1000 VAL_LOSS=10.2206  ppl=27462.05
[2026-05-12 12:50:38,250] INFO stage2.11M.relora_diag_gated_S3neg_drops - step=1000 mean_effective_rank=98.102 mean_condition_number=2.60e+04
[2026-05-12 12:50:38,250] INFO stage2.11M.relora_diag_gated_S3neg_drops - === MERGE EVENT 1 at step 1000 (gate=S3_fo_val_signed) ===
[2026-05-12 12:50:38,808] INFO stage2.11M.relora_diag_gated_S3neg_drops - merge stats: total=1024 kept=405 dropped=619 drop_rate=0.604
[2026-05-12 12:50:39,730] INFO stage2.11M.relora_diag_gated_S3neg_drops - step=1000 POST-MERGE VAL_LOSS=10.5458
[2026-05-12 12:50:41,455] INFO stage2.11M.relora_diag_gated_S3neg_drops - step=1050/5000 train_loss=10.5253 lr=7.50e-05 elapsed=41s
[2026-05-12 12:50:43,220] INFO stage2.11M.relora_diag_gated_S3neg_drops - step=1100/5000 train_loss=10.4618 lr=1.50e-04 elapsed=43s
[2026-05-12 12:50:44,942] INFO stage2.11M.relora_diag_gated_S3neg_drops - step=1150/5000 train_loss=10.3974 lr=2.25e-04 elapsed=45s
[2026-05-12 12:50:46,660] INFO stage2.11M.relora_diag_gated_S3neg_drops - step=1200/5000 train_loss=10.3405 lr=3.00e-04 elapsed=46s
[2026-05-12 12:50:48,384] INFO stage2.11M.relora_diag_gated_S3neg_drops - step=1250/5000 train_loss=10.2959 lr=3.00e-04 elapsed=48s
[2026-05-12 12:50:49,067] INFO stage2.11M.relora_diag_gated_S3neg_drops - step=1250 VAL_LOSS=10.2636  ppl=28668.64
[2026-05-12 12:50:50,790] INFO stage2.11M.relora_diag_gated_S3neg_drops - step=1300/5000 train_loss=10.2704 lr=2.99e-04 elapsed=51s
[2026-05-12 12:50:52,513] INFO stage2.11M.relora_diag_gated_S3neg_drops - step=1350/5000 train_loss=10.2554 lr=2.99e-04 elapsed=52s
[2026-05-12 12:50:54,233] INFO stage2.11M.relora_diag_gated_S3neg_drops - step=1400/5000 train_loss=10.2516 lr=2.98e-04 elapsed=54s
[2026-05-12 12:50:55,956] INFO stage2.11M.relora_diag_gated_S3neg_drops - step=1450/5000 train_loss=10.2449 lr=2.97e-04 elapsed=56s
[2026-05-12 12:50:57,680] INFO stage2.11M.relora_diag_gated_S3neg_drops - step=1500/5000 train_loss=10.2307 lr=2.95e-04 elapsed=57s
[2026-05-12 12:50:58,364] INFO stage2.11M.relora_diag_gated_S3neg_drops - step=1500 VAL_LOSS=10.2134  ppl=27266.75
[2026-05-12 12:50:58,599] INFO stage2.11M.relora_diag_gated_S3neg_drops - step=1500 mean_effective_rank=106.185 mean_condition_number=1.35e+04
[2026-05-12 12:51:00,317] INFO stage2.11M.relora_diag_gated_S3neg_drops - step=1550/5000 train_loss=10.2326 lr=2.94e-04 elapsed=60s
[2026-05-12 12:51:02,039] INFO stage2.11M.relora_diag_gated_S3neg_drops - step=1600/5000 train_loss=10.2217 lr=2.92e-04 elapsed=62s
[2026-05-12 12:51:03,758] INFO stage2.11M.relora_diag_gated_S3neg_drops - step=1650/5000 train_loss=10.2141 lr=2.90e-04 elapsed=63s
[2026-05-12 12:51:05,480] INFO stage2.11M.relora_diag_gated_S3neg_drops - step=1700/5000 train_loss=10.2183 lr=2.87e-04 elapsed=65s
[2026-05-12 12:51:07,203] INFO stage2.11M.relora_diag_gated_S3neg_drops - step=1750/5000 train_loss=10.2136 lr=2.85e-04 elapsed=67s
[2026-05-12 12:51:07,885] INFO stage2.11M.relora_diag_gated_S3neg_drops - step=1750 VAL_LOSS=10.1936  ppl=26732.43
[2026-05-12 12:51:09,606] INFO stage2.11M.relora_diag_gated_S3neg_drops - step=1800/5000 train_loss=10.2071 lr=2.82e-04 elapsed=69s
[2026-05-12 12:51:11,324] INFO stage2.11M.relora_diag_gated_S3neg_drops - step=1850/5000 train_loss=10.2078 lr=2.79e-04 elapsed=71s
[2026-05-12 12:51:13,048] INFO stage2.11M.relora_diag_gated_S3neg_drops - step=1900/5000 train_loss=10.1980 lr=2.76e-04 elapsed=73s
[2026-05-12 12:51:14,770] INFO stage2.11M.relora_diag_gated_S3neg_drops - step=1950/5000 train_loss=10.1974 lr=2.72e-04 elapsed=74s
[2026-05-12 12:51:16,496] INFO stage2.11M.relora_diag_gated_S3neg_drops - step=2000/5000 train_loss=10.1959 lr=2.68e-04 elapsed=76s
[2026-05-12 12:51:17,179] INFO stage2.11M.relora_diag_gated_S3neg_drops - step=2000 VAL_LOSS=10.1776  ppl=26307.72
[2026-05-12 12:51:17,415] INFO stage2.11M.relora_diag_gated_S3neg_drops - step=2000 mean_effective_rank=99.893 mean_condition_number=3.00e+04
[2026-05-12 12:51:17,415] INFO stage2.11M.relora_diag_gated_S3neg_drops - === MERGE EVENT 2 at step 2000 (gate=S3_fo_val_signed) ===
[2026-05-12 12:51:17,965] INFO stage2.11M.relora_diag_gated_S3neg_drops - merge stats: total=1024 kept=226 dropped=798 drop_rate=0.779
[2026-05-12 12:51:18,877] INFO stage2.11M.relora_diag_gated_S3neg_drops - step=2000 POST-MERGE VAL_LOSS=10.4873
[2026-05-12 12:51:20,601] INFO stage2.11M.relora_diag_gated_S3neg_drops - step=2050/5000 train_loss=10.4626 lr=7.50e-05 elapsed=80s
[2026-05-12 12:51:22,326] INFO stage2.11M.relora_diag_gated_S3neg_drops - step=2100/5000 train_loss=10.3896 lr=1.50e-04 elapsed=82s
[2026-05-12 12:51:24,051] INFO stage2.11M.relora_diag_gated_S3neg_drops - step=2150/5000 train_loss=10.3294 lr=2.25e-04 elapsed=84s
[2026-05-12 12:51:25,776] INFO stage2.11M.relora_diag_gated_S3neg_drops - step=2200/5000 train_loss=10.2772 lr=3.00e-04 elapsed=85s
[2026-05-12 12:51:27,497] INFO stage2.11M.relora_diag_gated_S3neg_drops - step=2250/5000 train_loss=10.2542 lr=3.00e-04 elapsed=87s
[2026-05-12 12:51:28,179] INFO stage2.11M.relora_diag_gated_S3neg_drops - step=2250 VAL_LOSS=10.2279  ppl=27664.82
[2026-05-12 12:51:29,902] INFO stage2.11M.relora_diag_gated_S3neg_drops - step=2300/5000 train_loss=10.2377 lr=2.99e-04 elapsed=90s
[2026-05-12 12:51:31,622] INFO stage2.11M.relora_diag_gated_S3neg_drops - step=2350/5000 train_loss=10.2324 lr=2.98e-04 elapsed=91s
[2026-05-12 12:51:33,343] INFO stage2.11M.relora_diag_gated_S3neg_drops - step=2400/5000 train_loss=10.2189 lr=2.96e-04 elapsed=93s
[2026-05-12 12:51:35,062] INFO stage2.11M.relora_diag_gated_S3neg_drops - step=2450/5000 train_loss=10.2174 lr=2.94e-04 elapsed=95s
[2026-05-12 12:51:36,782] INFO stage2.11M.relora_diag_gated_S3neg_drops - step=2500/5000 train_loss=10.2144 lr=2.92e-04 elapsed=97s
[2026-05-12 12:51:37,464] INFO stage2.11M.relora_diag_gated_S3neg_drops - step=2500 VAL_LOSS=10.1923  ppl=26696.84
[2026-05-12 12:51:37,698] INFO stage2.11M.relora_diag_gated_S3neg_drops - step=2500 mean_effective_rank=106.825 mean_condition_number=1.56e+04
[2026-05-12 12:51:39,415] INFO stage2.11M.relora_diag_gated_S3neg_drops - step=2550/5000 train_loss=10.2081 lr=2.89e-04 elapsed=99s
[2026-05-12 12:51:41,137] INFO stage2.11M.relora_diag_gated_S3neg_drops - step=2600/5000 train_loss=10.2048 lr=2.85e-04 elapsed=101s
[2026-05-12 12:51:42,857] INFO stage2.11M.relora_diag_gated_S3neg_drops - step=2650/5000 train_loss=10.2058 lr=2.81e-04 elapsed=103s
[2026-05-12 12:51:44,579] INFO stage2.11M.relora_diag_gated_S3neg_drops - step=2700/5000 train_loss=10.1949 lr=2.77e-04 elapsed=104s
[2026-05-12 12:51:46,302] INFO stage2.11M.relora_diag_gated_S3neg_drops - step=2750/5000 train_loss=10.1970 lr=2.72e-04 elapsed=106s
[2026-05-12 12:51:46,985] INFO stage2.11M.relora_diag_gated_S3neg_drops - step=2750 VAL_LOSS=10.1757  ppl=26256.45
[2026-05-12 12:51:48,710] INFO stage2.11M.relora_diag_gated_S3neg_drops - step=2800/5000 train_loss=10.1971 lr=2.67e-04 elapsed=108s
[2026-05-12 12:51:50,441] INFO stage2.11M.relora_diag_gated_S3neg_drops - step=2850/5000 train_loss=10.1856 lr=2.62e-04 elapsed=110s
[2026-05-12 12:51:52,166] INFO stage2.11M.relora_diag_gated_S3neg_drops - step=2900/5000 train_loss=10.1941 lr=2.56e-04 elapsed=112s
[2026-05-12 12:51:53,887] INFO stage2.11M.relora_diag_gated_S3neg_drops - step=2950/5000 train_loss=10.1784 lr=2.50e-04 elapsed=114s
[2026-05-12 12:51:55,608] INFO stage2.11M.relora_diag_gated_S3neg_drops - step=3000/5000 train_loss=10.1787 lr=2.44e-04 elapsed=115s
[2026-05-12 12:51:56,291] INFO stage2.11M.relora_diag_gated_S3neg_drops - step=3000 VAL_LOSS=10.1634  ppl=25935.85
[2026-05-12 12:51:56,527] INFO stage2.11M.relora_diag_gated_S3neg_drops - step=3000 mean_effective_rank=101.378 mean_condition_number=2.35e+04
[2026-05-12 12:51:56,527] INFO stage2.11M.relora_diag_gated_S3neg_drops - === MERGE EVENT 3 at step 3000 (gate=S3_fo_val_signed) ===
[2026-05-12 12:51:57,077] INFO stage2.11M.relora_diag_gated_S3neg_drops - merge stats: total=1024 kept=212 dropped=812 drop_rate=0.793
[2026-05-12 12:51:57,988] INFO stage2.11M.relora_diag_gated_S3neg_drops - step=3000 POST-MERGE VAL_LOSS=10.4488
[2026-05-12 12:51:59,705] INFO stage2.11M.relora_diag_gated_S3neg_drops - step=3050/5000 train_loss=10.4196 lr=7.50e-05 elapsed=119s
[2026-05-12 12:52:01,451] INFO stage2.11M.relora_diag_gated_S3neg_drops - step=3100/5000 train_loss=10.3289 lr=1.50e-04 elapsed=121s
[2026-05-12 12:52:03,178] INFO stage2.11M.relora_diag_gated_S3neg_drops - step=3150/5000 train_loss=10.2694 lr=2.25e-04 elapsed=123s
[2026-05-12 12:52:04,898] INFO stage2.11M.relora_diag_gated_S3neg_drops - step=3200/5000 train_loss=10.2495 lr=3.00e-04 elapsed=125s
[2026-05-12 12:52:06,617] INFO stage2.11M.relora_diag_gated_S3neg_drops - step=3250/5000 train_loss=10.2296 lr=2.99e-04 elapsed=126s
[2026-05-12 12:52:07,299] INFO stage2.11M.relora_diag_gated_S3neg_drops - step=3250 VAL_LOSS=10.2063  ppl=27072.55
[2026-05-12 12:52:09,019] INFO stage2.11M.relora_diag_gated_S3neg_drops - step=3300/5000 train_loss=10.2202 lr=2.98e-04 elapsed=129s
[2026-05-12 12:52:10,738] INFO stage2.11M.relora_diag_gated_S3neg_drops - step=3350/5000 train_loss=10.2075 lr=2.95e-04 elapsed=130s
[2026-05-12 12:52:12,457] INFO stage2.11M.relora_diag_gated_S3neg_drops - step=3400/5000 train_loss=10.2173 lr=2.91e-04 elapsed=132s
[2026-05-12 12:52:14,175] INFO stage2.11M.relora_diag_gated_S3neg_drops - step=3450/5000 train_loss=10.1991 lr=2.86e-04 elapsed=134s
[2026-05-12 12:52:15,894] INFO stage2.11M.relora_diag_gated_S3neg_drops - step=3500/5000 train_loss=10.2082 lr=2.80e-04 elapsed=136s
[2026-05-12 12:52:16,577] INFO stage2.11M.relora_diag_gated_S3neg_drops - step=3500 VAL_LOSS=10.1802  ppl=26375.88
[2026-05-12 12:52:16,812] INFO stage2.11M.relora_diag_gated_S3neg_drops - step=3500 mean_effective_rank=106.670 mean_condition_number=2.14e+04
[2026-05-12 12:52:18,527] INFO stage2.11M.relora_diag_gated_S3neg_drops - step=3550/5000 train_loss=10.1821 lr=2.73e-04 elapsed=138s
[2026-05-12 12:52:20,247] INFO stage2.11M.relora_diag_gated_S3neg_drops - step=3600/5000 train_loss=10.1939 lr=2.65e-04 elapsed=140s
[2026-05-12 12:52:21,967] INFO stage2.11M.relora_diag_gated_S3neg_drops - step=3650/5000 train_loss=10.1898 lr=2.56e-04 elapsed=142s
[2026-05-12 12:52:23,694] INFO stage2.11M.relora_diag_gated_S3neg_drops - step=3700/5000 train_loss=10.1872 lr=2.46e-04 elapsed=143s
[2026-05-12 12:52:25,413] INFO stage2.11M.relora_diag_gated_S3neg_drops - step=3750/5000 train_loss=10.1833 lr=2.36e-04 elapsed=145s
[2026-05-12 12:52:26,095] INFO stage2.11M.relora_diag_gated_S3neg_drops - step=3750 VAL_LOSS=10.1660  ppl=26004.57
[2026-05-12 12:52:27,815] INFO stage2.11M.relora_diag_gated_S3neg_drops - step=3800/5000 train_loss=10.1879 lr=2.25e-04 elapsed=148s
[2026-05-12 12:52:29,536] INFO stage2.11M.relora_diag_gated_S3neg_drops - step=3850/5000 train_loss=10.1861 lr=2.13e-04 elapsed=149s
[2026-05-12 12:52:31,260] INFO stage2.11M.relora_diag_gated_S3neg_drops - step=3900/5000 train_loss=10.1804 lr=2.01e-04 elapsed=151s
[2026-05-12 12:52:32,981] INFO stage2.11M.relora_diag_gated_S3neg_drops - step=3950/5000 train_loss=10.1701 lr=1.89e-04 elapsed=153s
[2026-05-12 12:52:34,702] INFO stage2.11M.relora_diag_gated_S3neg_drops - step=4000/5000 train_loss=10.1786 lr=1.76e-04 elapsed=154s
[2026-05-12 12:52:35,385] INFO stage2.11M.relora_diag_gated_S3neg_drops - step=4000 VAL_LOSS=10.1570  ppl=25770.50
[2026-05-12 12:52:35,623] INFO stage2.11M.relora_diag_gated_S3neg_drops - step=4000 mean_effective_rank=102.793 mean_condition_number=2.89e+04
[2026-05-12 12:52:35,623] INFO stage2.11M.relora_diag_gated_S3neg_drops - === MERGE EVENT 4 at step 4000 (gate=S3_fo_val_signed) ===
[2026-05-12 12:52:36,176] INFO stage2.11M.relora_diag_gated_S3neg_drops - merge stats: total=1024 kept=171 dropped=853 drop_rate=0.833
[2026-05-12 12:52:37,088] INFO stage2.11M.relora_diag_gated_S3neg_drops - step=4000 POST-MERGE VAL_LOSS=10.4129
[2026-05-12 12:52:38,803] INFO stage2.11M.relora_diag_gated_S3neg_drops - step=4050/5000 train_loss=10.3835 lr=7.50e-05 elapsed=159s
[2026-05-12 12:52:40,520] INFO stage2.11M.relora_diag_gated_S3neg_drops - step=4100/5000 train_loss=10.3013 lr=1.50e-04 elapsed=160s
[2026-05-12 12:52:42,238] INFO stage2.11M.relora_diag_gated_S3neg_drops - step=4150/5000 train_loss=10.2637 lr=2.25e-04 elapsed=162s
[2026-05-12 12:52:43,960] INFO stage2.11M.relora_diag_gated_S3neg_drops - step=4200/5000 train_loss=10.2250 lr=3.00e-04 elapsed=164s
[2026-05-12 12:52:45,684] INFO stage2.11M.relora_diag_gated_S3neg_drops - step=4250/5000 train_loss=10.2192 lr=2.97e-04 elapsed=165s
[2026-05-12 12:52:46,367] INFO stage2.11M.relora_diag_gated_S3neg_drops - step=4250 VAL_LOSS=10.1960  ppl=26794.88
[2026-05-12 12:52:48,091] INFO stage2.11M.relora_diag_gated_S3neg_drops - step=4300/5000 train_loss=10.2107 lr=2.89e-04 elapsed=168s
[2026-05-12 12:52:49,816] INFO stage2.11M.relora_diag_gated_S3neg_drops - step=4350/5000 train_loss=10.2116 lr=2.75e-04 elapsed=170s
[2026-05-12 12:52:51,543] INFO stage2.11M.relora_diag_gated_S3neg_drops - step=4400/5000 train_loss=10.1923 lr=2.56e-04 elapsed=171s
[2026-05-12 12:52:53,267] INFO stage2.11M.relora_diag_gated_S3neg_drops - step=4450/5000 train_loss=10.1910 lr=2.33e-04 elapsed=173s
[2026-05-12 12:52:54,990] INFO stage2.11M.relora_diag_gated_S3neg_drops - step=4500/5000 train_loss=10.1883 lr=2.07e-04 elapsed=175s
[2026-05-12 12:52:55,672] INFO stage2.11M.relora_diag_gated_S3neg_drops - step=4500 VAL_LOSS=10.1737  ppl=26205.42
[2026-05-12 12:52:55,906] INFO stage2.11M.relora_diag_gated_S3neg_drops - step=4500 mean_effective_rank=107.038 mean_condition_number=2.57e+04
[2026-05-12 12:52:57,619] INFO stage2.11M.relora_diag_gated_S3neg_drops - step=4550/5000 train_loss=10.1922 lr=1.79e-04 elapsed=177s
[2026-05-12 12:52:59,338] INFO stage2.11M.relora_diag_gated_S3neg_drops - step=4600/5000 train_loss=10.1866 lr=1.50e-04 elapsed=179s
[2026-05-12 12:53:01,058] INFO stage2.11M.relora_diag_gated_S3neg_drops - step=4650/5000 train_loss=10.1869 lr=1.21e-04 elapsed=181s
[2026-05-12 12:53:02,779] INFO stage2.11M.relora_diag_gated_S3neg_drops - step=4700/5000 train_loss=10.1842 lr=9.26e-05 elapsed=183s
[2026-05-12 12:53:04,498] INFO stage2.11M.relora_diag_gated_S3neg_drops - step=4750/5000 train_loss=10.1812 lr=6.67e-05 elapsed=184s
[2026-05-12 12:53:05,180] INFO stage2.11M.relora_diag_gated_S3neg_drops - step=4750 VAL_LOSS=10.1656  ppl=25994.30
[2026-05-12 12:53:06,899] INFO stage2.11M.relora_diag_gated_S3neg_drops - step=4800/5000 train_loss=10.1823 lr=4.39e-05 elapsed=187s
[2026-05-12 12:53:08,616] INFO stage2.11M.relora_diag_gated_S3neg_drops - step=4850/5000 train_loss=10.1779 lr=2.53e-05 elapsed=188s
[2026-05-12 12:53:10,334] INFO stage2.11M.relora_diag_gated_S3neg_drops - step=4900/5000 train_loss=10.1760 lr=1.14e-05 elapsed=190s
[2026-05-12 12:53:12,060] INFO stage2.11M.relora_diag_gated_S3neg_drops - step=4950/5000 train_loss=10.1813 lr=2.88e-06 elapsed=192s
[2026-05-12 12:53:13,783] INFO stage2.11M.relora_diag_gated_S3neg_drops - step=5000/5000 train_loss=10.1842 lr=0.00e+00 elapsed=194s
[2026-05-12 12:53:14,467] INFO stage2.11M.relora_diag_gated_S3neg_drops - step=5000 VAL_LOSS=10.1635  ppl=25940.14
[2026-05-12 12:53:14,710] INFO stage2.11M.relora_diag_gated_S3neg_drops - step=5000 mean_effective_rank=105.556 mean_condition_number=5.35e+04
[2026-05-12 12:53:14,710] INFO stage2.11M.relora_diag_gated_S3neg_drops - === MERGE EVENT 5 at step 5000 (gate=S3_fo_val_signed) ===
[2026-05-12 12:53:15,258] INFO stage2.11M.relora_diag_gated_S3neg_drops - merge stats: total=1024 kept=94 dropped=930 drop_rate=0.908
[2026-05-12 12:53:16,172] INFO stage2.11M.relora_diag_gated_S3neg_drops - step=5000 POST-MERGE VAL_LOSS=10.4015
[2026-05-12 12:53:16,173] INFO stage2.11M.relora_diag_gated_S3neg_drops - training done in 195.9s
[2026-05-12 12:53:16,999] INFO stage2.11M.relora_diag_gated_S3neg_drops - FINAL VAL_LOSS=10.4026  ppl=32944.96
[2026-05-12 12:53:17,231] INFO stage2.11M.relora_diag_gated_S3neg_drops - summary.json written
