[2026-05-21 04:10:48,058] INFO stage3.gemma3-12b.metamathqa-10k.dora - START stage3 model=/mnt/cpfs/junlongke/onlinelora/models/gemma-3-12b-it dataset=metamathqa-10k method=dora out=/mnt/cpfs/junlongke/onlinelora/lora_obd/results/stage3_v2/gemma3-12b/metamathqa-10k/dora/seed42
[2026-05-21 04:10:50,117] INFO stage3.gemma3-12b.metamathqa-10k.dora - tokenizer loaded in 1.1s, vocab=262144
[2026-05-21 04:10:50,117] INFO stage3.gemma3-12b.metamathqa-10k.dora - loading MetaMathQA from /mnt/cpfs/junlongke/onlinelora/datasets/MetaMathQA
[2026-05-21 04:10:51,485] INFO stage3.gemma3-12b.metamathqa-10k.dora - metamathqa train=10000 val=500
[2026-05-21 04:10:55,586] INFO stage3.gemma3-12b.metamathqa-10k.dora - metamathqa tokenized: train 10000 val 500
[2026-05-21 04:10:55,877] INFO stage3.gemma3-12b.metamathqa-10k.dora - data prepared in 5.8s
[2026-05-21 04:11:02,999] INFO stage3.gemma3-12b.metamathqa-10k.dora - model loaded in 7.1s
[2026-05-21 04:11:17,492] INFO stage3.gemma3-12b.metamathqa-10k.dora - #LoRA layers=417 #components=6672
[2026-05-21 04:11:17,502] INFO stage3.gemma3-12b.metamathqa-10k.dora - #trainable params=70.79M
[2026-05-21 04:11:28,865] INFO stage3.gemma3-12b.metamathqa-10k.dora - [step 0] mean_ER=1515.00 mean_CN=1.01e+06 (sampled 8 layers)
[2026-05-21 04:11:28,865] INFO stage3.gemma3-12b.metamathqa-10k.dora - merge events scheduled at: []
[2026-05-21 04:36:26,156] INFO stage3.gemma3-12b.metamathqa-10k.dora - step=25/800 train_loss=0.8880 lr=5.00e-05 elapsed=1497s
[2026-05-21 05:01:46,060] INFO stage3.gemma3-12b.metamathqa-10k.dora - step=50/800 train_loss=0.2898 lr=1.00e-04 elapsed=3017s
[2026-05-21 05:01:46,892] INFO stage3.gemma3-12b.metamathqa-10k.dora - periodic ckpt saved: /mnt/cpfs/junlongke/onlinelora/lora_obd/results/stage3_v2/gemma3-12b/metamathqa-10k/dora/seed42/checkpoints/step_000050
[2026-05-21 05:27:17,243] INFO stage3.gemma3-12b.metamathqa-10k.dora - step=75/800 train_loss=0.2205 lr=1.50e-04 elapsed=4548s
[2026-05-21 05:52:15,263] INFO stage3.gemma3-12b.metamathqa-10k.dora - step=100/800 train_loss=0.2066 lr=2.00e-04 elapsed=6046s
[2026-05-21 05:52:16,112] INFO stage3.gemma3-12b.metamathqa-10k.dora - periodic ckpt saved: /mnt/cpfs/junlongke/onlinelora/lora_obd/results/stage3_v2/gemma3-12b/metamathqa-10k/dora/seed42/checkpoints/step_000100
[2026-05-21 06:18:06,663] INFO stage3.gemma3-12b.metamathqa-10k.dora - step=125/800 train_loss=0.1847 lr=1.99e-04 elapsed=7598s
[2026-05-21 06:43:45,441] INFO stage3.gemma3-12b.metamathqa-10k.dora - step=150/800 train_loss=0.1861 lr=1.97e-04 elapsed=9137s
[2026-05-21 06:43:46,269] INFO stage3.gemma3-12b.metamathqa-10k.dora - periodic ckpt saved: /mnt/cpfs/junlongke/onlinelora/lora_obd/results/stage3_v2/gemma3-12b/metamathqa-10k/dora/seed42/checkpoints/step_000150
[2026-05-21 07:09:29,042] INFO stage3.gemma3-12b.metamathqa-10k.dora - step=175/800 train_loss=0.1826 lr=1.94e-04 elapsed=10680s
[2026-05-21 07:35:24,299] INFO stage3.gemma3-12b.metamathqa-10k.dora - step=200/800 train_loss=0.1779 lr=1.90e-04 elapsed=12235s
[2026-05-21 07:35:25,153] INFO stage3.gemma3-12b.metamathqa-10k.dora - periodic ckpt saved: /mnt/cpfs/junlongke/onlinelora/lora_obd/results/stage3_v2/gemma3-12b/metamathqa-10k/dora/seed42/checkpoints/step_000200
[2026-05-21 08:01:51,079] INFO stage3.gemma3-12b.metamathqa-10k.dora - step=225/800 train_loss=0.1771 lr=1.85e-04 elapsed=13822s
[2026-05-21 08:26:57,580] INFO stage3.gemma3-12b.metamathqa-10k.dora - step=250/800 train_loss=0.1694 lr=1.78e-04 elapsed=15329s
[2026-05-21 08:26:58,383] INFO stage3.gemma3-12b.metamathqa-10k.dora - periodic ckpt saved: /mnt/cpfs/junlongke/onlinelora/lora_obd/results/stage3_v2/gemma3-12b/metamathqa-10k/dora/seed42/checkpoints/step_000250
[2026-05-21 08:28:55,034] INFO stage3.gemma3-12b.metamathqa-10k.dora - step=250 VAL_LOSS=0.1723
[2026-05-21 08:28:55,874] INFO stage3.gemma3-12b.metamathqa-10k.dora - best ckpt updated: step=250 val_loss=0.1723
[2026-05-21 08:54:04,209] INFO stage3.gemma3-12b.metamathqa-10k.dora - step=275/800 train_loss=0.1675 lr=1.71e-04 elapsed=16955s
[2026-05-21 09:19:36,554] INFO stage3.gemma3-12b.metamathqa-10k.dora - step=300/800 train_loss=0.1735 lr=1.62e-04 elapsed=18488s
[2026-05-21 09:19:37,440] INFO stage3.gemma3-12b.metamathqa-10k.dora - periodic ckpt saved: /mnt/cpfs/junlongke/onlinelora/lora_obd/results/stage3_v2/gemma3-12b/metamathqa-10k/dora/seed42/checkpoints/step_000300
[2026-05-21 09:45:40,283] INFO stage3.gemma3-12b.metamathqa-10k.dora - step=325/800 train_loss=0.1503 lr=1.53e-04 elapsed=20051s
[2026-05-21 10:11:39,717] INFO stage3.gemma3-12b.metamathqa-10k.dora - step=350/800 train_loss=0.1389 lr=1.43e-04 elapsed=21611s
[2026-05-21 10:11:40,644] INFO stage3.gemma3-12b.metamathqa-10k.dora - periodic ckpt saved: /mnt/cpfs/junlongke/onlinelora/lora_obd/results/stage3_v2/gemma3-12b/metamathqa-10k/dora/seed42/checkpoints/step_000350
[2026-05-21 10:37:05,687] INFO stage3.gemma3-12b.metamathqa-10k.dora - step=375/800 train_loss=0.1358 lr=1.33e-04 elapsed=23137s
[2026-05-21 11:02:54,220] INFO stage3.gemma3-12b.metamathqa-10k.dora - step=400/800 train_loss=0.1366 lr=1.22e-04 elapsed=24685s
[2026-05-21 11:02:55,290] INFO stage3.gemma3-12b.metamathqa-10k.dora - periodic ckpt saved: /mnt/cpfs/junlongke/onlinelora/lora_obd/results/stage3_v2/gemma3-12b/metamathqa-10k/dora/seed42/checkpoints/step_000400
[2026-05-21 11:29:07,956] INFO stage3.gemma3-12b.metamathqa-10k.dora - step=425/800 train_loss=0.1350 lr=1.11e-04 elapsed=26259s
[2026-05-21 11:53:44,394] INFO stage3.gemma3-12b.metamathqa-10k.dora - step=450/800 train_loss=0.1375 lr=1.00e-04 elapsed=27736s
[2026-05-21 11:53:45,277] INFO stage3.gemma3-12b.metamathqa-10k.dora - periodic ckpt saved: /mnt/cpfs/junlongke/onlinelora/lora_obd/results/stage3_v2/gemma3-12b/metamathqa-10k/dora/seed42/checkpoints/step_000450
