[2026-05-19 10:22:23,962] INFO stage3.acereason-7b.tulu3-sft.relora_diag_gated_S3pos - START stage3 model=/mnt/cpfs/junlongke/onlinelora/models/AceReason-Nemotron-7B dataset=tulu3-sft method=relora_diag_gated_S3pos out=/mnt/cpfs/junlongke/onlinelora/lora_obd/results/stage3_v2/acereason-7b/tulu3-sft/relora_diag_gated_S3pos/seed42
[2026-05-19 10:22:25,171] INFO stage3.acereason-7b.tulu3-sft.relora_diag_gated_S3pos - tokenizer loaded in 0.4s, vocab=151643
[2026-05-19 10:22:25,171] INFO stage3.acereason-7b.tulu3-sft.relora_diag_gated_S3pos - loading tulu-3-sft-mixture from /mnt/cpfs/junlongke/onlinelora/datasets/tulu-3-sft-mixture
[2026-05-19 10:22:26,947] INFO stage3.acereason-7b.tulu3-sft.relora_diag_gated_S3pos - tulu3-sft train=10000 val=500
[2026-05-19 10:22:43,450] INFO stage3.acereason-7b.tulu3-sft.relora_diag_gated_S3pos - tulu3-sft tokenized: train 10000 val 500
[2026-05-19 10:22:43,703] INFO stage3.acereason-7b.tulu3-sft.relora_diag_gated_S3pos - data prepared in 18.5s
[2026-05-19 10:22:45,022] INFO stage3.acereason-7b.tulu3-sft.relora_diag_gated_S3pos - model loaded in 1.3s
[2026-05-19 10:22:52,432] INFO stage3.acereason-7b.tulu3-sft.relora_diag_gated_S3pos - #LoRA layers=196 #components=3136
[2026-05-19 10:22:52,437] INFO stage3.acereason-7b.tulu3-sft.relora_diag_gated_S3pos - #trainable params=40.37M
[2026-05-19 10:23:07,039] INFO stage3.acereason-7b.tulu3-sft.relora_diag_gated_S3pos - [step 0] mean_ER=1464.91 mean_CN=8.22e+04 (sampled 8 layers)
[2026-05-19 10:23:07,040] INFO stage3.acereason-7b.tulu3-sft.relora_diag_gated_S3pos - merge events scheduled at: [500, 1000, 1500, 2000, 2500, 3000]
[2026-05-19 10:27:02,516] INFO stage3.acereason-7b.tulu3-sft.relora_diag_gated_S3pos - step=25/3000 train_loss=2.7071 lr=5.00e-05 elapsed=235s
[2026-05-19 10:31:03,739] INFO stage3.acereason-7b.tulu3-sft.relora_diag_gated_S3pos - step=50/3000 train_loss=2.0726 lr=1.00e-04 elapsed=477s
[2026-05-19 10:31:04,132] INFO stage3.acereason-7b.tulu3-sft.relora_diag_gated_S3pos - periodic ckpt saved: /mnt/cpfs/junlongke/onlinelora/lora_obd/results/stage3_v2/acereason-7b/tulu3-sft/relora_diag_gated_S3pos/seed42/checkpoints/step_000050
[2026-05-19 10:35:03,259] INFO stage3.acereason-7b.tulu3-sft.relora_diag_gated_S3pos - step=75/3000 train_loss=1.9262 lr=1.50e-04 elapsed=716s
[2026-05-19 10:38:55,043] INFO stage3.acereason-7b.tulu3-sft.relora_diag_gated_S3pos - step=100/3000 train_loss=1.9645 lr=2.00e-04 elapsed=948s
[2026-05-19 10:38:57,646] INFO stage3.acereason-7b.tulu3-sft.relora_diag_gated_S3pos - periodic ckpt saved: /mnt/cpfs/junlongke/onlinelora/lora_obd/results/stage3_v2/acereason-7b/tulu3-sft/relora_diag_gated_S3pos/seed42/checkpoints/step_000100
[2026-05-19 10:42:42,235] INFO stage3.acereason-7b.tulu3-sft.relora_diag_gated_S3pos - step=125/3000 train_loss=1.8425 lr=2.00e-04 elapsed=1175s
[2026-05-19 10:46:39,332] INFO stage3.acereason-7b.tulu3-sft.relora_diag_gated_S3pos - step=150/3000 train_loss=1.9188 lr=2.00e-04 elapsed=1412s
[2026-05-19 10:46:39,704] INFO stage3.acereason-7b.tulu3-sft.relora_diag_gated_S3pos - periodic ckpt saved: /mnt/cpfs/junlongke/onlinelora/lora_obd/results/stage3_v2/acereason-7b/tulu3-sft/relora_diag_gated_S3pos/seed42/checkpoints/step_000150
[2026-05-19 10:50:37,091] INFO stage3.acereason-7b.tulu3-sft.relora_diag_gated_S3pos - step=175/3000 train_loss=1.8002 lr=2.00e-04 elapsed=1650s
[2026-05-19 10:54:23,278] INFO stage3.acereason-7b.tulu3-sft.relora_diag_gated_S3pos - step=200/3000 train_loss=1.8696 lr=1.99e-04 elapsed=1876s
[2026-05-19 10:54:23,667] INFO stage3.acereason-7b.tulu3-sft.relora_diag_gated_S3pos - periodic ckpt saved: /mnt/cpfs/junlongke/onlinelora/lora_obd/results/stage3_v2/acereason-7b/tulu3-sft/relora_diag_gated_S3pos/seed42/checkpoints/step_000200
[2026-05-19 10:58:27,548] INFO stage3.acereason-7b.tulu3-sft.relora_diag_gated_S3pos - step=225/3000 train_loss=1.8256 lr=1.99e-04 elapsed=2121s
[2026-05-19 11:02:23,279] INFO stage3.acereason-7b.tulu3-sft.relora_diag_gated_S3pos - step=250/3000 train_loss=1.7900 lr=1.99e-04 elapsed=2356s
[2026-05-19 11:02:23,659] INFO stage3.acereason-7b.tulu3-sft.relora_diag_gated_S3pos - periodic ckpt saved: /mnt/cpfs/junlongke/onlinelora/lora_obd/results/stage3_v2/acereason-7b/tulu3-sft/relora_diag_gated_S3pos/seed42/checkpoints/step_000250
[2026-05-19 11:03:06,595] INFO stage3.acereason-7b.tulu3-sft.relora_diag_gated_S3pos - step=250 VAL_LOSS=1.8577
[2026-05-19 11:03:06,978] INFO stage3.acereason-7b.tulu3-sft.relora_diag_gated_S3pos - best ckpt updated: step=250 val_loss=1.8577
[2026-05-19 11:06:55,380] INFO stage3.acereason-7b.tulu3-sft.relora_diag_gated_S3pos - step=275/3000 train_loss=1.7862 lr=1.98e-04 elapsed=2628s
[2026-05-19 11:10:48,290] INFO stage3.acereason-7b.tulu3-sft.relora_diag_gated_S3pos - step=300/3000 train_loss=1.8917 lr=1.98e-04 elapsed=2861s
[2026-05-19 11:10:48,653] INFO stage3.acereason-7b.tulu3-sft.relora_diag_gated_S3pos - periodic ckpt saved: /mnt/cpfs/junlongke/onlinelora/lora_obd/results/stage3_v2/acereason-7b/tulu3-sft/relora_diag_gated_S3pos/seed42/checkpoints/step_000300
[2026-05-19 11:14:44,567] INFO stage3.acereason-7b.tulu3-sft.relora_diag_gated_S3pos - step=325/3000 train_loss=1.8230 lr=1.97e-04 elapsed=3098s
[2026-05-19 11:18:39,758] INFO stage3.acereason-7b.tulu3-sft.relora_diag_gated_S3pos - step=350/3000 train_loss=1.7209 lr=1.96e-04 elapsed=3333s
[2026-05-19 11:18:40,118] INFO stage3.acereason-7b.tulu3-sft.relora_diag_gated_S3pos - periodic ckpt saved: /mnt/cpfs/junlongke/onlinelora/lora_obd/results/stage3_v2/acereason-7b/tulu3-sft/relora_diag_gated_S3pos/seed42/checkpoints/step_000350
[2026-05-19 11:22:32,972] INFO stage3.acereason-7b.tulu3-sft.relora_diag_gated_S3pos - step=375/3000 train_loss=1.7323 lr=1.96e-04 elapsed=3566s
[2026-05-19 11:26:25,619] INFO stage3.acereason-7b.tulu3-sft.relora_diag_gated_S3pos - step=400/3000 train_loss=1.7120 lr=1.95e-04 elapsed=3799s
[2026-05-19 11:26:25,997] INFO stage3.acereason-7b.tulu3-sft.relora_diag_gated_S3pos - periodic ckpt saved: /mnt/cpfs/junlongke/onlinelora/lora_obd/results/stage3_v2/acereason-7b/tulu3-sft/relora_diag_gated_S3pos/seed42/checkpoints/step_000400
[2026-05-19 11:30:21,443] INFO stage3.acereason-7b.tulu3-sft.relora_diag_gated_S3pos - step=425/3000 train_loss=1.7218 lr=1.94e-04 elapsed=4034s
[2026-05-19 11:34:13,059] INFO stage3.acereason-7b.tulu3-sft.relora_diag_gated_S3pos - step=450/3000 train_loss=1.7295 lr=1.93e-04 elapsed=4266s
[2026-05-19 11:34:13,602] INFO stage3.acereason-7b.tulu3-sft.relora_diag_gated_S3pos - periodic ckpt saved: /mnt/cpfs/junlongke/onlinelora/lora_obd/results/stage3_v2/acereason-7b/tulu3-sft/relora_diag_gated_S3pos/seed42/checkpoints/step_000450
[2026-05-19 11:38:07,348] INFO stage3.acereason-7b.tulu3-sft.relora_diag_gated_S3pos - step=475/3000 train_loss=1.7151 lr=1.92e-04 elapsed=4500s
[2026-05-19 11:41:52,180] INFO stage3.acereason-7b.tulu3-sft.relora_diag_gated_S3pos - step=500/3000 train_loss=1.7649 lr=1.91e-04 elapsed=4725s
[2026-05-19 11:41:52,569] INFO stage3.acereason-7b.tulu3-sft.relora_diag_gated_S3pos - periodic ckpt saved: /mnt/cpfs/junlongke/onlinelora/lora_obd/results/stage3_v2/acereason-7b/tulu3-sft/relora_diag_gated_S3pos/seed42/checkpoints/step_000500
[2026-05-19 11:42:35,496] INFO stage3.acereason-7b.tulu3-sft.relora_diag_gated_S3pos - step=500 VAL_LOSS=1.8356
[2026-05-19 11:42:35,872] INFO stage3.acereason-7b.tulu3-sft.relora_diag_gated_S3pos - best ckpt updated: step=500 val_loss=1.8356
[2026-05-19 11:42:46,793] INFO stage3.acereason-7b.tulu3-sft.relora_diag_gated_S3pos - step=500 mean_ER=1464.99 mean_CN=7.63e+05
[2026-05-19 11:42:46,793] INFO stage3.acereason-7b.tulu3-sft.relora_diag_gated_S3pos - === MERGE EVENT 1 at step 500 (method=relora_diag_gated_S3pos) ===
[2026-05-19 11:42:54,335] INFO stage3.acereason-7b.tulu3-sft.relora_diag_gated_S3pos - merge: total=3136 kept=1506 drop_rate=0.520
[2026-05-19 11:43:48,084] INFO stage3.acereason-7b.tulu3-sft.relora_diag_gated_S3pos - step=500 POST-MERGE VAL_LOSS=1.9308 (first_eval=1.8577430391311645)
[2026-05-19 11:47:39,041] INFO stage3.acereason-7b.tulu3-sft.relora_diag_gated_S3pos - step=525/3000 train_loss=1.8837 lr=5.00e-05 elapsed=5072s
[2026-05-19 11:51:45,435] INFO stage3.acereason-7b.tulu3-sft.relora_diag_gated_S3pos - step=550/3000 train_loss=1.8211 lr=1.00e-04 elapsed=5318s
[2026-05-19 11:51:45,806] INFO stage3.acereason-7b.tulu3-sft.relora_diag_gated_S3pos - periodic ckpt saved: /mnt/cpfs/junlongke/onlinelora/lora_obd/results/stage3_v2/acereason-7b/tulu3-sft/relora_diag_gated_S3pos/seed42/checkpoints/step_000550
[2026-05-19 11:55:35,491] INFO stage3.acereason-7b.tulu3-sft.relora_diag_gated_S3pos - step=575/3000 train_loss=1.7758 lr=1.50e-04 elapsed=5548s
[2026-05-19 11:59:27,184] INFO stage3.acereason-7b.tulu3-sft.relora_diag_gated_S3pos - step=600/3000 train_loss=1.7721 lr=2.00e-04 elapsed=5780s
[2026-05-19 11:59:27,819] INFO stage3.acereason-7b.tulu3-sft.relora_diag_gated_S3pos - periodic ckpt saved: /mnt/cpfs/junlongke/onlinelora/lora_obd/results/stage3_v2/acereason-7b/tulu3-sft/relora_diag_gated_S3pos/seed42/checkpoints/step_000600
[2026-05-19 12:03:17,323] INFO stage3.acereason-7b.tulu3-sft.relora_diag_gated_S3pos - step=625/3000 train_loss=1.7099 lr=2.00e-04 elapsed=6010s
[2026-05-19 12:07:03,740] INFO stage3.acereason-7b.tulu3-sft.relora_diag_gated_S3pos - step=650/3000 train_loss=1.6520 lr=2.00e-04 elapsed=6237s
[2026-05-19 12:07:05,674] INFO stage3.acereason-7b.tulu3-sft.relora_diag_gated_S3pos - periodic ckpt saved: /mnt/cpfs/junlongke/onlinelora/lora_obd/results/stage3_v2/acereason-7b/tulu3-sft/relora_diag_gated_S3pos/seed42/checkpoints/step_000650
[2026-05-19 12:11:02,082] INFO stage3.acereason-7b.tulu3-sft.relora_diag_gated_S3pos - step=675/3000 train_loss=1.6468 lr=2.00e-04 elapsed=6475s
[2026-05-19 12:15:07,665] INFO stage3.acereason-7b.tulu3-sft.relora_diag_gated_S3pos - step=700/3000 train_loss=1.7046 lr=1.99e-04 elapsed=6721s
[2026-05-19 12:15:08,043] INFO stage3.acereason-7b.tulu3-sft.relora_diag_gated_S3pos - periodic ckpt saved: /mnt/cpfs/junlongke/onlinelora/lora_obd/results/stage3_v2/acereason-7b/tulu3-sft/relora_diag_gated_S3pos/seed42/checkpoints/step_000700
[2026-05-19 12:19:00,353] INFO stage3.acereason-7b.tulu3-sft.relora_diag_gated_S3pos - step=725/3000 train_loss=1.7717 lr=1.99e-04 elapsed=6953s
[2026-05-19 12:22:57,198] INFO stage3.acereason-7b.tulu3-sft.relora_diag_gated_S3pos - step=750/3000 train_loss=1.7499 lr=1.98e-04 elapsed=7190s
[2026-05-19 12:22:57,602] INFO stage3.acereason-7b.tulu3-sft.relora_diag_gated_S3pos - periodic ckpt saved: /mnt/cpfs/junlongke/onlinelora/lora_obd/results/stage3_v2/acereason-7b/tulu3-sft/relora_diag_gated_S3pos/seed42/checkpoints/step_000750
[2026-05-19 12:23:40,556] INFO stage3.acereason-7b.tulu3-sft.relora_diag_gated_S3pos - step=750 VAL_LOSS=1.8388
[2026-05-19 12:27:29,738] INFO stage3.acereason-7b.tulu3-sft.relora_diag_gated_S3pos - step=775/3000 train_loss=1.6364 lr=1.97e-04 elapsed=7463s
[2026-05-19 12:31:38,038] INFO stage3.acereason-7b.tulu3-sft.relora_diag_gated_S3pos - step=800/3000 train_loss=1.7472 lr=1.97e-04 elapsed=7711s
[2026-05-19 12:31:38,396] INFO stage3.acereason-7b.tulu3-sft.relora_diag_gated_S3pos - periodic ckpt saved: /mnt/cpfs/junlongke/onlinelora/lora_obd/results/stage3_v2/acereason-7b/tulu3-sft/relora_diag_gated_S3pos/seed42/checkpoints/step_000800
[2026-05-19 12:35:30,093] INFO stage3.acereason-7b.tulu3-sft.relora_diag_gated_S3pos - step=825/3000 train_loss=1.6955 lr=1.96e-04 elapsed=7943s
[2026-05-19 12:39:26,107] INFO stage3.acereason-7b.tulu3-sft.relora_diag_gated_S3pos - step=850/3000 train_loss=1.6563 lr=1.95e-04 elapsed=8179s
[2026-05-19 12:39:26,469] INFO stage3.acereason-7b.tulu3-sft.relora_diag_gated_S3pos - periodic ckpt saved: /mnt/cpfs/junlongke/onlinelora/lora_obd/results/stage3_v2/acereason-7b/tulu3-sft/relora_diag_gated_S3pos/seed42/checkpoints/step_000850
[2026-05-19 12:43:22,372] INFO stage3.acereason-7b.tulu3-sft.relora_diag_gated_S3pos - step=875/3000 train_loss=1.7646 lr=1.94e-04 elapsed=8415s
[2026-05-19 12:47:22,807] INFO stage3.acereason-7b.tulu3-sft.relora_diag_gated_S3pos - step=900/3000 train_loss=1.6483 lr=1.92e-04 elapsed=8656s
[2026-05-19 12:47:23,170] INFO stage3.acereason-7b.tulu3-sft.relora_diag_gated_S3pos - periodic ckpt saved: /mnt/cpfs/junlongke/onlinelora/lora_obd/results/stage3_v2/acereason-7b/tulu3-sft/relora_diag_gated_S3pos/seed42/checkpoints/step_000900
[2026-05-19 12:51:25,118] INFO stage3.acereason-7b.tulu3-sft.relora_diag_gated_S3pos - step=925/3000 train_loss=1.7339 lr=1.91e-04 elapsed=8898s
[2026-05-19 12:55:20,702] INFO stage3.acereason-7b.tulu3-sft.relora_diag_gated_S3pos - step=950/3000 train_loss=1.6473 lr=1.90e-04 elapsed=9134s
[2026-05-19 12:55:21,093] INFO stage3.acereason-7b.tulu3-sft.relora_diag_gated_S3pos - periodic ckpt saved: /mnt/cpfs/junlongke/onlinelora/lora_obd/results/stage3_v2/acereason-7b/tulu3-sft/relora_diag_gated_S3pos/seed42/checkpoints/step_000950
[2026-05-19 12:59:17,199] INFO stage3.acereason-7b.tulu3-sft.relora_diag_gated_S3pos - step=975/3000 train_loss=1.6087 lr=1.88e-04 elapsed=9370s
[2026-05-19 13:03:12,470] INFO stage3.acereason-7b.tulu3-sft.relora_diag_gated_S3pos - step=1000/3000 train_loss=1.5506 lr=1.87e-04 elapsed=9605s
[2026-05-19 13:03:12,831] INFO stage3.acereason-7b.tulu3-sft.relora_diag_gated_S3pos - periodic ckpt saved: /mnt/cpfs/junlongke/onlinelora/lora_obd/results/stage3_v2/acereason-7b/tulu3-sft/relora_diag_gated_S3pos/seed42/checkpoints/step_001000
[2026-05-19 13:03:55,891] INFO stage3.acereason-7b.tulu3-sft.relora_diag_gated_S3pos - step=1000 VAL_LOSS=1.8510
[2026-05-19 13:04:06,817] INFO stage3.acereason-7b.tulu3-sft.relora_diag_gated_S3pos - step=1000 mean_ER=1465.04 mean_CN=6.58e+05
[2026-05-19 13:04:06,817] INFO stage3.acereason-7b.tulu3-sft.relora_diag_gated_S3pos - === MERGE EVENT 2 at step 1000 (method=relora_diag_gated_S3pos) ===
[2026-05-19 13:04:13,009] INFO stage3.acereason-7b.tulu3-sft.relora_diag_gated_S3pos - merge: total=3136 kept=1159 drop_rate=0.630
[2026-05-19 13:05:06,921] INFO stage3.acereason-7b.tulu3-sft.relora_diag_gated_S3pos - step=1000 POST-MERGE VAL_LOSS=1.8806 (first_eval=1.8577430391311645)
[2026-05-19 13:09:02,292] INFO stage3.acereason-7b.tulu3-sft.relora_diag_gated_S3pos - step=1025/3000 train_loss=1.6845 lr=5.00e-05 elapsed=9955s
[2026-05-19 13:12:56,049] INFO stage3.acereason-7b.tulu3-sft.relora_diag_gated_S3pos - step=1050/3000 train_loss=1.7062 lr=1.00e-04 elapsed=10189s
[2026-05-19 13:12:56,430] INFO stage3.acereason-7b.tulu3-sft.relora_diag_gated_S3pos - periodic ckpt saved: /mnt/cpfs/junlongke/onlinelora/lora_obd/results/stage3_v2/acereason-7b/tulu3-sft/relora_diag_gated_S3pos/seed42/checkpoints/step_001050
[2026-05-19 13:16:49,164] INFO stage3.acereason-7b.tulu3-sft.relora_diag_gated_S3pos - step=1075/3000 train_loss=1.6847 lr=1.50e-04 elapsed=10422s
[2026-05-19 13:20:39,254] INFO stage3.acereason-7b.tulu3-sft.relora_diag_gated_S3pos - step=1100/3000 train_loss=1.6619 lr=2.00e-04 elapsed=10652s
[2026-05-19 13:20:39,645] INFO stage3.acereason-7b.tulu3-sft.relora_diag_gated_S3pos - periodic ckpt saved: /mnt/cpfs/junlongke/onlinelora/lora_obd/results/stage3_v2/acereason-7b/tulu3-sft/relora_diag_gated_S3pos/seed42/checkpoints/step_001100
[2026-05-19 13:24:35,771] INFO stage3.acereason-7b.tulu3-sft.relora_diag_gated_S3pos - step=1125/3000 train_loss=1.6301 lr=2.00e-04 elapsed=10889s
[2026-05-19 13:28:12,299] INFO stage3.acereason-7b.tulu3-sft.relora_diag_gated_S3pos - step=1150/3000 train_loss=1.6830 lr=2.00e-04 elapsed=11105s
[2026-05-19 13:28:12,687] INFO stage3.acereason-7b.tulu3-sft.relora_diag_gated_S3pos - periodic ckpt saved: /mnt/cpfs/junlongke/onlinelora/lora_obd/results/stage3_v2/acereason-7b/tulu3-sft/relora_diag_gated_S3pos/seed42/checkpoints/step_001150
[2026-05-19 13:32:05,034] INFO stage3.acereason-7b.tulu3-sft.relora_diag_gated_S3pos - step=1175/3000 train_loss=1.7152 lr=1.99e-04 elapsed=11338s
[2026-05-19 13:35:56,595] INFO stage3.acereason-7b.tulu3-sft.relora_diag_gated_S3pos - step=1200/3000 train_loss=1.7256 lr=1.99e-04 elapsed=11570s
[2026-05-19 13:35:56,971] INFO stage3.acereason-7b.tulu3-sft.relora_diag_gated_S3pos - periodic ckpt saved: /mnt/cpfs/junlongke/onlinelora/lora_obd/results/stage3_v2/acereason-7b/tulu3-sft/relora_diag_gated_S3pos/seed42/checkpoints/step_001200
[2026-05-19 13:39:57,059] INFO stage3.acereason-7b.tulu3-sft.relora_diag_gated_S3pos - step=1225/3000 train_loss=1.6382 lr=1.98e-04 elapsed=11810s
[2026-05-19 13:43:54,899] INFO stage3.acereason-7b.tulu3-sft.relora_diag_gated_S3pos - step=1250/3000 train_loss=1.6701 lr=1.97e-04 elapsed=12048s
[2026-05-19 13:43:55,249] INFO stage3.acereason-7b.tulu3-sft.relora_diag_gated_S3pos - periodic ckpt saved: /mnt/cpfs/junlongke/onlinelora/lora_obd/results/stage3_v2/acereason-7b/tulu3-sft/relora_diag_gated_S3pos/seed42/checkpoints/step_001250
[2026-05-19 13:44:38,194] INFO stage3.acereason-7b.tulu3-sft.relora_diag_gated_S3pos - step=1250 VAL_LOSS=1.8279
[2026-05-19 13:44:38,550] INFO stage3.acereason-7b.tulu3-sft.relora_diag_gated_S3pos - best ckpt updated: step=1250 val_loss=1.8279
[2026-05-19 13:48:28,904] INFO stage3.acereason-7b.tulu3-sft.relora_diag_gated_S3pos - step=1275/3000 train_loss=1.6467 lr=1.96e-04 elapsed=12322s
[2026-05-19 13:52:13,692] INFO stage3.acereason-7b.tulu3-sft.relora_diag_gated_S3pos - step=1300/3000 train_loss=1.5551 lr=1.95e-04 elapsed=12547s
[2026-05-19 13:52:14,069] INFO stage3.acereason-7b.tulu3-sft.relora_diag_gated_S3pos - periodic ckpt saved: /mnt/cpfs/junlongke/onlinelora/lora_obd/results/stage3_v2/acereason-7b/tulu3-sft/relora_diag_gated_S3pos/seed42/checkpoints/step_001300
[2026-05-19 13:56:11,229] INFO stage3.acereason-7b.tulu3-sft.relora_diag_gated_S3pos - step=1325/3000 train_loss=1.6759 lr=1.93e-04 elapsed=12784s
[2026-05-19 14:00:13,640] INFO stage3.acereason-7b.tulu3-sft.relora_diag_gated_S3pos - step=1350/3000 train_loss=1.5775 lr=1.92e-04 elapsed=13027s
[2026-05-19 14:00:14,018] INFO stage3.acereason-7b.tulu3-sft.relora_diag_gated_S3pos - periodic ckpt saved: /mnt/cpfs/junlongke/onlinelora/lora_obd/results/stage3_v2/acereason-7b/tulu3-sft/relora_diag_gated_S3pos/seed42/checkpoints/step_001350
[2026-05-19 14:04:18,844] INFO stage3.acereason-7b.tulu3-sft.relora_diag_gated_S3pos - step=1375/3000 train_loss=1.6919 lr=1.90e-04 elapsed=13272s
[2026-05-19 14:08:10,409] INFO stage3.acereason-7b.tulu3-sft.relora_diag_gated_S3pos - step=1400/3000 train_loss=1.6040 lr=1.88e-04 elapsed=13503s
[2026-05-19 14:08:10,784] INFO stage3.acereason-7b.tulu3-sft.relora_diag_gated_S3pos - periodic ckpt saved: /mnt/cpfs/junlongke/onlinelora/lora_obd/results/stage3_v2/acereason-7b/tulu3-sft/relora_diag_gated_S3pos/seed42/checkpoints/step_001400
[2026-05-19 14:12:02,439] INFO stage3.acereason-7b.tulu3-sft.relora_diag_gated_S3pos - step=1425/3000 train_loss=1.5638 lr=1.86e-04 elapsed=13735s
[2026-05-19 14:15:54,170] INFO stage3.acereason-7b.tulu3-sft.relora_diag_gated_S3pos - step=1450/3000 train_loss=1.6598 lr=1.84e-04 elapsed=13967s
[2026-05-19 14:15:54,532] INFO stage3.acereason-7b.tulu3-sft.relora_diag_gated_S3pos - periodic ckpt saved: /mnt/cpfs/junlongke/onlinelora/lora_obd/results/stage3_v2/acereason-7b/tulu3-sft/relora_diag_gated_S3pos/seed42/checkpoints/step_001450
[2026-05-19 14:19:54,290] INFO stage3.acereason-7b.tulu3-sft.relora_diag_gated_S3pos - step=1475/3000 train_loss=1.5538 lr=1.81e-04 elapsed=14207s
[2026-05-19 14:23:46,727] INFO stage3.acereason-7b.tulu3-sft.relora_diag_gated_S3pos - step=1500/3000 train_loss=1.6133 lr=1.79e-04 elapsed=14440s
[2026-05-19 14:23:47,095] INFO stage3.acereason-7b.tulu3-sft.relora_diag_gated_S3pos - periodic ckpt saved: /mnt/cpfs/junlongke/onlinelora/lora_obd/results/stage3_v2/acereason-7b/tulu3-sft/relora_diag_gated_S3pos/seed42/checkpoints/step_001500
[2026-05-19 14:24:30,073] INFO stage3.acereason-7b.tulu3-sft.relora_diag_gated_S3pos - step=1500 VAL_LOSS=1.8405
[2026-05-19 14:24:40,970] INFO stage3.acereason-7b.tulu3-sft.relora_diag_gated_S3pos - step=1500 mean_ER=1465.09 mean_CN=1.68e+05
[2026-05-19 14:24:40,970] INFO stage3.acereason-7b.tulu3-sft.relora_diag_gated_S3pos - === MERGE EVENT 3 at step 1500 (method=relora_diag_gated_S3pos) ===
[2026-05-19 14:24:46,541] INFO stage3.acereason-7b.tulu3-sft.relora_diag_gated_S3pos - merge: total=3136 kept=1320 drop_rate=0.579
[2026-05-19 14:25:41,050] INFO stage3.acereason-7b.tulu3-sft.relora_diag_gated_S3pos - step=1500 POST-MERGE VAL_LOSS=1.8476 (first_eval=1.8577430391311645)
[2026-05-19 14:29:36,917] INFO stage3.acereason-7b.tulu3-sft.relora_diag_gated_S3pos - step=1525/3000 train_loss=1.6289 lr=5.00e-05 elapsed=14790s
[2026-05-19 14:33:35,256] INFO stage3.acereason-7b.tulu3-sft.relora_diag_gated_S3pos - step=1550/3000 train_loss=1.6011 lr=1.00e-04 elapsed=15028s
[2026-05-19 14:33:35,659] INFO stage3.acereason-7b.tulu3-sft.relora_diag_gated_S3pos - periodic ckpt saved: /mnt/cpfs/junlongke/onlinelora/lora_obd/results/stage3_v2/acereason-7b/tulu3-sft/relora_diag_gated_S3pos/seed42/checkpoints/step_001550
[2026-05-19 14:37:27,593] INFO stage3.acereason-7b.tulu3-sft.relora_diag_gated_S3pos - step=1575/3000 train_loss=1.6623 lr=1.50e-04 elapsed=15261s
[2026-05-19 14:41:24,301] INFO stage3.acereason-7b.tulu3-sft.relora_diag_gated_S3pos - step=1600/3000 train_loss=1.5579 lr=2.00e-04 elapsed=15497s
[2026-05-19 14:41:24,667] INFO stage3.acereason-7b.tulu3-sft.relora_diag_gated_S3pos - periodic ckpt saved: /mnt/cpfs/junlongke/onlinelora/lora_obd/results/stage3_v2/acereason-7b/tulu3-sft/relora_diag_gated_S3pos/seed42/checkpoints/step_001600
[2026-05-19 14:45:18,663] INFO stage3.acereason-7b.tulu3-sft.relora_diag_gated_S3pos - step=1625/3000 train_loss=1.6325 lr=2.00e-04 elapsed=15732s
